2025-10-22 16:39:51.472 | INFO     | tracefuzz.lib.fuzz.fuzz_dataset:calc_initial_seed_coverage_dataset:130 - Calculating initial seed coverage for the dataset....
2025-10-22 16:42:51.738 | INFO     | tracefuzz.lib.fuzz.fuzz_dataset:calc_initial_seed_coverage_dataset:141 - Initial coverage after executing all seeds: 195921 bits.
2025-10-22 16:42:51.739 | INFO     | __main__:<module>:200 - DyFuzz test nltk
2025-10-22 16:42:51.739 | INFO     | __main__:<module>:203 - nltk has 23 apis
2025-10-22 16:42:51.739 | INFO     | __main__:<module>:211 - DyFuzz nltk sem.boolean_ops 0
2025-10-22 16:42:51.740 | DEBUG    | __main__:<module>:213 - nltk.sem.boolean_ops has 0 params, run once
2025-10-22 16:42:51.854 | INFO     | __main__:<module>:220 - Fuzz nltk.sem.boolean_ops 0 done
2025-10-22 16:42:51.855 | INFO     | __main__:<module>:221 - Current coverage after fuzzing nltk.sem.boolean_ops: 195921 bits
2025-10-22 16:42:51.855 | INFO     | __main__:<module>:211 - DyFuzz nltk tokenize.word_tokenize 3
2025-10-22 16:42:51.855 | DEBUG    | __main__:<module>:218 - nltk.tokenize.word_tokenize has 3 params, run 100 times
2025-10-22 16:43:02.026 | INFO     | __main__:<module>:220 - Fuzz nltk.tokenize.word_tokenize 3 done
2025-10-22 16:43:02.027 | INFO     | __main__:<module>:221 - Current coverage after fuzzing nltk.tokenize.word_tokenize: 195921 bits
2025-10-22 16:43:02.027 | INFO     | __main__:<module>:211 - DyFuzz nltk tag.tnt.demo 0
2025-10-22 16:43:02.027 | DEBUG    | __main__:<module>:213 - nltk.tag.tnt.demo has 0 params, run once
2025-10-22 16:43:02.151 | INFO     | __main__:<module>:220 - Fuzz nltk.tag.tnt.demo 0 done
2025-10-22 16:43:02.152 | INFO     | __main__:<module>:221 - Current coverage after fuzzing nltk.tag.tnt.demo: 195921 bits
2025-10-22 16:43:02.153 | INFO     | __main__:<module>:211 - DyFuzz nltk sem.logic.read_logic 3
2025-10-22 16:43:02.153 | DEBUG    | __main__:<module>:218 - nltk.sem.logic.read_logic has 3 params, run 100 times
2025-10-22 16:43:12.410 | INFO     | __main__:<module>:220 - Fuzz nltk.sem.logic.read_logic 3 done
2025-10-22 16:43:12.411 | INFO     | __main__:<module>:221 - Current coverage after fuzzing nltk.sem.logic.read_logic: 195921 bits
2025-10-22 16:43:12.411 | INFO     | __main__:<module>:211 - DyFuzz nltk sem.drt.demo 0
2025-10-22 16:43:12.412 | DEBUG    | __main__:<module>:213 - nltk.sem.drt.demo has 0 params, run once
2025-10-22 16:43:12.519 | INFO     | __main__:<module>:220 - Fuzz nltk.sem.drt.demo 0 done
2025-10-22 16:43:12.520 | INFO     | __main__:<module>:221 - Current coverage after fuzzing nltk.sem.drt.demo: 195921 bits
2025-10-22 16:43:12.520 | INFO     | __main__:<module>:211 - DyFuzz nltk chunk.named_entity.find 2
2025-10-22 16:43:12.520 | DEBUG    | __main__:<module>:218 - nltk.chunk.named_entity.find has 2 params, run 100 times
2025-10-22 16:43:22.568 | INFO     | __main__:<module>:220 - Fuzz nltk.chunk.named_entity.find 2 done
2025-10-22 16:43:22.569 | INFO     | __main__:<module>:221 - Current coverage after fuzzing nltk.chunk.named_entity.find: 195921 bits
2025-10-22 16:43:22.570 | INFO     | __main__:<module>:211 - DyFuzz nltk tag.tagset_mapping 2
2025-10-22 16:43:22.570 | DEBUG    | __main__:<module>:218 - nltk.tag.tagset_mapping has 2 params, run 100 times
2025-10-22 16:43:32.625 | INFO     | __main__:<module>:220 - Fuzz nltk.tag.tagset_mapping 2 done
2025-10-22 16:43:32.626 | INFO     | __main__:<module>:221 - Current coverage after fuzzing nltk.tag.tagset_mapping: 195921 bits
2025-10-22 16:43:32.627 | INFO     | __main__:<module>:211 - DyFuzz nltk sem.relextract.rtuple 3
2025-10-22 16:43:32.627 | DEBUG    | __main__:<module>:218 - nltk.sem.relextract.rtuple has 3 params, run 100 times
2025-10-22 16:43:43.099 | INFO     | __main__:<module>:220 - Fuzz nltk.sem.relextract.rtuple 3 done
2025-10-22 16:43:43.101 | INFO     | __main__:<module>:221 - Current coverage after fuzzing nltk.sem.relextract.rtuple: 195921 bits
2025-10-22 16:43:43.101 | INFO     | __main__:<module>:211 - DyFuzz nltk ccg.chart.bothBackward 2
2025-10-22 16:43:43.101 | DEBUG    | __main__:<module>:218 - nltk.ccg.chart.bothBackward has 2 params, run 100 times
2025-10-22 16:43:53.656 | INFO     | __main__:<module>:220 - Fuzz nltk.ccg.chart.bothBackward 2 done
2025-10-22 16:43:53.657 | INFO     | __main__:<module>:221 - Current coverage after fuzzing nltk.ccg.chart.bothBackward: 195921 bits
2025-10-22 16:43:53.657 | INFO     | __main__:<module>:211 - DyFuzz nltk sem.logic.is_indvar 1
2025-10-22 16:43:53.657 | DEBUG    | __main__:<module>:218 - nltk.sem.logic.is_indvar has 1 params, run 100 times
2025-10-22 16:44:04.502 | INFO     | __main__:<module>:220 - Fuzz nltk.sem.logic.is_indvar 1 done
2025-10-22 16:44:04.503 | INFO     | __main__:<module>:221 - Current coverage after fuzzing nltk.sem.logic.is_indvar: 195921 bits
2025-10-22 16:44:04.503 | INFO     | __main__:<module>:211 - DyFuzz nltk parse.dependencygraph.demo 0
2025-10-22 16:44:04.503 | DEBUG    | __main__:<module>:213 - nltk.parse.dependencygraph.demo has 0 params, run once
2025-10-22 16:44:04.601 | INFO     | __main__:<module>:220 - Fuzz nltk.parse.dependencygraph.demo 0 done
2025-10-22 16:44:04.601 | INFO     | __main__:<module>:221 - Current coverage after fuzzing nltk.parse.dependencygraph.demo: 195921 bits
2025-10-22 16:44:04.602 | INFO     | __main__:<module>:211 - DyFuzz nltk sem.evaluate.is_rel 1
2025-10-22 16:44:04.602 | DEBUG    | __main__:<module>:218 - nltk.sem.evaluate.is_rel has 1 params, run 100 times
2025-10-22 16:44:14.965 | INFO     | __main__:<module>:220 - Fuzz nltk.sem.evaluate.is_rel 1 done
2025-10-22 16:44:14.966 | INFO     | __main__:<module>:221 - Current coverage after fuzzing nltk.sem.evaluate.is_rel: 195921 bits
2025-10-22 16:44:14.966 | INFO     | __main__:<module>:211 - DyFuzz nltk parse.featurechart.is_terminal 1
2025-10-22 16:44:14.966 | DEBUG    | __main__:<module>:218 - nltk.parse.featurechart.is_terminal has 1 params, run 100 times
2025-10-22 16:44:25.114 | INFO     | __main__:<module>:220 - Fuzz nltk.parse.featurechart.is_terminal 1 done
2025-10-22 16:44:25.116 | INFO     | __main__:<module>:221 - Current coverage after fuzzing nltk.parse.featurechart.is_terminal: 195921 bits
2025-10-22 16:44:25.116 | INFO     | __main__:<module>:211 - DyFuzz nltk translate.bleu_score.modified_precision 3
2025-10-22 16:44:25.116 | DEBUG    | __main__:<module>:218 - nltk.translate.bleu_score.modified_precision has 3 params, run 100 times
2025-10-22 16:44:35.338 | INFO     | __main__:<module>:220 - Fuzz nltk.translate.bleu_score.modified_precision 3 done
2025-10-22 16:44:35.339 | INFO     | __main__:<module>:221 - Current coverage after fuzzing nltk.translate.bleu_score.modified_precision: 195921 bits
2025-10-22 16:44:35.339 | INFO     | __main__:<module>:211 - DyFuzz nltk sem.util.parse_sents 3
2025-10-22 16:44:35.339 | DEBUG    | __main__:<module>:218 - nltk.sem.util.parse_sents has 3 params, run 100 times
2025-10-22 16:44:45.283 | INFO     | __main__:<module>:220 - Fuzz nltk.sem.util.parse_sents 3 done
2025-10-22 16:44:45.284 | INFO     | __main__:<module>:221 - Current coverage after fuzzing nltk.sem.util.parse_sents: 195921 bits
2025-10-22 16:44:45.284 | INFO     | __main__:<module>:211 - DyFuzz nltk sem.logic.is_eventvar 1
2025-10-22 16:44:45.285 | DEBUG    | __main__:<module>:218 - nltk.sem.logic.is_eventvar has 1 params, run 100 times
2025-10-22 16:44:55.606 | INFO     | __main__:<module>:220 - Fuzz nltk.sem.logic.is_eventvar 1 done
2025-10-22 16:44:55.607 | INFO     | __main__:<module>:221 - Current coverage after fuzzing nltk.sem.logic.is_eventvar: 195921 bits
2025-10-22 16:44:55.607 | INFO     | __main__:<module>:211 - DyFuzz nltk translate.ribes_score.find_increasing_sequences 1
2025-10-22 16:44:55.607 | DEBUG    | __main__:<module>:218 - nltk.translate.ribes_score.find_increasing_sequences has 1 params, run 100 times
2025-10-22 16:45:05.544 | INFO     | __main__:<module>:220 - Fuzz nltk.translate.ribes_score.find_increasing_sequences 1 done
2025-10-22 16:45:05.545 | INFO     | __main__:<module>:221 - Current coverage after fuzzing nltk.translate.ribes_score.find_increasing_sequences: 195921 bits
2025-10-22 16:45:05.545 | INFO     | __main__:<module>:211 - DyFuzz nltk translate.sentence_bleu 5
2025-10-22 16:45:05.545 | DEBUG    | __main__:<module>:218 - nltk.translate.sentence_bleu has 5 params, run 100 times
2025-10-22 16:45:15.415 | INFO     | __main__:<module>:220 - Fuzz nltk.translate.sentence_bleu 5 done
2025-10-22 16:45:15.416 | INFO     | __main__:<module>:221 - Current coverage after fuzzing nltk.translate.sentence_bleu: 195921 bits
2025-10-22 16:45:15.416 | INFO     | __main__:<module>:211 - DyFuzz nltk ccg.lexicon.matchBrackets 1
2025-10-22 16:45:15.417 | DEBUG    | __main__:<module>:218 - nltk.ccg.lexicon.matchBrackets has 1 params, run 100 times
2025-10-22 16:45:26.211 | INFO     | __main__:<module>:220 - Fuzz nltk.ccg.lexicon.matchBrackets 1 done
2025-10-22 16:45:26.213 | INFO     | __main__:<module>:221 - Current coverage after fuzzing nltk.ccg.lexicon.matchBrackets: 195921 bits
2025-10-22 16:45:26.213 | INFO     | __main__:<module>:211 - DyFuzz nltk ccg.logic.skolem_function 1
2025-10-22 16:45:26.213 | DEBUG    | __main__:<module>:218 - nltk.ccg.logic.skolem_function has 1 params, run 100 times
2025-10-22 16:45:36.341 | INFO     | __main__:<module>:220 - Fuzz nltk.ccg.logic.skolem_function 1 done
2025-10-22 16:45:36.341 | INFO     | __main__:<module>:221 - Current coverage after fuzzing nltk.ccg.logic.skolem_function: 195921 bits
2025-10-22 16:45:36.342 | INFO     | __main__:<module>:211 - DyFuzz nltk acyclic_dic2tree 2
2025-10-22 16:45:36.342 | DEBUG    | __main__:<module>:218 - nltk.acyclic_dic2tree has 2 params, run 100 times
2025-10-22 16:45:46.540 | INFO     | __main__:<module>:220 - Fuzz nltk.acyclic_dic2tree 2 done
2025-10-22 16:45:46.541 | INFO     | __main__:<module>:221 - Current coverage after fuzzing nltk.acyclic_dic2tree: 195921 bits
2025-10-22 16:45:46.541 | INFO     | __main__:<module>:211 - DyFuzz nltk invert_graph 1
2025-10-22 16:45:46.541 | DEBUG    | __main__:<module>:218 - nltk.invert_graph has 1 params, run 100 times
2025-10-22 16:45:56.844 | INFO     | __main__:<module>:220 - Fuzz nltk.invert_graph 1 done
2025-10-22 16:45:56.845 | INFO     | __main__:<module>:221 - Current coverage after fuzzing nltk.invert_graph: 195921 bits
2025-10-22 16:45:56.846 | INFO     | __main__:<module>:211 - DyFuzz nltk recall 2
2025-10-22 16:45:56.846 | DEBUG    | __main__:<module>:218 - nltk.recall has 2 params, run 100 times
2025-10-22 16:46:07.220 | INFO     | __main__:<module>:220 - Fuzz nltk.recall 2 done
2025-10-22 16:46:07.221 | INFO     | __main__:<module>:221 - Current coverage after fuzzing nltk.recall: 195921 bits
2025-10-22 16:46:07.221 | INFO     | __main__:<module>:226 - Dyfuzz done nltk
2025-10-22 16:46:07.221 | INFO     | __main__:<module>:200 - DyFuzz test dask
2025-10-22 16:46:07.222 | INFO     | __main__:<module>:203 - dask has 9 apis
2025-10-22 16:46:07.222 | INFO     | __main__:<module>:211 - DyFuzz dask multiprocessing.ensure_dict 2
2025-10-22 16:46:07.222 | DEBUG    | __main__:<module>:218 - dask.multiprocessing.ensure_dict has 2 params, run 100 times
2025-10-22 16:46:17.769 | INFO     | __main__:<module>:220 - Fuzz dask.multiprocessing.ensure_dict 2 done
2025-10-22 16:46:17.771 | INFO     | __main__:<module>:221 - Current coverage after fuzzing dask.multiprocessing.ensure_dict: 195921 bits
2025-10-22 16:46:17.771 | INFO     | __main__:<module>:211 - DyFuzz dask utils.cached_max 1
2025-10-22 16:46:17.771 | DEBUG    | __main__:<module>:218 - dask.utils.cached_max has 1 params, run 100 times
2025-10-22 16:46:28.861 | INFO     | __main__:<module>:220 - Fuzz dask.utils.cached_max 1 done
2025-10-22 16:46:28.862 | INFO     | __main__:<module>:221 - Current coverage after fuzzing dask.utils.cached_max: 195921 bits
2025-10-22 16:46:28.862 | INFO     | __main__:<module>:211 - DyFuzz dask optimization.get_dependencies 4
2025-10-22 16:46:28.862 | DEBUG    | __main__:<module>:218 - dask.optimization.get_dependencies has 4 params, run 100 times
2025-10-22 16:46:39.692 | INFO     | __main__:<module>:220 - Fuzz dask.optimization.get_dependencies 4 done
2025-10-22 16:46:39.693 | INFO     | __main__:<module>:221 - Current coverage after fuzzing dask.optimization.get_dependencies: 195921 bits
2025-10-22 16:46:39.693 | INFO     | __main__:<module>:211 - DyFuzz dask base.get_name_from_key 1
2025-10-22 16:46:39.693 | DEBUG    | __main__:<module>:218 - dask.base.get_name_from_key has 1 params, run 100 times
2025-10-22 16:46:50.976 | INFO     | __main__:<module>:220 - Fuzz dask.base.get_name_from_key 1 done
2025-10-22 16:46:50.977 | INFO     | __main__:<module>:221 - Current coverage after fuzzing dask.base.get_name_from_key: 195921 bits
2025-10-22 16:46:50.977 | INFO     | __main__:<module>:211 - DyFuzz dask order.istask 1
2025-10-22 16:46:50.977 | DEBUG    | __main__:<module>:218 - dask.order.istask has 1 params, run 100 times
2025-10-22 16:47:01.604 | INFO     | __main__:<module>:220 - Fuzz dask.order.istask 1 done
2025-10-22 16:47:01.605 | INFO     | __main__:<module>:221 - Current coverage after fuzzing dask.order.istask: 195921 bits
2025-10-22 16:47:01.606 | INFO     | __main__:<module>:211 - DyFuzz dask utils.digit 3
2025-10-22 16:47:01.606 | DEBUG    | __main__:<module>:218 - dask.utils.digit has 3 params, run 100 times
2025-10-22 16:47:12.234 | INFO     | __main__:<module>:220 - Fuzz dask.utils.digit 3 done
2025-10-22 16:47:12.234 | INFO     | __main__:<module>:221 - Current coverage after fuzzing dask.utils.digit: 195921 bits
2025-10-22 16:47:12.234 | INFO     | __main__:<module>:211 - DyFuzz dask optimization.flatten 2
2025-10-22 16:47:12.235 | DEBUG    | __main__:<module>:218 - dask.optimization.flatten has 2 params, run 100 times
2025-10-22 16:47:22.873 | INFO     | __main__:<module>:220 - Fuzz dask.optimization.flatten 2 done
2025-10-22 16:47:22.874 | INFO     | __main__:<module>:221 - Current coverage after fuzzing dask.optimization.flatten: 195921 bits
2025-10-22 16:47:22.875 | INFO     | __main__:<module>:211 - DyFuzz dask optimization.ishashable 1
2025-10-22 16:47:22.875 | DEBUG    | __main__:<module>:218 - dask.optimization.ishashable has 1 params, run 100 times
2025-10-22 16:47:33.536 | INFO     | __main__:<module>:220 - Fuzz dask.optimization.ishashable 1 done
2025-10-22 16:47:33.537 | INFO     | __main__:<module>:221 - Current coverage after fuzzing dask.optimization.ishashable: 195921 bits
2025-10-22 16:47:33.537 | INFO     | __main__:<module>:211 - DyFuzz dask local.start_state_from_dask 4
2025-10-22 16:47:33.537 | DEBUG    | __main__:<module>:218 - dask.local.start_state_from_dask has 4 params, run 100 times
2025-10-22 16:47:43.980 | INFO     | __main__:<module>:220 - Fuzz dask.local.start_state_from_dask 4 done
2025-10-22 16:47:43.980 | INFO     | __main__:<module>:221 - Current coverage after fuzzing dask.local.start_state_from_dask: 195921 bits
2025-10-22 16:47:43.981 | INFO     | __main__:<module>:226 - Dyfuzz done dask
2025-10-22 16:47:43.981 | INFO     | __main__:<module>:200 - DyFuzz test yaml
2025-10-22 16:47:43.981 | INFO     | __main__:<module>:203 - yaml has 2 apis
2025-10-22 16:47:43.981 | INFO     | __main__:<module>:211 - DyFuzz yaml parse 2
2025-10-22 16:47:43.981 | DEBUG    | __main__:<module>:218 - yaml.parse has 2 params, run 100 times
2025-10-22 16:47:53.968 | INFO     | __main__:<module>:220 - Fuzz yaml.parse 2 done
2025-10-22 16:47:53.969 | INFO     | __main__:<module>:221 - Current coverage after fuzzing yaml.parse: 195921 bits
2025-10-22 16:47:53.970 | INFO     | __main__:<module>:211 - DyFuzz yaml add_constructor 3
2025-10-22 16:47:53.970 | DEBUG    | __main__:<module>:218 - yaml.add_constructor has 3 params, run 100 times
2025-10-22 16:48:04.500 | INFO     | __main__:<module>:220 - Fuzz yaml.add_constructor 3 done
2025-10-22 16:48:04.501 | INFO     | __main__:<module>:221 - Current coverage after fuzzing yaml.add_constructor: 195921 bits
2025-10-22 16:48:04.501 | INFO     | __main__:<module>:226 - Dyfuzz done yaml
2025-10-22 16:48:04.501 | INFO     | __main__:<module>:200 - DyFuzz test prophet
2025-10-22 16:48:04.501 | INFO     | __main__:<module>:203 - prophet has 2 apis
2025-10-22 16:48:04.501 | INFO     | __main__:<module>:211 - DyFuzz prophet diagnostics.mape 2
2025-10-22 16:48:04.501 | DEBUG    | __main__:<module>:218 - prophet.diagnostics.mape has 2 params, run 100 times
2025-10-22 16:48:14.519 | INFO     | __main__:<module>:220 - Fuzz prophet.diagnostics.mape 2 done
2025-10-22 16:48:14.520 | INFO     | __main__:<module>:221 - Current coverage after fuzzing prophet.diagnostics.mape: 195921 bits
2025-10-22 16:48:14.520 | INFO     | __main__:<module>:211 - DyFuzz prophet diagnostics.smape 2
2025-10-22 16:48:14.520 | DEBUG    | __main__:<module>:218 - prophet.diagnostics.smape has 2 params, run 100 times
2025-10-22 16:48:25.327 | INFO     | __main__:<module>:220 - Fuzz prophet.diagnostics.smape 2 done
2025-10-22 16:48:25.329 | INFO     | __main__:<module>:221 - Current coverage after fuzzing prophet.diagnostics.smape: 195921 bits
2025-10-22 16:48:25.329 | INFO     | __main__:<module>:226 - Dyfuzz done prophet
2025-10-22 16:48:25.329 | INFO     | __main__:<module>:200 - DyFuzz test numpy
2025-10-22 16:48:25.329 | INFO     | __main__:<module>:203 - numpy has 27 apis
2025-10-22 16:48:25.329 | INFO     | __main__:<module>:211 - DyFuzz numpy ma.minimum_fill_value 1
2025-10-22 16:48:25.329 | DEBUG    | __main__:<module>:218 - numpy.ma.minimum_fill_value has 1 params, run 100 times
2025-10-22 16:48:35.853 | INFO     | __main__:<module>:220 - Fuzz numpy.ma.minimum_fill_value 1 done
2025-10-22 16:48:35.853 | INFO     | __main__:<module>:221 - Current coverage after fuzzing numpy.ma.minimum_fill_value: 195921 bits
2025-10-22 16:48:35.853 | INFO     | __main__:<module>:211 - DyFuzz numpy _core.numeric.fromiter 4
2025-10-22 16:48:35.853 | DEBUG    | __main__:<module>:218 - numpy._core.numeric.fromiter has 4 params, run 100 times
2025-10-22 16:48:46.626 | INFO     | __main__:<module>:220 - Fuzz numpy._core.numeric.fromiter 4 done
2025-10-22 16:48:46.627 | INFO     | __main__:<module>:221 - Current coverage after fuzzing numpy._core.numeric.fromiter: 195921 bits
2025-10-22 16:48:46.627 | INFO     | __main__:<module>:211 - DyFuzz numpy polynomial.hermite.hermder 4
2025-10-22 16:48:46.627 | DEBUG    | __main__:<module>:218 - numpy.polynomial.hermite.hermder has 4 params, run 100 times
2025-10-22 16:48:57.942 | INFO     | __main__:<module>:220 - Fuzz numpy.polynomial.hermite.hermder 4 done
2025-10-22 16:48:57.942 | INFO     | __main__:<module>:221 - Current coverage after fuzzing numpy.polynomial.hermite.hermder: 195921 bits
2025-10-22 16:48:57.942 | INFO     | __main__:<module>:211 - DyFuzz numpy char.find 4
2025-10-22 16:48:57.943 | DEBUG    | __main__:<module>:218 - numpy.char.find has 4 params, run 100 times
2025-10-22 16:49:08.899 | INFO     | __main__:<module>:220 - Fuzz numpy.char.find 4 done
2025-10-22 16:49:08.900 | INFO     | __main__:<module>:221 - Current coverage after fuzzing numpy.char.find: 195921 bits
2025-10-22 16:49:08.900 | INFO     | __main__:<module>:211 - DyFuzz numpy testing.run_threaded 6
2025-10-22 16:49:08.900 | DEBUG    | __main__:<module>:218 - numpy.testing.run_threaded has 6 params, run 100 times
2025-10-22 16:49:19.875 | INFO     | __main__:<module>:220 - Fuzz numpy.testing.run_threaded 6 done
2025-10-22 16:49:19.876 | INFO     | __main__:<module>:221 - Current coverage after fuzzing numpy.testing.run_threaded: 195921 bits
2025-10-22 16:49:19.876 | INFO     | __main__:<module>:211 - DyFuzz numpy testing.overrides.allows_array_function_override 1
2025-10-22 16:49:19.876 | DEBUG    | __main__:<module>:218 - numpy.testing.overrides.allows_array_function_override has 1 params, run 100 times
2025-10-22 16:49:30.664 | INFO     | __main__:<module>:220 - Fuzz numpy.testing.overrides.allows_array_function_override 1 done
2025-10-22 16:49:30.665 | INFO     | __main__:<module>:221 - Current coverage after fuzzing numpy.testing.overrides.allows_array_function_override: 195921 bits
2025-10-22 16:49:30.666 | INFO     | __main__:<module>:211 - DyFuzz numpy ma.core.getdata 2
2025-10-22 16:49:30.666 | DEBUG    | __main__:<module>:218 - numpy.ma.core.getdata has 2 params, run 100 times
2025-10-22 16:49:41.686 | INFO     | __main__:<module>:220 - Fuzz numpy.ma.core.getdata 2 done
2025-10-22 16:49:41.686 | INFO     | __main__:<module>:221 - Current coverage after fuzzing numpy.ma.core.getdata: 195921 bits
2025-10-22 16:49:41.687 | INFO     | __main__:<module>:211 - DyFuzz numpy rec.fromarrays 8
2025-10-22 16:49:41.687 | DEBUG    | __main__:<module>:218 - numpy.rec.fromarrays has 8 params, run 100 times
2025-10-22 16:49:51.949 | INFO     | __main__:<module>:220 - Fuzz numpy.rec.fromarrays 8 done
2025-10-22 16:49:51.951 | INFO     | __main__:<module>:221 - Current coverage after fuzzing numpy.rec.fromarrays: 195921 bits
2025-10-22 16:49:51.951 | INFO     | __main__:<module>:211 - DyFuzz numpy ma.masked_greater 3
2025-10-22 16:49:51.951 | DEBUG    | __main__:<module>:218 - numpy.ma.masked_greater has 3 params, run 100 times
2025-10-22 16:50:02.408 | INFO     | __main__:<module>:220 - Fuzz numpy.ma.masked_greater 3 done
2025-10-22 16:50:02.408 | INFO     | __main__:<module>:221 - Current coverage after fuzzing numpy.ma.masked_greater: 195921 bits
2025-10-22 16:50:02.409 | INFO     | __main__:<module>:211 - DyFuzz numpy polynomial.laguerre.lagmulx 1
2025-10-22 16:50:02.409 | DEBUG    | __main__:<module>:218 - numpy.polynomial.laguerre.lagmulx has 1 params, run 100 times
2025-10-22 16:50:12.953 | INFO     | __main__:<module>:220 - Fuzz numpy.polynomial.laguerre.lagmulx 1 done
2025-10-22 16:50:12.955 | INFO     | __main__:<module>:221 - Current coverage after fuzzing numpy.polynomial.laguerre.lagmulx: 195921 bits
2025-10-22 16:50:12.955 | INFO     | __main__:<module>:211 - DyFuzz numpy testing.overrides.get_overridable_numpy_ufuncs 0
2025-10-22 16:50:12.955 | DEBUG    | __main__:<module>:213 - numpy.testing.overrides.get_overridable_numpy_ufuncs has 0 params, run once
2025-10-22 16:50:13.070 | INFO     | __main__:<module>:220 - Fuzz numpy.testing.overrides.get_overridable_numpy_ufuncs 0 done
2025-10-22 16:50:13.070 | INFO     | __main__:<module>:221 - Current coverage after fuzzing numpy.testing.overrides.get_overridable_numpy_ufuncs: 195921 bits
2025-10-22 16:50:13.071 | INFO     | __main__:<module>:211 - DyFuzz numpy polynomial.polynomial.polyvander2d 3
2025-10-22 16:50:13.071 | DEBUG    | __main__:<module>:218 - numpy.polynomial.polynomial.polyvander2d has 3 params, run 100 times
2025-10-22 16:50:23.606 | INFO     | __main__:<module>:220 - Fuzz numpy.polynomial.polynomial.polyvander2d 3 done
2025-10-22 16:50:23.607 | INFO     | __main__:<module>:221 - Current coverage after fuzzing numpy.polynomial.polynomial.polyvander2d: 195921 bits
2025-10-22 16:50:23.607 | INFO     | __main__:<module>:211 - DyFuzz numpy ma.core.common_fill_value 2
2025-10-22 16:50:23.607 | DEBUG    | __main__:<module>:218 - numpy.ma.core.common_fill_value has 2 params, run 100 times
2025-10-22 16:50:34.730 | INFO     | __main__:<module>:220 - Fuzz numpy.ma.core.common_fill_value 2 done
2025-10-22 16:50:34.731 | INFO     | __main__:<module>:221 - Current coverage after fuzzing numpy.ma.core.common_fill_value: 195921 bits
2025-10-22 16:50:34.731 | INFO     | __main__:<module>:211 - DyFuzz numpy ma.fix_invalid 4
2025-10-22 16:50:34.731 | DEBUG    | __main__:<module>:218 - numpy.ma.fix_invalid has 4 params, run 100 times
2025-10-22 16:50:45.802 | INFO     | __main__:<module>:220 - Fuzz numpy.ma.fix_invalid 4 done
2025-10-22 16:50:45.802 | INFO     | __main__:<module>:221 - Current coverage after fuzzing numpy.ma.fix_invalid: 195921 bits
2025-10-22 16:50:45.803 | INFO     | __main__:<module>:211 - DyFuzz numpy _core.multiarray.scalar 2
2025-10-22 16:50:45.803 | DEBUG    | __main__:<module>:218 - numpy._core.multiarray.scalar has 2 params, run 100 times
2025-10-22 16:50:57.091 | INFO     | __main__:<module>:220 - Fuzz numpy._core.multiarray.scalar 2 done
2025-10-22 16:50:57.092 | INFO     | __main__:<module>:221 - Current coverage after fuzzing numpy._core.multiarray.scalar: 195921 bits
2025-10-22 16:50:57.092 | INFO     | __main__:<module>:211 - DyFuzz numpy ma.core.size 2
2025-10-22 16:50:57.092 | DEBUG    | __main__:<module>:218 - numpy.ma.core.size has 2 params, run 100 times
2025-10-22 16:51:07.481 | INFO     | __main__:<module>:220 - Fuzz numpy.ma.core.size 2 done
2025-10-22 16:51:07.482 | INFO     | __main__:<module>:221 - Current coverage after fuzzing numpy.ma.core.size: 195921 bits
2025-10-22 16:51:07.482 | INFO     | __main__:<module>:211 - DyFuzz numpy ma.array 11
2025-10-22 16:51:07.482 | DEBUG    | __main__:<module>:218 - numpy.ma.array has 11 params, run 100 times
2025-10-22 16:51:18.389 | INFO     | __main__:<module>:220 - Fuzz numpy.ma.array 11 done
2025-10-22 16:51:18.390 | INFO     | __main__:<module>:221 - Current coverage after fuzzing numpy.ma.array: 195921 bits
2025-10-22 16:51:18.390 | INFO     | __main__:<module>:211 - DyFuzz numpy polynomial.laguerre.lagsub 2
2025-10-22 16:51:18.390 | DEBUG    | __main__:<module>:218 - numpy.polynomial.laguerre.lagsub has 2 params, run 100 times
2025-10-22 16:51:28.776 | INFO     | __main__:<module>:220 - Fuzz numpy.polynomial.laguerre.lagsub 2 done
2025-10-22 16:51:28.777 | INFO     | __main__:<module>:221 - Current coverage after fuzzing numpy.polynomial.laguerre.lagsub: 195921 bits
2025-10-22 16:51:28.778 | INFO     | __main__:<module>:211 - DyFuzz numpy ma.masked_outside 4
2025-10-22 16:51:28.778 | DEBUG    | __main__:<module>:218 - numpy.ma.masked_outside has 4 params, run 100 times
2025-10-22 16:51:39.306 | INFO     | __main__:<module>:220 - Fuzz numpy.ma.masked_outside 4 done
2025-10-22 16:51:39.307 | INFO     | __main__:<module>:221 - Current coverage after fuzzing numpy.ma.masked_outside: 195921 bits
2025-10-22 16:51:39.308 | INFO     | __main__:<module>:211 - DyFuzz numpy ma.asanyarray 2
2025-10-22 16:51:39.308 | DEBUG    | __main__:<module>:218 - numpy.ma.asanyarray has 2 params, run 100 times
2025-10-22 16:51:49.834 | INFO     | __main__:<module>:220 - Fuzz numpy.ma.asanyarray 2 done
2025-10-22 16:51:49.834 | INFO     | __main__:<module>:221 - Current coverage after fuzzing numpy.ma.asanyarray: 195921 bits
2025-10-22 16:51:49.835 | INFO     | __main__:<module>:211 - DyFuzz numpy polynomial.laguerre.lagvander 2
2025-10-22 16:51:49.835 | DEBUG    | __main__:<module>:218 - numpy.polynomial.laguerre.lagvander has 2 params, run 100 times
2025-10-22 16:52:00.187 | INFO     | __main__:<module>:220 - Fuzz numpy.polynomial.laguerre.lagvander 2 done
2025-10-22 16:52:00.188 | INFO     | __main__:<module>:221 - Current coverage after fuzzing numpy.polynomial.laguerre.lagvander: 195921 bits
2025-10-22 16:52:00.188 | INFO     | __main__:<module>:211 - DyFuzz numpy testing.assert_string_equal 2
2025-10-22 16:52:00.188 | DEBUG    | __main__:<module>:218 - numpy.testing.assert_string_equal has 2 params, run 100 times
2025-10-22 16:52:10.883 | INFO     | __main__:<module>:220 - Fuzz numpy.testing.assert_string_equal 2 done
2025-10-22 16:52:10.884 | INFO     | __main__:<module>:221 - Current coverage after fuzzing numpy.testing.assert_string_equal: 195921 bits
2025-10-22 16:52:10.884 | INFO     | __main__:<module>:211 - DyFuzz numpy _core.multiarray.zeros 3
2025-10-22 16:52:10.884 | DEBUG    | __main__:<module>:218 - numpy._core.multiarray.zeros has 3 params, run 100 times
2025-10-22 16:52:21.693 | INFO     | __main__:<module>:220 - Fuzz numpy._core.multiarray.zeros 3 done
2025-10-22 16:52:21.694 | INFO     | __main__:<module>:221 - Current coverage after fuzzing numpy._core.multiarray.zeros: 195921 bits
2025-10-22 16:52:21.694 | INFO     | __main__:<module>:211 - DyFuzz numpy _core._internal.promote_types 2
2025-10-22 16:52:21.694 | DEBUG    | __main__:<module>:218 - numpy._core._internal.promote_types has 2 params, run 100 times
2025-10-22 16:52:32.425 | INFO     | __main__:<module>:220 - Fuzz numpy._core._internal.promote_types 2 done
2025-10-22 16:52:32.426 | INFO     | __main__:<module>:221 - Current coverage after fuzzing numpy._core._internal.promote_types: 195921 bits
2025-10-22 16:52:32.427 | INFO     | __main__:<module>:211 - DyFuzz numpy _core.multiarray.array 11
2025-10-22 16:52:32.427 | DEBUG    | __main__:<module>:218 - numpy._core.multiarray.array has 11 params, run 100 times
2025-10-22 16:52:43.510 | INFO     | __main__:<module>:220 - Fuzz numpy._core.multiarray.array 11 done
2025-10-22 16:52:43.511 | INFO     | __main__:<module>:221 - Current coverage after fuzzing numpy._core.multiarray.array: 195921 bits
2025-10-22 16:52:43.511 | INFO     | __main__:<module>:211 - DyFuzz numpy rec.fromstring 9
2025-10-22 16:52:43.511 | DEBUG    | __main__:<module>:218 - numpy.rec.fromstring has 9 params, run 100 times
2025-10-22 16:52:54.903 | INFO     | __main__:<module>:220 - Fuzz numpy.rec.fromstring 9 done
2025-10-22 16:52:54.904 | INFO     | __main__:<module>:221 - Current coverage after fuzzing numpy.rec.fromstring: 195921 bits
2025-10-22 16:52:54.905 | INFO     | __main__:<module>:211 - DyFuzz numpy f2py.get_include 0
2025-10-22 16:52:54.905 | DEBUG    | __main__:<module>:213 - numpy.f2py.get_include has 0 params, run once
2025-10-22 16:52:55.016 | INFO     | __main__:<module>:220 - Fuzz numpy.f2py.get_include 0 done
2025-10-22 16:52:55.017 | INFO     | __main__:<module>:221 - Current coverage after fuzzing numpy.f2py.get_include: 195921 bits
2025-10-22 16:52:55.018 | INFO     | __main__:<module>:226 - Dyfuzz done numpy
2025-10-22 16:52:55.018 | INFO     | __main__:<module>:200 - DyFuzz test pandas
2025-10-22 16:52:55.018 | INFO     | __main__:<module>:203 - pandas has 10 apis
2025-10-22 16:52:55.018 | INFO     | __main__:<module>:211 - DyFuzz pandas io.xml.get_handle 8
2025-10-22 16:52:55.018 | DEBUG    | __main__:<module>:218 - pandas.io.xml.get_handle has 8 params, run 100 times
2025-10-22 16:53:05.478 | INFO     | __main__:<module>:220 - Fuzz pandas.io.xml.get_handle 8 done
2025-10-22 16:53:05.479 | INFO     | __main__:<module>:221 - Current coverage after fuzzing pandas.io.xml.get_handle: 195921 bits
2025-10-22 16:53:05.479 | INFO     | __main__:<module>:211 - DyFuzz pandas io.html.is_file_like 1
2025-10-22 16:53:05.479 | DEBUG    | __main__:<module>:218 - pandas.io.html.is_file_like has 1 params, run 100 times
2025-10-22 16:53:16.373 | INFO     | __main__:<module>:220 - Fuzz pandas.io.html.is_file_like 1 done
2025-10-22 16:53:16.374 | INFO     | __main__:<module>:221 - Current coverage after fuzzing pandas.io.html.is_file_like: 195921 bits
2025-10-22 16:53:16.374 | INFO     | __main__:<module>:211 - DyFuzz pandas io.xml.is_fsspec_url 1
2025-10-22 16:53:16.374 | DEBUG    | __main__:<module>:218 - pandas.io.xml.is_fsspec_url has 1 params, run 100 times
2025-10-22 16:53:27.107 | INFO     | __main__:<module>:220 - Fuzz pandas.io.xml.is_fsspec_url 1 done
2025-10-22 16:53:27.109 | INFO     | __main__:<module>:221 - Current coverage after fuzzing pandas.io.xml.is_fsspec_url: 195921 bits
2025-10-22 16:53:27.109 | INFO     | __main__:<module>:211 - DyFuzz pandas io.html.is_url 1
2025-10-22 16:53:27.109 | DEBUG    | __main__:<module>:218 - pandas.io.html.is_url has 1 params, run 100 times
2025-10-22 16:53:37.752 | INFO     | __main__:<module>:220 - Fuzz pandas.io.html.is_url 1 done
2025-10-22 16:53:37.753 | INFO     | __main__:<module>:221 - Current coverage after fuzzing pandas.io.html.is_url: 195921 bits
2025-10-22 16:53:37.753 | INFO     | __main__:<module>:211 - DyFuzz pandas core.common.index_labels_to_array 2
2025-10-22 16:53:37.753 | DEBUG    | __main__:<module>:218 - pandas.core.common.index_labels_to_array has 2 params, run 100 times
2025-10-22 16:53:48.118 | INFO     | __main__:<module>:220 - Fuzz pandas.core.common.index_labels_to_array 2 done
2025-10-22 16:53:48.119 | INFO     | __main__:<module>:221 - Current coverage after fuzzing pandas.core.common.index_labels_to_array: 195921 bits
2025-10-22 16:53:48.119 | INFO     | __main__:<module>:211 - DyFuzz pandas io.formats.format.get_level_lengths 2
2025-10-22 16:53:48.119 | DEBUG    | __main__:<module>:218 - pandas.io.formats.format.get_level_lengths has 2 params, run 100 times
2025-10-22 16:53:58.375 | INFO     | __main__:<module>:220 - Fuzz pandas.io.formats.format.get_level_lengths 2 done
2025-10-22 16:53:58.376 | INFO     | __main__:<module>:221 - Current coverage after fuzzing pandas.io.formats.format.get_level_lengths: 195921 bits
2025-10-22 16:53:58.376 | INFO     | __main__:<module>:211 - DyFuzz pandas io.pytables.stringify_path 2
2025-10-22 16:53:58.376 | DEBUG    | __main__:<module>:218 - pandas.io.pytables.stringify_path has 2 params, run 100 times
2025-10-22 16:54:08.636 | INFO     | __main__:<module>:220 - Fuzz pandas.io.pytables.stringify_path 2 done
2025-10-22 16:54:08.637 | INFO     | __main__:<module>:221 - Current coverage after fuzzing pandas.io.pytables.stringify_path: 195921 bits
2025-10-22 16:54:08.637 | INFO     | __main__:<module>:211 - DyFuzz pandas io.pickle.to_pickle 5
2025-10-22 16:54:08.637 | DEBUG    | __main__:<module>:218 - pandas.io.pickle.to_pickle has 5 params, run 100 times
2025-10-22 16:54:19.009 | INFO     | __main__:<module>:220 - Fuzz pandas.io.pickle.to_pickle 5 done
2025-10-22 16:54:19.010 | INFO     | __main__:<module>:221 - Current coverage after fuzzing pandas.io.pickle.to_pickle: 195921 bits
2025-10-22 16:54:19.011 | INFO     | __main__:<module>:211 - DyFuzz pandas io.api.read_xml 16
2025-10-22 16:54:19.011 | DEBUG    | __main__:<module>:218 - pandas.io.api.read_xml has 16 params, run 100 times
2025-10-22 16:54:29.414 | INFO     | __main__:<module>:220 - Fuzz pandas.io.api.read_xml 16 done
2025-10-22 16:54:29.414 | INFO     | __main__:<module>:221 - Current coverage after fuzzing pandas.io.api.read_xml: 195921 bits
2025-10-22 16:54:29.414 | INFO     | __main__:<module>:211 - DyFuzz pandas io.parquet.check_dtype_backend 1
2025-10-22 16:54:29.414 | DEBUG    | __main__:<module>:218 - pandas.io.parquet.check_dtype_backend has 1 params, run 100 times
2025-10-22 16:54:40.348 | INFO     | __main__:<module>:220 - Fuzz pandas.io.parquet.check_dtype_backend 1 done
2025-10-22 16:54:40.348 | INFO     | __main__:<module>:221 - Current coverage after fuzzing pandas.io.parquet.check_dtype_backend: 195921 bits
2025-10-22 16:54:40.349 | INFO     | __main__:<module>:226 - Dyfuzz done pandas
2025-10-22 16:54:40.349 | INFO     | __main__:<module>:200 - DyFuzz test sklearn
2025-10-22 16:54:40.349 | INFO     | __main__:<module>:203 - sklearn has 14 apis
2025-10-22 16:54:40.349 | INFO     | __main__:<module>:211 - DyFuzz sklearn externals.array_api_compat.common.is_array_api_obj 1
2025-10-22 16:54:40.349 | DEBUG    | __main__:<module>:218 - sklearn.externals.array_api_compat.common.is_array_api_obj has 1 params, run 100 times
2025-10-22 16:54:51.261 | INFO     | __main__:<module>:220 - Fuzz sklearn.externals.array_api_compat.common.is_array_api_obj 1 done
2025-10-22 16:54:51.263 | INFO     | __main__:<module>:221 - Current coverage after fuzzing sklearn.externals.array_api_compat.common.is_array_api_obj: 195921 bits
2025-10-22 16:54:51.263 | INFO     | __main__:<module>:211 - DyFuzz sklearn metrics.root_mean_squared_log_error 4
2025-10-22 16:54:51.263 | DEBUG    | __main__:<module>:218 - sklearn.metrics.root_mean_squared_log_error has 4 params, run 100 times
2025-10-22 16:55:01.852 | INFO     | __main__:<module>:220 - Fuzz sklearn.metrics.root_mean_squared_log_error 4 done
2025-10-22 16:55:01.853 | INFO     | __main__:<module>:221 - Current coverage after fuzzing sklearn.metrics.root_mean_squared_log_error: 195921 bits
2025-10-22 16:55:01.853 | INFO     | __main__:<module>:211 - DyFuzz sklearn datasets.clear_data_home 1
2025-10-22 16:55:01.854 | DEBUG    | __main__:<module>:218 - sklearn.datasets.clear_data_home has 1 params, run 100 times
2025-10-22 16:55:12.474 | INFO     | __main__:<module>:220 - Fuzz sklearn.datasets.clear_data_home 1 done
2025-10-22 16:55:12.475 | INFO     | __main__:<module>:221 - Current coverage after fuzzing sklearn.datasets.clear_data_home: 195921 bits
2025-10-22 16:55:12.475 | INFO     | __main__:<module>:211 - DyFuzz sklearn externals.array_api_compat.numpy.fft.hfft 4
2025-10-22 16:55:12.476 | DEBUG    | __main__:<module>:218 - sklearn.externals.array_api_compat.numpy.fft.hfft has 4 params, run 100 times
2025-10-22 16:55:22.940 | INFO     | __main__:<module>:220 - Fuzz sklearn.externals.array_api_compat.numpy.fft.hfft 4 done
2025-10-22 16:55:22.941 | INFO     | __main__:<module>:221 - Current coverage after fuzzing sklearn.externals.array_api_compat.numpy.fft.hfft: 195921 bits
2025-10-22 16:55:22.941 | INFO     | __main__:<module>:211 - DyFuzz sklearn metrics.v_measure_score 3
2025-10-22 16:55:22.941 | DEBUG    | __main__:<module>:218 - sklearn.metrics.v_measure_score has 3 params, run 100 times
2025-10-22 16:55:33.369 | INFO     | __main__:<module>:220 - Fuzz sklearn.metrics.v_measure_score 3 done
2025-10-22 16:55:33.370 | INFO     | __main__:<module>:221 - Current coverage after fuzzing sklearn.metrics.v_measure_score: 195921 bits
2025-10-22 16:55:33.370 | INFO     | __main__:<module>:211 - DyFuzz sklearn externals.array_api_compat.numpy.linalg.pinv 3
2025-10-22 16:55:33.370 | DEBUG    | __main__:<module>:218 - sklearn.externals.array_api_compat.numpy.linalg.pinv has 3 params, run 100 times
2025-10-22 16:55:43.592 | INFO     | __main__:<module>:220 - Fuzz sklearn.externals.array_api_compat.numpy.linalg.pinv 3 done
2025-10-22 16:55:43.593 | INFO     | __main__:<module>:221 - Current coverage after fuzzing sklearn.externals.array_api_compat.numpy.linalg.pinv: 195921 bits
2025-10-22 16:55:43.593 | INFO     | __main__:<module>:211 - DyFuzz sklearn externals.array_api_compat.numpy.fft.rfftn 4
2025-10-22 16:55:43.593 | DEBUG    | __main__:<module>:218 - sklearn.externals.array_api_compat.numpy.fft.rfftn has 4 params, run 100 times
2025-10-22 16:55:53.714 | INFO     | __main__:<module>:220 - Fuzz sklearn.externals.array_api_compat.numpy.fft.rfftn 4 done
2025-10-22 16:55:53.715 | INFO     | __main__:<module>:221 - Current coverage after fuzzing sklearn.externals.array_api_compat.numpy.fft.rfftn: 195921 bits
2025-10-22 16:55:53.715 | INFO     | __main__:<module>:211 - DyFuzz sklearn metrics.pairwise_distances_argmin_min 5
2025-10-22 16:55:53.715 | DEBUG    | __main__:<module>:218 - sklearn.metrics.pairwise_distances_argmin_min has 5 params, run 100 times
2025-10-22 16:56:04.004 | INFO     | __main__:<module>:220 - Fuzz sklearn.metrics.pairwise_distances_argmin_min 5 done
2025-10-22 16:56:04.005 | INFO     | __main__:<module>:221 - Current coverage after fuzzing sklearn.metrics.pairwise_distances_argmin_min: 195921 bits
2025-10-22 16:56:04.005 | INFO     | __main__:<module>:211 - DyFuzz sklearn metrics.mean_absolute_error 4
2025-10-22 16:56:04.005 | DEBUG    | __main__:<module>:218 - sklearn.metrics.mean_absolute_error has 4 params, run 100 times
2025-10-22 16:56:13.708 | INFO     | __main__:<module>:220 - Fuzz sklearn.metrics.mean_absolute_error 4 done
2025-10-22 16:56:13.709 | INFO     | __main__:<module>:221 - Current coverage after fuzzing sklearn.metrics.mean_absolute_error: 195921 bits
2025-10-22 16:56:13.710 | INFO     | __main__:<module>:211 - DyFuzz sklearn externals.array_api_compat.numpy.linspace 7
2025-10-22 16:56:13.710 | DEBUG    | __main__:<module>:218 - sklearn.externals.array_api_compat.numpy.linspace has 7 params, run 100 times
2025-10-22 16:56:23.516 | INFO     | __main__:<module>:220 - Fuzz sklearn.externals.array_api_compat.numpy.linspace 7 done
2025-10-22 16:56:23.518 | INFO     | __main__:<module>:221 - Current coverage after fuzzing sklearn.externals.array_api_compat.numpy.linspace: 195921 bits
2025-10-22 16:56:23.518 | INFO     | __main__:<module>:211 - DyFuzz sklearn datasets.make_low_rank_matrix 5
2025-10-22 16:56:23.518 | DEBUG    | __main__:<module>:218 - sklearn.datasets.make_low_rank_matrix has 5 params, run 100 times
2025-10-22 16:56:33.563 | INFO     | __main__:<module>:220 - Fuzz sklearn.datasets.make_low_rank_matrix 5 done
2025-10-22 16:56:33.565 | INFO     | __main__:<module>:221 - Current coverage after fuzzing sklearn.datasets.make_low_rank_matrix: 195921 bits
2025-10-22 16:56:33.565 | INFO     | __main__:<module>:211 - DyFuzz sklearn inspection.partial_dependence 12
2025-10-22 16:56:33.565 | DEBUG    | __main__:<module>:218 - sklearn.inspection.partial_dependence has 12 params, run 100 times
2025-10-22 16:56:44.049 | INFO     | __main__:<module>:220 - Fuzz sklearn.inspection.partial_dependence 12 done
2025-10-22 16:56:44.050 | INFO     | __main__:<module>:221 - Current coverage after fuzzing sklearn.inspection.partial_dependence: 195921 bits
2025-10-22 16:56:44.050 | INFO     | __main__:<module>:211 - DyFuzz sklearn externals.array_api_compat.numpy.take_along_axis 3
2025-10-22 16:56:44.050 | DEBUG    | __main__:<module>:218 - sklearn.externals.array_api_compat.numpy.take_along_axis has 3 params, run 100 times
2025-10-22 16:56:54.336 | INFO     | __main__:<module>:220 - Fuzz sklearn.externals.array_api_compat.numpy.take_along_axis 3 done
2025-10-22 16:56:54.337 | INFO     | __main__:<module>:221 - Current coverage after fuzzing sklearn.externals.array_api_compat.numpy.take_along_axis: 195921 bits
2025-10-22 16:56:54.337 | INFO     | __main__:<module>:211 - DyFuzz sklearn metrics.completeness_score 2
2025-10-22 16:56:54.337 | DEBUG    | __main__:<module>:218 - sklearn.metrics.completeness_score has 2 params, run 100 times
2025-10-22 16:57:04.883 | INFO     | __main__:<module>:220 - Fuzz sklearn.metrics.completeness_score 2 done
2025-10-22 16:57:04.884 | INFO     | __main__:<module>:221 - Current coverage after fuzzing sklearn.metrics.completeness_score: 195921 bits
2025-10-22 16:57:04.884 | INFO     | __main__:<module>:226 - Dyfuzz done sklearn
2025-10-22 16:57:04.884 | INFO     | __main__:<module>:200 - DyFuzz test scipy
2025-10-22 16:57:04.885 | INFO     | __main__:<module>:203 - scipy has 56 apis
2025-10-22 16:57:04.885 | INFO     | __main__:<module>:211 - DyFuzz scipy stats.mstats.count_tied_groups 2
2025-10-22 16:57:04.885 | DEBUG    | __main__:<module>:218 - scipy.stats.mstats.count_tied_groups has 2 params, run 100 times
2025-10-22 16:57:15.144 | INFO     | __main__:<module>:220 - Fuzz scipy.stats.mstats.count_tied_groups 2 done
2025-10-22 16:57:15.145 | INFO     | __main__:<module>:221 - Current coverage after fuzzing scipy.stats.mstats.count_tied_groups: 195921 bits
2025-10-22 16:57:15.145 | INFO     | __main__:<module>:211 - DyFuzz scipy stats.hmean 6
2025-10-22 16:57:15.145 | DEBUG    | __main__:<module>:218 - scipy.stats.hmean has 6 params, run 100 times
2025-10-22 16:57:25.489 | INFO     | __main__:<module>:220 - Fuzz scipy.stats.hmean 6 done
2025-10-22 16:57:25.490 | INFO     | __main__:<module>:221 - Current coverage after fuzzing scipy.stats.hmean: 195921 bits
2025-10-22 16:57:25.490 | INFO     | __main__:<module>:211 - DyFuzz scipy spatial.distance.dice 3
2025-10-22 16:57:25.490 | DEBUG    | __main__:<module>:218 - scipy.spatial.distance.dice has 3 params, run 100 times
2025-10-22 16:57:35.612 | INFO     | __main__:<module>:220 - Fuzz scipy.spatial.distance.dice 3 done
2025-10-22 16:57:35.613 | INFO     | __main__:<module>:221 - Current coverage after fuzzing scipy.spatial.distance.dice: 195921 bits
2025-10-22 16:57:35.613 | INFO     | __main__:<module>:211 - DyFuzz scipy spatial.distance.minkowski 4
2025-10-22 16:57:35.614 | DEBUG    | __main__:<module>:218 - scipy.spatial.distance.minkowski has 4 params, run 100 times
2025-10-22 16:57:46.218 | INFO     | __main__:<module>:220 - Fuzz scipy.spatial.distance.minkowski 4 done
2025-10-22 16:57:46.219 | INFO     | __main__:<module>:221 - Current coverage after fuzzing scipy.spatial.distance.minkowski: 195921 bits
2025-10-22 16:57:46.219 | INFO     | __main__:<module>:211 - DyFuzz scipy optimize.minpack.fixed_point 6
2025-10-22 16:57:46.219 | DEBUG    | __main__:<module>:218 - scipy.optimize.minpack.fixed_point has 6 params, run 100 times
2025-10-22 16:57:56.905 | INFO     | __main__:<module>:220 - Fuzz scipy.optimize.minpack.fixed_point 6 done
2025-10-22 16:57:56.906 | INFO     | __main__:<module>:221 - Current coverage after fuzzing scipy.optimize.minpack.fixed_point: 195921 bits
2025-10-22 16:57:56.906 | INFO     | __main__:<module>:211 - DyFuzz scipy linalg.matfuncs.tanhm 1
2025-10-22 16:57:56.906 | DEBUG    | __main__:<module>:218 - scipy.linalg.matfuncs.tanhm has 1 params, run 100 times
2025-10-22 16:58:07.350 | INFO     | __main__:<module>:220 - Fuzz scipy.linalg.matfuncs.tanhm 1 done
2025-10-22 16:58:07.351 | INFO     | __main__:<module>:221 - Current coverage after fuzzing scipy.linalg.matfuncs.tanhm: 195921 bits
2025-10-22 16:58:07.351 | INFO     | __main__:<module>:211 - DyFuzz scipy linalg.det 3
2025-10-22 16:58:07.351 | DEBUG    | __main__:<module>:218 - scipy.linalg.det has 3 params, run 100 times
2025-10-22 16:58:17.867 | INFO     | __main__:<module>:220 - Fuzz scipy.linalg.det 3 done
2025-10-22 16:58:17.868 | INFO     | __main__:<module>:221 - Current coverage after fuzzing scipy.linalg.det: 195921 bits
2025-10-22 16:58:17.868 | INFO     | __main__:<module>:211 - DyFuzz scipy linalg.basic.solve_banded 6
2025-10-22 16:58:17.868 | DEBUG    | __main__:<module>:218 - scipy.linalg.basic.solve_banded has 6 params, run 100 times
2025-10-22 16:58:28.435 | INFO     | __main__:<module>:220 - Fuzz scipy.linalg.basic.solve_banded 6 done
2025-10-22 16:58:28.436 | INFO     | __main__:<module>:221 - Current coverage after fuzzing scipy.linalg.basic.solve_banded: 195921 bits
2025-10-22 16:58:28.436 | INFO     | __main__:<module>:211 - DyFuzz scipy stats.ranksums 6
2025-10-22 16:58:28.436 | DEBUG    | __main__:<module>:218 - scipy.stats.ranksums has 6 params, run 100 times
2025-10-22 16:58:39.008 | INFO     | __main__:<module>:220 - Fuzz scipy.stats.ranksums 6 done
2025-10-22 16:58:39.010 | INFO     | __main__:<module>:221 - Current coverage after fuzzing scipy.stats.ranksums: 195921 bits
2025-10-22 16:58:39.010 | INFO     | __main__:<module>:211 - DyFuzz scipy signal.lp2bs 4
2025-10-22 16:58:39.010 | DEBUG    | __main__:<module>:218 - scipy.signal.lp2bs has 4 params, run 100 times
2025-10-22 16:58:49.793 | INFO     | __main__:<module>:220 - Fuzz scipy.signal.lp2bs 4 done
2025-10-22 16:58:49.794 | INFO     | __main__:<module>:221 - Current coverage after fuzzing scipy.signal.lp2bs: 195921 bits
2025-10-22 16:58:49.794 | INFO     | __main__:<module>:211 - DyFuzz scipy optimize.broyden1 16
2025-10-22 16:58:49.794 | DEBUG    | __main__:<module>:218 - scipy.optimize.broyden1 has 16 params, run 100 times
2025-10-22 16:59:00.555 | INFO     | __main__:<module>:220 - Fuzz scipy.optimize.broyden1 16 done
2025-10-22 16:59:00.556 | INFO     | __main__:<module>:221 - Current coverage after fuzzing scipy.optimize.broyden1: 195921 bits
2025-10-22 16:59:00.556 | INFO     | __main__:<module>:211 - DyFuzz scipy stats.wasserstein_distance 4
2025-10-22 16:59:00.556 | DEBUG    | __main__:<module>:218 - scipy.stats.wasserstein_distance has 4 params, run 100 times
2025-10-22 16:59:11.200 | INFO     | __main__:<module>:220 - Fuzz scipy.stats.wasserstein_distance 4 done
2025-10-22 16:59:11.200 | INFO     | __main__:<module>:221 - Current coverage after fuzzing scipy.stats.wasserstein_distance: 195921 bits
2025-10-22 16:59:11.200 | INFO     | __main__:<module>:211 - DyFuzz scipy special.fresnelc_zeros 1
2025-10-22 16:59:11.200 | DEBUG    | __main__:<module>:218 - scipy.special.fresnelc_zeros has 1 params, run 100 times
2025-10-22 16:59:21.931 | INFO     | __main__:<module>:220 - Fuzz scipy.special.fresnelc_zeros 1 done
2025-10-22 16:59:21.932 | INFO     | __main__:<module>:221 - Current coverage after fuzzing scipy.special.fresnelc_zeros: 195921 bits
2025-10-22 16:59:21.932 | INFO     | __main__:<module>:211 - DyFuzz scipy cluster.hierarchy.maxdists 1
2025-10-22 16:59:21.932 | DEBUG    | __main__:<module>:218 - scipy.cluster.hierarchy.maxdists has 1 params, run 100 times
2025-10-22 16:59:32.350 | INFO     | __main__:<module>:220 - Fuzz scipy.cluster.hierarchy.maxdists 1 done
2025-10-22 16:59:32.351 | INFO     | __main__:<module>:221 - Current coverage after fuzzing scipy.cluster.hierarchy.maxdists: 195921 bits
2025-10-22 16:59:32.351 | INFO     | __main__:<module>:211 - DyFuzz scipy ndimage.white_tophat 9
2025-10-22 16:59:32.351 | DEBUG    | __main__:<module>:218 - scipy.ndimage.white_tophat has 9 params, run 100 times
2025-10-22 16:59:42.667 | INFO     | __main__:<module>:220 - Fuzz scipy.ndimage.white_tophat 9 done
2025-10-22 16:59:42.668 | INFO     | __main__:<module>:221 - Current coverage after fuzzing scipy.ndimage.white_tophat: 195921 bits
2025-10-22 16:59:42.668 | INFO     | __main__:<module>:211 - DyFuzz scipy stats._mstats_basic.pointbiserialr 2
2025-10-22 16:59:42.668 | DEBUG    | __main__:<module>:218 - scipy.stats._mstats_basic.pointbiserialr has 2 params, run 100 times
2025-10-22 16:59:53.338 | INFO     | __main__:<module>:220 - Fuzz scipy.stats._mstats_basic.pointbiserialr 2 done
2025-10-22 16:59:53.339 | INFO     | __main__:<module>:221 - Current coverage after fuzzing scipy.stats._mstats_basic.pointbiserialr: 195921 bits
2025-10-22 16:59:53.339 | INFO     | __main__:<module>:211 - DyFuzz scipy stats.mstats.trimtail 5
2025-10-22 16:59:53.339 | DEBUG    | __main__:<module>:218 - scipy.stats.mstats.trimtail has 5 params, run 100 times
2025-10-22 17:00:03.703 | INFO     | __main__:<module>:220 - Fuzz scipy.stats.mstats.trimtail 5 done
2025-10-22 17:00:03.704 | INFO     | __main__:<module>:221 - Current coverage after fuzzing scipy.stats.mstats.trimtail: 195921 bits
2025-10-22 17:00:03.704 | INFO     | __main__:<module>:211 - DyFuzz scipy special.legendre 2
2025-10-22 17:00:03.704 | DEBUG    | __main__:<module>:218 - scipy.special.legendre has 2 params, run 100 times
2025-10-22 17:00:13.772 | INFO     | __main__:<module>:220 - Fuzz scipy.special.legendre 2 done
2025-10-22 17:00:13.773 | INFO     | __main__:<module>:221 - Current coverage after fuzzing scipy.special.legendre: 195921 bits
2025-10-22 17:00:13.773 | INFO     | __main__:<module>:211 - DyFuzz scipy optimize.diagbroyden 14
2025-10-22 17:00:13.773 | DEBUG    | __main__:<module>:218 - scipy.optimize.diagbroyden has 14 params, run 100 times
2025-10-22 17:00:23.988 | INFO     | __main__:<module>:220 - Fuzz scipy.optimize.diagbroyden 14 done
2025-10-22 17:00:23.989 | INFO     | __main__:<module>:221 - Current coverage after fuzzing scipy.optimize.diagbroyden: 195921 bits
2025-10-22 17:00:23.989 | INFO     | __main__:<module>:211 - DyFuzz scipy signal.ellip 8
2025-10-22 17:00:23.989 | DEBUG    | __main__:<module>:218 - scipy.signal.ellip has 8 params, run 100 times
2025-10-22 17:00:34.489 | INFO     | __main__:<module>:220 - Fuzz scipy.signal.ellip 8 done
2025-10-22 17:00:34.489 | INFO     | __main__:<module>:221 - Current coverage after fuzzing scipy.signal.ellip: 195921 bits
2025-10-22 17:00:34.489 | INFO     | __main__:<module>:211 - DyFuzz scipy signal.cheb1ord 6
2025-10-22 17:00:34.490 | DEBUG    | __main__:<module>:218 - scipy.signal.cheb1ord has 6 params, run 100 times
2025-10-22 17:00:44.929 | INFO     | __main__:<module>:220 - Fuzz scipy.signal.cheb1ord 6 done
2025-10-22 17:00:44.931 | INFO     | __main__:<module>:221 - Current coverage after fuzzing scipy.signal.cheb1ord: 195921 bits
2025-10-22 17:00:44.931 | INFO     | __main__:<module>:211 - DyFuzz scipy cluster.hierarchy.leaders 2
2025-10-22 17:00:44.931 | DEBUG    | __main__:<module>:218 - scipy.cluster.hierarchy.leaders has 2 params, run 100 times
2025-10-22 17:00:55.261 | INFO     | __main__:<module>:220 - Fuzz scipy.cluster.hierarchy.leaders 2 done
2025-10-22 17:00:55.262 | INFO     | __main__:<module>:221 - Current coverage after fuzzing scipy.cluster.hierarchy.leaders: 195921 bits
2025-10-22 17:00:55.263 | INFO     | __main__:<module>:211 - DyFuzz scipy linalg.special_matrices.helmert 2
2025-10-22 17:00:55.263 | DEBUG    | __main__:<module>:218 - scipy.linalg.special_matrices.helmert has 2 params, run 100 times
2025-10-22 17:01:05.825 | INFO     | __main__:<module>:220 - Fuzz scipy.linalg.special_matrices.helmert 2 done
2025-10-22 17:01:05.826 | INFO     | __main__:<module>:221 - Current coverage after fuzzing scipy.linalg.special_matrices.helmert: 195921 bits
2025-10-22 17:01:05.826 | INFO     | __main__:<module>:211 - DyFuzz scipy fft.set_backend 3
2025-10-22 17:01:05.826 | DEBUG    | __main__:<module>:218 - scipy.fft.set_backend has 3 params, run 100 times
2025-10-22 17:01:16.291 | INFO     | __main__:<module>:220 - Fuzz scipy.fft.set_backend 3 done
2025-10-22 17:01:16.292 | INFO     | __main__:<module>:221 - Current coverage after fuzzing scipy.fft.set_backend: 195921 bits
2025-10-22 17:01:16.292 | INFO     | __main__:<module>:211 - DyFuzz scipy optimize.linearmixing 14
2025-10-22 17:01:16.292 | DEBUG    | __main__:<module>:218 - scipy.optimize.linearmixing has 14 params, run 100 times
2025-10-22 17:01:26.664 | INFO     | __main__:<module>:220 - Fuzz scipy.optimize.linearmixing 14 done
2025-10-22 17:01:26.664 | INFO     | __main__:<module>:221 - Current coverage after fuzzing scipy.optimize.linearmixing: 195921 bits
2025-10-22 17:01:26.665 | INFO     | __main__:<module>:211 - DyFuzz scipy integrate.quad 15
2025-10-22 17:01:26.665 | DEBUG    | __main__:<module>:218 - scipy.integrate.quad has 15 params, run 100 times
2025-10-22 17:01:36.780 | INFO     | __main__:<module>:220 - Fuzz scipy.integrate.quad 15 done
2025-10-22 17:01:36.781 | INFO     | __main__:<module>:221 - Current coverage after fuzzing scipy.integrate.quad: 195921 bits
2025-10-22 17:01:36.781 | INFO     | __main__:<module>:211 - DyFuzz scipy signal.windows.blackman 4
2025-10-22 17:01:36.781 | DEBUG    | __main__:<module>:218 - scipy.signal.windows.blackman has 4 params, run 100 times
2025-10-22 17:01:47.036 | INFO     | __main__:<module>:220 - Fuzz scipy.signal.windows.blackman 4 done
2025-10-22 17:01:47.037 | INFO     | __main__:<module>:221 - Current coverage after fuzzing scipy.signal.windows.blackman: 195921 bits
2025-10-22 17:01:47.037 | INFO     | __main__:<module>:211 - DyFuzz scipy fft.ifftshift 2
2025-10-22 17:01:47.037 | DEBUG    | __main__:<module>:218 - scipy.fft.ifftshift has 2 params, run 100 times
2025-10-22 17:01:57.380 | INFO     | __main__:<module>:220 - Fuzz scipy.fft.ifftshift 2 done
2025-10-22 17:01:57.381 | INFO     | __main__:<module>:221 - Current coverage after fuzzing scipy.fft.ifftshift: 195921 bits
2025-10-22 17:01:57.381 | INFO     | __main__:<module>:211 - DyFuzz scipy linalg.leslie 2
2025-10-22 17:01:57.382 | DEBUG    | __main__:<module>:218 - scipy.linalg.leslie has 2 params, run 100 times
2025-10-22 17:02:07.561 | INFO     | __main__:<module>:220 - Fuzz scipy.linalg.leslie 2 done
2025-10-22 17:02:07.562 | INFO     | __main__:<module>:221 - Current coverage after fuzzing scipy.linalg.leslie: 195921 bits
2025-10-22 17:02:07.562 | INFO     | __main__:<module>:211 - DyFuzz scipy interpolate.ndgriddata.griddata 6
2025-10-22 17:02:07.562 | DEBUG    | __main__:<module>:218 - scipy.interpolate.ndgriddata.griddata has 6 params, run 100 times
2025-10-22 17:02:17.815 | INFO     | __main__:<module>:220 - Fuzz scipy.interpolate.ndgriddata.griddata 6 done
2025-10-22 17:02:17.816 | INFO     | __main__:<module>:221 - Current coverage after fuzzing scipy.interpolate.ndgriddata.griddata: 195921 bits
2025-10-22 17:02:17.816 | INFO     | __main__:<module>:211 - DyFuzz scipy stats.morestats.kstatvar 5
2025-10-22 17:02:17.816 | DEBUG    | __main__:<module>:218 - scipy.stats.morestats.kstatvar has 5 params, run 100 times
2025-10-22 17:02:28.544 | INFO     | __main__:<module>:220 - Fuzz scipy.stats.morestats.kstatvar 5 done
2025-10-22 17:02:28.545 | INFO     | __main__:<module>:221 - Current coverage after fuzzing scipy.stats.morestats.kstatvar: 195921 bits
2025-10-22 17:02:28.545 | INFO     | __main__:<module>:211 - DyFuzz scipy linalg.rq 5
2025-10-22 17:02:28.545 | DEBUG    | __main__:<module>:218 - scipy.linalg.rq has 5 params, run 100 times
2025-10-22 17:02:39.151 | INFO     | __main__:<module>:220 - Fuzz scipy.linalg.rq 5 done
2025-10-22 17:02:39.152 | INFO     | __main__:<module>:221 - Current coverage after fuzzing scipy.linalg.rq: 195921 bits
2025-10-22 17:02:39.153 | INFO     | __main__:<module>:211 - DyFuzz scipy signal.windows.blackmanharris 4
2025-10-22 17:02:39.153 | DEBUG    | __main__:<module>:218 - scipy.signal.windows.blackmanharris has 4 params, run 100 times
2025-10-22 17:02:50.088 | INFO     | __main__:<module>:220 - Fuzz scipy.signal.windows.blackmanharris 4 done
2025-10-22 17:02:50.089 | INFO     | __main__:<module>:221 - Current coverage after fuzzing scipy.signal.windows.blackmanharris: 195921 bits
2025-10-22 17:02:50.089 | INFO     | __main__:<module>:211 - DyFuzz scipy signal.windows.hamming 4
2025-10-22 17:02:50.089 | DEBUG    | __main__:<module>:218 - scipy.signal.windows.hamming has 4 params, run 100 times
2025-10-22 17:03:00.884 | INFO     | __main__:<module>:220 - Fuzz scipy.signal.windows.hamming 4 done
2025-10-22 17:03:00.885 | INFO     | __main__:<module>:221 - Current coverage after fuzzing scipy.signal.windows.hamming: 195921 bits
2025-10-22 17:03:00.885 | INFO     | __main__:<module>:211 - DyFuzz scipy cluster.vq.whiten 2
2025-10-22 17:03:00.886 | DEBUG    | __main__:<module>:218 - scipy.cluster.vq.whiten has 2 params, run 100 times
2025-10-22 17:03:11.598 | INFO     | __main__:<module>:220 - Fuzz scipy.cluster.vq.whiten 2 done
2025-10-22 17:03:11.599 | INFO     | __main__:<module>:221 - Current coverage after fuzzing scipy.cluster.vq.whiten: 195921 bits
2025-10-22 17:03:11.600 | INFO     | __main__:<module>:211 - DyFuzz scipy stats.mstats_basic.theilslopes 4
2025-10-22 17:03:11.600 | DEBUG    | __main__:<module>:218 - scipy.stats.mstats_basic.theilslopes has 4 params, run 100 times
2025-10-22 17:03:22.103 | INFO     | __main__:<module>:220 - Fuzz scipy.stats.mstats_basic.theilslopes 4 done
2025-10-22 17:03:22.104 | INFO     | __main__:<module>:221 - Current coverage after fuzzing scipy.stats.mstats_basic.theilslopes: 195921 bits
2025-10-22 17:03:22.105 | INFO     | __main__:<module>:211 - DyFuzz scipy stats.morestats.wilcoxon 9
2025-10-22 17:03:22.105 | DEBUG    | __main__:<module>:218 - scipy.stats.morestats.wilcoxon has 9 params, run 100 times
2025-10-22 17:03:32.873 | INFO     | __main__:<module>:220 - Fuzz scipy.stats.morestats.wilcoxon 9 done
2025-10-22 17:03:32.874 | INFO     | __main__:<module>:221 - Current coverage after fuzzing scipy.stats.morestats.wilcoxon: 195921 bits
2025-10-22 17:03:32.874 | INFO     | __main__:<module>:211 - DyFuzz scipy optimize.newton_krylov 18
2025-10-22 17:03:32.875 | DEBUG    | __main__:<module>:218 - scipy.optimize.newton_krylov has 18 params, run 100 times
2025-10-22 17:03:43.434 | INFO     | __main__:<module>:220 - Fuzz scipy.optimize.newton_krylov 18 done
2025-10-22 17:03:43.434 | INFO     | __main__:<module>:221 - Current coverage after fuzzing scipy.optimize.newton_krylov: 195921 bits
2025-10-22 17:03:43.435 | INFO     | __main__:<module>:211 - DyFuzz scipy signal.savgol_coeffs 6
2025-10-22 17:03:43.435 | DEBUG    | __main__:<module>:218 - scipy.signal.savgol_coeffs has 6 params, run 100 times
2025-10-22 17:03:53.825 | INFO     | __main__:<module>:220 - Fuzz scipy.signal.savgol_coeffs 6 done
2025-10-22 17:03:53.826 | INFO     | __main__:<module>:221 - Current coverage after fuzzing scipy.signal.savgol_coeffs: 195921 bits
2025-10-22 17:03:53.826 | INFO     | __main__:<module>:211 - DyFuzz scipy ndimage.fourier_shift 5
2025-10-22 17:03:53.826 | DEBUG    | __main__:<module>:218 - scipy.ndimage.fourier_shift has 5 params, run 100 times
2025-10-22 17:04:04.087 | INFO     | __main__:<module>:220 - Fuzz scipy.ndimage.fourier_shift 5 done
2025-10-22 17:04:04.088 | INFO     | __main__:<module>:221 - Current coverage after fuzzing scipy.ndimage.fourier_shift: 195921 bits
2025-10-22 17:04:04.088 | INFO     | __main__:<module>:211 - DyFuzz scipy sparse.linalg.isolve.lsqr 10
2025-10-22 17:04:04.088 | DEBUG    | __main__:<module>:218 - scipy.sparse.linalg.isolve.lsqr has 10 params, run 100 times
2025-10-22 17:04:14.453 | INFO     | __main__:<module>:220 - Fuzz scipy.sparse.linalg.isolve.lsqr 10 done
2025-10-22 17:04:14.454 | INFO     | __main__:<module>:221 - Current coverage after fuzzing scipy.sparse.linalg.isolve.lsqr: 195921 bits
2025-10-22 17:04:14.454 | INFO     | __main__:<module>:211 - DyFuzz scipy fft.rfftfreq 4
2025-10-22 17:04:14.455 | DEBUG    | __main__:<module>:218 - scipy.fft.rfftfreq has 4 params, run 100 times
2025-10-22 17:04:24.922 | INFO     | __main__:<module>:220 - Fuzz scipy.fft.rfftfreq 4 done
2025-10-22 17:04:24.923 | INFO     | __main__:<module>:221 - Current coverage after fuzzing scipy.fft.rfftfreq: 195921 bits
2025-10-22 17:04:24.923 | INFO     | __main__:<module>:211 - DyFuzz scipy stats._mstats_basic.spearmanr 6
2025-10-22 17:04:24.923 | DEBUG    | __main__:<module>:218 - scipy.stats._mstats_basic.spearmanr has 6 params, run 100 times
2025-10-22 17:04:35.647 | INFO     | __main__:<module>:220 - Fuzz scipy.stats._mstats_basic.spearmanr 6 done
2025-10-22 17:04:35.647 | INFO     | __main__:<module>:221 - Current coverage after fuzzing scipy.stats._mstats_basic.spearmanr: 195921 bits
2025-10-22 17:04:35.647 | INFO     | __main__:<module>:211 - DyFuzz scipy fftpack.rfftfreq 2
2025-10-22 17:04:35.647 | DEBUG    | __main__:<module>:218 - scipy.fftpack.rfftfreq has 2 params, run 100 times
2025-10-22 17:04:46.538 | INFO     | __main__:<module>:220 - Fuzz scipy.fftpack.rfftfreq 2 done
2025-10-22 17:04:46.539 | INFO     | __main__:<module>:221 - Current coverage after fuzzing scipy.fftpack.rfftfreq: 195921 bits
2025-10-22 17:04:46.539 | INFO     | __main__:<module>:211 - DyFuzz scipy stats.make_distribution 1
2025-10-22 17:04:46.539 | DEBUG    | __main__:<module>:218 - scipy.stats.make_distribution has 1 params, run 100 times
2025-10-22 17:04:56.821 | INFO     | __main__:<module>:220 - Fuzz scipy.stats.make_distribution 1 done
2025-10-22 17:04:56.822 | INFO     | __main__:<module>:221 - Current coverage after fuzzing scipy.stats.make_distribution: 195921 bits
2025-10-22 17:04:56.822 | INFO     | __main__:<module>:211 - DyFuzz scipy signal.symiirorder1 4
2025-10-22 17:04:56.823 | DEBUG    | __main__:<module>:218 - scipy.signal.symiirorder1 has 4 params, run 100 times
2025-10-22 17:05:07.426 | INFO     | __main__:<module>:220 - Fuzz scipy.signal.symiirorder1 4 done
2025-10-22 17:05:07.427 | INFO     | __main__:<module>:221 - Current coverage after fuzzing scipy.signal.symiirorder1: 195921 bits
2025-10-22 17:05:07.427 | INFO     | __main__:<module>:211 - DyFuzz scipy stats.bayes_mvs 2
2025-10-22 17:05:07.427 | DEBUG    | __main__:<module>:218 - scipy.stats.bayes_mvs has 2 params, run 100 times
2025-10-22 17:05:18.215 | INFO     | __main__:<module>:220 - Fuzz scipy.stats.bayes_mvs 2 done
2025-10-22 17:05:18.216 | INFO     | __main__:<module>:221 - Current coverage after fuzzing scipy.stats.bayes_mvs: 195921 bits
2025-10-22 17:05:18.217 | INFO     | __main__:<module>:211 - DyFuzz scipy fftpack.ss_diff 5
2025-10-22 17:05:18.217 | DEBUG    | __main__:<module>:218 - scipy.fftpack.ss_diff has 5 params, run 100 times
2025-10-22 17:05:28.683 | INFO     | __main__:<module>:220 - Fuzz scipy.fftpack.ss_diff 5 done
2025-10-22 17:05:28.684 | INFO     | __main__:<module>:221 - Current coverage after fuzzing scipy.fftpack.ss_diff: 195921 bits
2025-10-22 17:05:28.684 | INFO     | __main__:<module>:211 - DyFuzz scipy interpolate.polyint.approximate_taylor_polynomial 5
2025-10-22 17:05:28.684 | DEBUG    | __main__:<module>:218 - scipy.interpolate.polyint.approximate_taylor_polynomial has 5 params, run 100 times
2025-10-22 17:05:39.280 | INFO     | __main__:<module>:220 - Fuzz scipy.interpolate.polyint.approximate_taylor_polynomial 5 done
2025-10-22 17:05:39.281 | INFO     | __main__:<module>:221 - Current coverage after fuzzing scipy.interpolate.polyint.approximate_taylor_polynomial: 195921 bits
2025-10-22 17:05:39.281 | INFO     | __main__:<module>:211 - DyFuzz scipy stats.stats.pointbiserialr 5
2025-10-22 17:05:39.281 | DEBUG    | __main__:<module>:218 - scipy.stats.stats.pointbiserialr has 5 params, run 100 times
2025-10-22 17:05:49.814 | INFO     | __main__:<module>:220 - Fuzz scipy.stats.stats.pointbiserialr 5 done
2025-10-22 17:05:49.815 | INFO     | __main__:<module>:221 - Current coverage after fuzzing scipy.stats.stats.pointbiserialr: 195921 bits
2025-10-22 17:05:49.816 | INFO     | __main__:<module>:211 - DyFuzz scipy signal.bilinear 3
2025-10-22 17:05:49.816 | DEBUG    | __main__:<module>:218 - scipy.signal.bilinear has 3 params, run 100 times
2025-10-22 17:06:00.328 | INFO     | __main__:<module>:220 - Fuzz scipy.signal.bilinear 3 done
2025-10-22 17:06:00.329 | INFO     | __main__:<module>:221 - Current coverage after fuzzing scipy.signal.bilinear: 195921 bits
2025-10-22 17:06:00.329 | INFO     | __main__:<module>:211 - DyFuzz scipy signal.windows.dpss 8
2025-10-22 17:06:00.330 | DEBUG    | __main__:<module>:218 - scipy.signal.windows.dpss has 8 params, run 100 times
2025-10-22 17:06:10.870 | INFO     | __main__:<module>:220 - Fuzz scipy.signal.windows.dpss 8 done
2025-10-22 17:06:10.871 | INFO     | __main__:<module>:221 - Current coverage after fuzzing scipy.signal.windows.dpss: 195921 bits
2025-10-22 17:06:10.871 | INFO     | __main__:<module>:211 - DyFuzz scipy linalg.solve_continuous_are 7
2025-10-22 17:06:10.871 | DEBUG    | __main__:<module>:218 - scipy.linalg.solve_continuous_are has 7 params, run 100 times
2025-10-22 17:06:21.123 | INFO     | __main__:<module>:220 - Fuzz scipy.linalg.solve_continuous_are 7 done
2025-10-22 17:06:21.124 | INFO     | __main__:<module>:221 - Current coverage after fuzzing scipy.linalg.solve_continuous_are: 195921 bits
2025-10-22 17:06:21.124 | INFO     | __main__:<module>:211 - DyFuzz scipy sparse.linalg.norm 3
2025-10-22 17:06:21.124 | DEBUG    | __main__:<module>:218 - scipy.sparse.linalg.norm has 3 params, run 100 times
2025-10-22 17:06:31.475 | INFO     | __main__:<module>:220 - Fuzz scipy.sparse.linalg.norm 3 done
2025-10-22 17:06:31.476 | INFO     | __main__:<module>:221 - Current coverage after fuzzing scipy.sparse.linalg.norm: 195921 bits
2025-10-22 17:06:31.476 | INFO     | __main__:<module>:211 - DyFuzz scipy linalg.eig_banded 8
2025-10-22 17:06:31.476 | DEBUG    | __main__:<module>:218 - scipy.linalg.eig_banded has 8 params, run 100 times
2025-10-22 17:06:42.119 | INFO     | __main__:<module>:220 - Fuzz scipy.linalg.eig_banded 8 done
2025-10-22 17:06:42.121 | INFO     | __main__:<module>:221 - Current coverage after fuzzing scipy.linalg.eig_banded: 195921 bits
2025-10-22 17:06:42.121 | INFO     | __main__:<module>:211 - DyFuzz scipy fftpack.dst 6
2025-10-22 17:06:42.122 | DEBUG    | __main__:<module>:218 - scipy.fftpack.dst has 6 params, run 100 times
2025-10-22 17:06:52.602 | INFO     | __main__:<module>:220 - Fuzz scipy.fftpack.dst 6 done
2025-10-22 17:06:52.603 | INFO     | __main__:<module>:221 - Current coverage after fuzzing scipy.fftpack.dst: 195921 bits
2025-10-22 17:06:52.603 | INFO     | __main__:<module>:226 - Dyfuzz done scipy
2025-10-22 17:06:52.603 | INFO     | __main__:<module>:200 - DyFuzz test requests
2025-10-22 17:06:52.603 | INFO     | __main__:<module>:203 - requests has 4 apis
2025-10-22 17:06:52.603 | INFO     | __main__:<module>:211 - DyFuzz requests hooks.dispatch_hook 4
2025-10-22 17:06:52.603 | DEBUG    | __main__:<module>:218 - requests.hooks.dispatch_hook has 4 params, run 100 times
2025-10-22 17:07:02.896 | INFO     | __main__:<module>:220 - Fuzz requests.hooks.dispatch_hook 4 done
2025-10-22 17:07:02.896 | INFO     | __main__:<module>:221 - Current coverage after fuzzing requests.hooks.dispatch_hook: 195921 bits
2025-10-22 17:07:02.897 | INFO     | __main__:<module>:211 - DyFuzz requests utils.guess_json_utf 1
2025-10-22 17:07:02.897 | DEBUG    | __main__:<module>:218 - requests.utils.guess_json_utf has 1 params, run 100 times
2025-10-22 17:07:13.121 | INFO     | __main__:<module>:220 - Fuzz requests.utils.guess_json_utf 1 done
2025-10-22 17:07:13.122 | INFO     | __main__:<module>:221 - Current coverage after fuzzing requests.utils.guess_json_utf: 195921 bits
2025-10-22 17:07:13.122 | INFO     | __main__:<module>:211 - DyFuzz requests adapters.prepend_scheme_if_needed 2
2025-10-22 17:07:13.122 | DEBUG    | __main__:<module>:218 - requests.adapters.prepend_scheme_if_needed has 2 params, run 100 times
2025-10-22 17:07:23.620 | INFO     | __main__:<module>:220 - Fuzz requests.adapters.prepend_scheme_if_needed 2 done
2025-10-22 17:07:23.621 | INFO     | __main__:<module>:221 - Current coverage after fuzzing requests.adapters.prepend_scheme_if_needed: 195921 bits
2025-10-22 17:07:23.621 | INFO     | __main__:<module>:211 - DyFuzz requests sessions.default_headers 0
2025-10-22 17:07:23.621 | DEBUG    | __main__:<module>:213 - requests.sessions.default_headers has 0 params, run once
2025-10-22 17:07:23.730 | INFO     | __main__:<module>:220 - Fuzz requests.sessions.default_headers 0 done
2025-10-22 17:07:23.731 | INFO     | __main__:<module>:221 - Current coverage after fuzzing requests.sessions.default_headers: 195921 bits
2025-10-22 17:07:23.731 | INFO     | __main__:<module>:226 - Dyfuzz done requests
2025-10-22 17:07:23.731 | INFO     | __main__:<module>:200 - DyFuzz test spacy
2025-10-22 17:07:23.731 | INFO     | __main__:<module>:203 - spacy has 11 apis
2025-10-22 17:07:23.731 | INFO     | __main__:<module>:211 - DyFuzz spacy ml.models.entity_linker.empty_kb 1
2025-10-22 17:07:23.731 | DEBUG    | __main__:<module>:218 - spacy.ml.models.entity_linker.empty_kb has 1 params, run 100 times
2025-10-22 17:07:34.328 | INFO     | __main__:<module>:220 - Fuzz spacy.ml.models.entity_linker.empty_kb 1 done
2025-10-22 17:07:34.329 | INFO     | __main__:<module>:221 - Current coverage after fuzzing spacy.ml.models.entity_linker.empty_kb: 195921 bits
2025-10-22 17:07:34.329 | INFO     | __main__:<module>:211 - DyFuzz spacy explain 1
2025-10-22 17:07:34.329 | DEBUG    | __main__:<module>:218 - spacy.explain has 1 params, run 100 times
2025-10-22 17:07:44.887 | INFO     | __main__:<module>:220 - Fuzz spacy.explain 1 done
2025-10-22 17:07:44.888 | INFO     | __main__:<module>:221 - Current coverage after fuzzing spacy.explain: 195921 bits
2025-10-22 17:07:44.889 | INFO     | __main__:<module>:211 - DyFuzz spacy util.split_requirement 1
2025-10-22 17:07:44.889 | DEBUG    | __main__:<module>:218 - spacy.util.split_requirement has 1 params, run 100 times
2025-10-22 17:07:55.365 | INFO     | __main__:<module>:220 - Fuzz spacy.util.split_requirement 1 done
2025-10-22 17:07:55.365 | INFO     | __main__:<module>:221 - Current coverage after fuzzing spacy.util.split_requirement: 195921 bits
2025-10-22 17:07:55.365 | INFO     | __main__:<module>:211 - DyFuzz spacy ml.models.multi_task.build_cloze_multi_task_model 4
2025-10-22 17:07:55.366 | DEBUG    | __main__:<module>:218 - spacy.ml.models.multi_task.build_cloze_multi_task_model has 4 params, run 100 times
2025-10-22 17:08:05.882 | INFO     | __main__:<module>:220 - Fuzz spacy.ml.models.multi_task.build_cloze_multi_task_model 4 done
2025-10-22 17:08:05.883 | INFO     | __main__:<module>:221 - Current coverage after fuzzing spacy.ml.models.multi_task.build_cloze_multi_task_model: 195921 bits
2025-10-22 17:08:05.883 | INFO     | __main__:<module>:211 - DyFuzz spacy ml.TransitionModel 6
2025-10-22 17:08:05.883 | DEBUG    | __main__:<module>:218 - spacy.ml.TransitionModel has 6 params, run 100 times
2025-10-22 17:08:16.333 | INFO     | __main__:<module>:220 - Fuzz spacy.ml.TransitionModel 6 done
2025-10-22 17:08:16.333 | INFO     | __main__:<module>:221 - Current coverage after fuzzing spacy.ml.TransitionModel: 195921 bits
2025-10-22 17:08:16.334 | INFO     | __main__:<module>:211 - DyFuzz spacy cli.train.show_validation_error 5
2025-10-22 17:08:16.334 | DEBUG    | __main__:<module>:218 - spacy.cli.train.show_validation_error has 5 params, run 100 times
2025-10-22 17:08:26.922 | INFO     | __main__:<module>:220 - Fuzz spacy.cli.train.show_validation_error 5 done
2025-10-22 17:08:26.923 | INFO     | __main__:<module>:221 - Current coverage after fuzzing spacy.cli.train.show_validation_error: 195921 bits
2025-10-22 17:08:26.923 | INFO     | __main__:<module>:211 - DyFuzz spacy ml.models.multi_task.create_pretrain_vectors 3
2025-10-22 17:08:26.924 | DEBUG    | __main__:<module>:218 - spacy.ml.models.multi_task.create_pretrain_vectors has 3 params, run 100 times
2025-10-22 17:08:37.233 | INFO     | __main__:<module>:220 - Fuzz spacy.ml.models.multi_task.create_pretrain_vectors 3 done
2025-10-22 17:08:37.234 | INFO     | __main__:<module>:221 - Current coverage after fuzzing spacy.ml.models.multi_task.create_pretrain_vectors: 195921 bits
2025-10-22 17:08:37.234 | INFO     | __main__:<module>:211 - DyFuzz spacy lang.char_classes.<lambda> 1
2025-10-22 17:08:37.235 | DEBUG    | __main__:<module>:218 - spacy.lang.char_classes.<lambda> has 1 params, run 100 times
2025-10-22 17:08:47.775 | INFO     | __main__:<module>:220 - Fuzz spacy.lang.char_classes.<lambda> 1 done
2025-10-22 17:08:47.776 | INFO     | __main__:<module>:221 - Current coverage after fuzzing spacy.lang.char_classes.<lambda>: 195921 bits
2025-10-22 17:08:47.776 | INFO     | __main__:<module>:211 - DyFuzz spacy util.to_bytes 2
2025-10-22 17:08:47.776 | DEBUG    | __main__:<module>:218 - spacy.util.to_bytes has 2 params, run 100 times
2025-10-22 17:08:58.234 | INFO     | __main__:<module>:220 - Fuzz spacy.util.to_bytes 2 done
2025-10-22 17:08:58.235 | INFO     | __main__:<module>:221 - Current coverage after fuzzing spacy.util.to_bytes: 195921 bits
2025-10-22 17:08:58.235 | INFO     | __main__:<module>:211 - DyFuzz spacy ml.build_tagger_model 3
2025-10-22 17:08:58.235 | DEBUG    | __main__:<module>:218 - spacy.ml.build_tagger_model has 3 params, run 100 times
2025-10-22 17:09:08.742 | INFO     | __main__:<module>:220 - Fuzz spacy.ml.build_tagger_model 3 done
2025-10-22 17:09:08.743 | INFO     | __main__:<module>:221 - Current coverage after fuzzing spacy.ml.build_tagger_model: 195921 bits
2025-10-22 17:09:08.743 | INFO     | __main__:<module>:211 - DyFuzz spacy util.to_ternary_int 1
2025-10-22 17:09:08.744 | DEBUG    | __main__:<module>:218 - spacy.util.to_ternary_int has 1 params, run 100 times
2025-10-22 17:09:19.140 | INFO     | __main__:<module>:220 - Fuzz spacy.util.to_ternary_int 1 done
2025-10-22 17:09:19.140 | INFO     | __main__:<module>:221 - Current coverage after fuzzing spacy.util.to_ternary_int: 195921 bits
2025-10-22 17:09:19.141 | INFO     | __main__:<module>:226 - Dyfuzz done spacy
2025-10-22 17:09:19.141 | INFO     | __main__:<module>:200 - DyFuzz test torch
2025-10-22 17:09:19.141 | INFO     | __main__:<module>:203 - torch has 25 apis
2025-10-22 17:09:19.141 | INFO     | __main__:<module>:211 - DyFuzz torch conv_tbc 4
2025-10-22 17:09:19.141 | DEBUG    | __main__:<module>:218 - torch.conv_tbc has 4 params, run 100 times
2025-10-22 17:09:29.730 | INFO     | __main__:<module>:220 - Fuzz torch.conv_tbc 4 done
2025-10-22 17:09:29.730 | INFO     | __main__:<module>:221 - Current coverage after fuzzing torch.conv_tbc: 195921 bits
2025-10-22 17:09:29.731 | INFO     | __main__:<module>:211 - DyFuzz torch exp2_ 1
2025-10-22 17:09:29.731 | DEBUG    | __main__:<module>:218 - torch.exp2_ has 1 params, run 100 times
2025-10-22 17:09:40.233 | INFO     | __main__:<module>:220 - Fuzz torch.exp2_ 1 done
2025-10-22 17:09:40.234 | INFO     | __main__:<module>:221 - Current coverage after fuzzing torch.exp2_: 195921 bits
2025-10-22 17:09:40.234 | INFO     | __main__:<module>:211 - DyFuzz torch set_warn_always 1
2025-10-22 17:09:40.234 | DEBUG    | __main__:<module>:218 - torch.set_warn_always has 1 params, run 100 times
2025-10-22 17:09:50.520 | INFO     | __main__:<module>:220 - Fuzz torch.set_warn_always 1 done
2025-10-22 17:09:50.521 | INFO     | __main__:<module>:221 - Current coverage after fuzzing torch.set_warn_always: 195921 bits
2025-10-22 17:09:50.521 | INFO     | __main__:<module>:211 - DyFuzz torch gcd 3
2025-10-22 17:09:50.521 | DEBUG    | __main__:<module>:218 - torch.gcd has 3 params, run 100 times
2025-10-22 17:10:00.939 | INFO     | __main__:<module>:220 - Fuzz torch.gcd 3 done
2025-10-22 17:10:00.940 | INFO     | __main__:<module>:221 - Current coverage after fuzzing torch.gcd: 195921 bits
2025-10-22 17:10:00.940 | INFO     | __main__:<module>:211 - DyFuzz torch sqrt 2
2025-10-22 17:10:00.940 | DEBUG    | __main__:<module>:218 - torch.sqrt has 2 params, run 100 times
2025-10-22 17:10:11.310 | INFO     | __main__:<module>:220 - Fuzz torch.sqrt 2 done
2025-10-22 17:10:11.311 | INFO     | __main__:<module>:221 - Current coverage after fuzzing torch.sqrt: 195921 bits
2025-10-22 17:10:11.311 | INFO     | __main__:<module>:211 - DyFuzz torch multinomial 5
2025-10-22 17:10:11.311 | DEBUG    | __main__:<module>:218 - torch.multinomial has 5 params, run 100 times
2025-10-22 17:10:21.683 | INFO     | __main__:<module>:220 - Fuzz torch.multinomial 5 done
2025-10-22 17:10:21.684 | INFO     | __main__:<module>:221 - Current coverage after fuzzing torch.multinomial: 195921 bits
2025-10-22 17:10:21.685 | INFO     | __main__:<module>:211 - DyFuzz torch log2_ 1
2025-10-22 17:10:21.685 | DEBUG    | __main__:<module>:218 - torch.log2_ has 1 params, run 100 times
2025-10-22 17:10:32.058 | INFO     | __main__:<module>:220 - Fuzz torch.log2_ 1 done
2025-10-22 17:10:32.059 | INFO     | __main__:<module>:221 - Current coverage after fuzzing torch.log2_: 195921 bits
2025-10-22 17:10:32.059 | INFO     | __main__:<module>:211 - DyFuzz torch swapdims 3
2025-10-22 17:10:32.059 | DEBUG    | __main__:<module>:218 - torch.swapdims has 3 params, run 100 times
2025-10-22 17:10:42.536 | INFO     | __main__:<module>:220 - Fuzz torch.swapdims 3 done
2025-10-22 17:10:42.537 | INFO     | __main__:<module>:221 - Current coverage after fuzzing torch.swapdims: 195921 bits
2025-10-22 17:10:42.537 | INFO     | __main__:<module>:211 - DyFuzz torch tensordot 4
2025-10-22 17:10:42.537 | DEBUG    | __main__:<module>:218 - torch.tensordot has 4 params, run 100 times
2025-10-22 17:10:53.043 | INFO     | __main__:<module>:220 - Fuzz torch.tensordot 4 done
2025-10-22 17:10:53.044 | INFO     | __main__:<module>:221 - Current coverage after fuzzing torch.tensordot: 195921 bits
2025-10-22 17:10:53.045 | INFO     | __main__:<module>:211 - DyFuzz torch less 3
2025-10-22 17:10:53.045 | DEBUG    | __main__:<module>:218 - torch.less has 3 params, run 100 times
2025-10-22 17:11:04.016 | INFO     | __main__:<module>:220 - Fuzz torch.less 3 done
2025-10-22 17:11:04.017 | INFO     | __main__:<module>:221 - Current coverage after fuzzing torch.less: 195921 bits
2025-10-22 17:11:04.017 | INFO     | __main__:<module>:211 - DyFuzz torch chain_matmul 2
2025-10-22 17:11:04.017 | DEBUG    | __main__:<module>:218 - torch.chain_matmul has 2 params, run 100 times
2025-10-22 17:11:14.742 | INFO     | __main__:<module>:220 - Fuzz torch.chain_matmul 2 done
2025-10-22 17:11:14.743 | INFO     | __main__:<module>:221 - Current coverage after fuzzing torch.chain_matmul: 195921 bits
2025-10-22 17:11:14.743 | INFO     | __main__:<module>:211 - DyFuzz torch reciprocal_ 1
2025-10-22 17:11:14.744 | DEBUG    | __main__:<module>:218 - torch.reciprocal_ has 1 params, run 100 times
2025-10-22 17:11:25.609 | INFO     | __main__:<module>:220 - Fuzz torch.reciprocal_ 1 done
2025-10-22 17:11:25.610 | INFO     | __main__:<module>:221 - Current coverage after fuzzing torch.reciprocal_: 195921 bits
2025-10-22 17:11:25.611 | INFO     | __main__:<module>:211 - DyFuzz torch sspaddmm 4
2025-10-22 17:11:25.611 | DEBUG    | __main__:<module>:218 - torch.sspaddmm has 4 params, run 100 times
2025-10-22 17:11:36.342 | INFO     | __main__:<module>:220 - Fuzz torch.sspaddmm 4 done
2025-10-22 17:11:36.343 | INFO     | __main__:<module>:221 - Current coverage after fuzzing torch.sspaddmm: 195921 bits
2025-10-22 17:11:36.343 | INFO     | __main__:<module>:211 - DyFuzz torch arccos_ 1
2025-10-22 17:11:36.343 | DEBUG    | __main__:<module>:218 - torch.arccos_ has 1 params, run 100 times
2025-10-22 17:11:46.840 | INFO     | __main__:<module>:220 - Fuzz torch.arccos_ 1 done
2025-10-22 17:11:46.841 | INFO     | __main__:<module>:221 - Current coverage after fuzzing torch.arccos_: 195921 bits
2025-10-22 17:11:46.841 | INFO     | __main__:<module>:211 - DyFuzz torch nansum 5
2025-10-22 17:11:46.841 | DEBUG    | __main__:<module>:218 - torch.nansum has 5 params, run 100 times
2025-10-22 17:11:57.343 | INFO     | __main__:<module>:220 - Fuzz torch.nansum 5 done
2025-10-22 17:11:57.344 | INFO     | __main__:<module>:221 - Current coverage after fuzzing torch.nansum: 195921 bits
2025-10-22 17:11:57.344 | INFO     | __main__:<module>:211 - DyFuzz torch export.save 5
2025-10-22 17:11:57.344 | DEBUG    | __main__:<module>:218 - torch.export.save has 5 params, run 100 times
2025-10-22 17:12:07.982 | INFO     | __main__:<module>:220 - Fuzz torch.export.save 5 done
2025-10-22 17:12:07.983 | INFO     | __main__:<module>:221 - Current coverage after fuzzing torch.export.save: 195921 bits
2025-10-22 17:12:07.983 | INFO     | __main__:<module>:211 - DyFuzz torch isreal 1
2025-10-22 17:12:07.983 | DEBUG    | __main__:<module>:218 - torch.isreal has 1 params, run 100 times
2025-10-22 17:12:18.551 | INFO     | __main__:<module>:220 - Fuzz torch.isreal 1 done
2025-10-22 17:12:18.551 | INFO     | __main__:<module>:221 - Current coverage after fuzzing torch.isreal: 195921 bits
2025-10-22 17:12:18.551 | INFO     | __main__:<module>:211 - DyFuzz torch zero_ 1
2025-10-22 17:12:18.551 | DEBUG    | __main__:<module>:218 - torch.zero_ has 1 params, run 100 times
2025-10-22 17:12:29.537 | INFO     | __main__:<module>:220 - Fuzz torch.zero_ 1 done
2025-10-22 17:12:29.537 | INFO     | __main__:<module>:221 - Current coverage after fuzzing torch.zero_: 195921 bits
2025-10-22 17:12:29.538 | INFO     | __main__:<module>:211 - DyFuzz torch hspmm 3
2025-10-22 17:12:29.538 | DEBUG    | __main__:<module>:218 - torch.hspmm has 3 params, run 100 times
2025-10-22 17:12:40.258 | INFO     | __main__:<module>:220 - Fuzz torch.hspmm 3 done
2025-10-22 17:12:40.258 | INFO     | __main__:<module>:221 - Current coverage after fuzzing torch.hspmm: 195921 bits
2025-10-22 17:12:40.259 | INFO     | __main__:<module>:211 - DyFuzz torch get_rng_state 0
2025-10-22 17:12:40.259 | DEBUG    | __main__:<module>:213 - torch.get_rng_state has 0 params, run once
2025-10-22 17:12:40.369 | INFO     | __main__:<module>:220 - Fuzz torch.get_rng_state 0 done
2025-10-22 17:12:40.369 | INFO     | __main__:<module>:221 - Current coverage after fuzzing torch.get_rng_state: 195921 bits
2025-10-22 17:12:40.369 | INFO     | __main__:<module>:211 - DyFuzz torch addmv 5
2025-10-22 17:12:40.370 | DEBUG    | __main__:<module>:218 - torch.addmv has 5 params, run 100 times
2025-10-22 17:12:50.982 | INFO     | __main__:<module>:220 - Fuzz torch.addmv 5 done
2025-10-22 17:12:50.983 | INFO     | __main__:<module>:221 - Current coverage after fuzzing torch.addmv: 195921 bits
2025-10-22 17:12:50.983 | INFO     | __main__:<module>:211 - DyFuzz torch block_diag 1
2025-10-22 17:12:50.983 | DEBUG    | __main__:<module>:218 - torch.block_diag has 1 params, run 100 times
2025-10-22 17:13:01.364 | INFO     | __main__:<module>:220 - Fuzz torch.block_diag 1 done
2025-10-22 17:13:01.365 | INFO     | __main__:<module>:221 - Current coverage after fuzzing torch.block_diag: 195921 bits
2025-10-22 17:13:01.365 | INFO     | __main__:<module>:211 - DyFuzz torch frexp 2
2025-10-22 17:13:01.365 | DEBUG    | __main__:<module>:218 - torch.frexp has 2 params, run 100 times
2025-10-22 17:13:11.811 | INFO     | __main__:<module>:220 - Fuzz torch.frexp 2 done
2025-10-22 17:13:11.812 | INFO     | __main__:<module>:221 - Current coverage after fuzzing torch.frexp: 195921 bits
2025-10-22 17:13:11.812 | INFO     | __main__:<module>:211 - DyFuzz torch get_num_threads 0
2025-10-22 17:13:11.812 | DEBUG    | __main__:<module>:213 - torch.get_num_threads has 0 params, run once
2025-10-22 17:13:11.927 | INFO     | __main__:<module>:220 - Fuzz torch.get_num_threads 0 done
2025-10-22 17:13:11.928 | INFO     | __main__:<module>:221 - Current coverage after fuzzing torch.get_num_threads: 195921 bits
2025-10-22 17:13:11.928 | INFO     | __main__:<module>:211 - DyFuzz torch ldexp_ 2
2025-10-22 17:13:11.928 | DEBUG    | __main__:<module>:218 - torch.ldexp_ has 2 params, run 100 times
2025-10-22 17:13:22.297 | INFO     | __main__:<module>:220 - Fuzz torch.ldexp_ 2 done
2025-10-22 17:13:22.297 | INFO     | __main__:<module>:221 - Current coverage after fuzzing torch.ldexp_: 195921 bits
2025-10-22 17:13:22.297 | INFO     | __main__:<module>:226 - Dyfuzz done torch
2025-10-22 17:13:22.297 | INFO     | __main__:<module>:200 - DyFuzz test paddle
2025-10-22 17:13:22.297 | INFO     | __main__:<module>:203 - paddle has 17 apis
2025-10-22 17:13:22.297 | INFO     | __main__:<module>:211 - DyFuzz paddle gammaln 2
2025-10-22 17:13:22.297 | DEBUG    | __main__:<module>:218 - paddle.gammaln has 2 params, run 100 times
2025-10-22 17:13:32.636 | INFO     | __main__:<module>:220 - Fuzz paddle.gammaln 2 done
2025-10-22 17:13:32.637 | INFO     | __main__:<module>:221 - Current coverage after fuzzing paddle.gammaln: 195921 bits
2025-10-22 17:13:32.637 | INFO     | __main__:<module>:211 - DyFuzz paddle square 2
2025-10-22 17:13:32.637 | DEBUG    | __main__:<module>:218 - paddle.square has 2 params, run 100 times
2025-10-22 17:13:42.876 | INFO     | __main__:<module>:220 - Fuzz paddle.square 2 done
2025-10-22 17:13:42.877 | INFO     | __main__:<module>:221 - Current coverage after fuzzing paddle.square: 195921 bits
2025-10-22 17:13:42.877 | INFO     | __main__:<module>:211 - DyFuzz paddle get_default_dtype 0
2025-10-22 17:13:42.878 | DEBUG    | __main__:<module>:213 - paddle.get_default_dtype has 0 params, run once
2025-10-22 17:13:42.985 | INFO     | __main__:<module>:220 - Fuzz paddle.get_default_dtype 0 done
2025-10-22 17:13:42.986 | INFO     | __main__:<module>:221 - Current coverage after fuzzing paddle.get_default_dtype: 195921 bits
2025-10-22 17:13:42.986 | INFO     | __main__:<module>:211 - DyFuzz paddle _logical_xor 4
2025-10-22 17:13:42.986 | DEBUG    | __main__:<module>:218 - paddle._logical_xor has 4 params, run 100 times
2025-10-22 17:13:53.261 | INFO     | __main__:<module>:220 - Fuzz paddle._logical_xor 4 done
2025-10-22 17:13:53.262 | INFO     | __main__:<module>:221 - Current coverage after fuzzing paddle._logical_xor: 195921 bits
2025-10-22 17:13:53.262 | INFO     | __main__:<module>:211 - DyFuzz paddle hypot 3
2025-10-22 17:13:53.262 | DEBUG    | __main__:<module>:218 - paddle.hypot has 3 params, run 100 times
2025-10-22 17:14:04.015 | INFO     | __main__:<module>:220 - Fuzz paddle.hypot 3 done
2025-10-22 17:14:04.016 | INFO     | __main__:<module>:221 - Current coverage after fuzzing paddle.hypot: 195921 bits
2025-10-22 17:14:04.016 | INFO     | __main__:<module>:211 - DyFuzz paddle linspace 5
2025-10-22 17:14:04.016 | DEBUG    | __main__:<module>:218 - paddle.linspace has 5 params, run 100 times
2025-10-22 17:14:14.820 | INFO     | __main__:<module>:220 - Fuzz paddle.linspace 5 done
2025-10-22 17:14:14.821 | INFO     | __main__:<module>:221 - Current coverage after fuzzing paddle.linspace: 195921 bits
2025-10-22 17:14:14.821 | INFO     | __main__:<module>:211 - DyFuzz paddle as_complex 2
2025-10-22 17:14:14.821 | DEBUG    | __main__:<module>:218 - paddle.as_complex has 2 params, run 100 times
2025-10-22 17:14:25.571 | INFO     | __main__:<module>:220 - Fuzz paddle.as_complex 2 done
2025-10-22 17:14:25.571 | INFO     | __main__:<module>:221 - Current coverage after fuzzing paddle.as_complex: 195921 bits
2025-10-22 17:14:25.572 | INFO     | __main__:<module>:211 - DyFuzz paddle masked_fill_ 4
2025-10-22 17:14:25.572 | DEBUG    | __main__:<module>:218 - paddle.masked_fill_ has 4 params, run 100 times
2025-10-22 17:14:36.126 | INFO     | __main__:<module>:220 - Fuzz paddle.masked_fill_ 4 done
2025-10-22 17:14:36.127 | INFO     | __main__:<module>:221 - Current coverage after fuzzing paddle.masked_fill_: 195921 bits
2025-10-22 17:14:36.127 | INFO     | __main__:<module>:211 - DyFuzz paddle divide_ 4
2025-10-22 17:14:36.127 | DEBUG    | __main__:<module>:218 - paddle.divide_ has 4 params, run 100 times
2025-10-22 17:14:47.052 | INFO     | __main__:<module>:220 - Fuzz paddle.divide_ 4 done
2025-10-22 17:14:47.052 | INFO     | __main__:<module>:221 - Current coverage after fuzzing paddle.divide_: 195921 bits
2025-10-22 17:14:47.052 | INFO     | __main__:<module>:211 - DyFuzz paddle bitwise_or 4
2025-10-22 17:14:47.052 | DEBUG    | __main__:<module>:218 - paddle.bitwise_or has 4 params, run 100 times
2025-10-22 17:14:57.430 | INFO     | __main__:<module>:220 - Fuzz paddle.bitwise_or 4 done
2025-10-22 17:14:57.431 | INFO     | __main__:<module>:221 - Current coverage after fuzzing paddle.bitwise_or: 195921 bits
2025-10-22 17:14:57.431 | INFO     | __main__:<module>:211 - DyFuzz paddle rad2deg 2
2025-10-22 17:14:57.432 | DEBUG    | __main__:<module>:218 - paddle.rad2deg has 2 params, run 100 times
2025-10-22 17:15:08.045 | INFO     | __main__:<module>:220 - Fuzz paddle.rad2deg 2 done
2025-10-22 17:15:08.046 | INFO     | __main__:<module>:221 - Current coverage after fuzzing paddle.rad2deg: 195921 bits
2025-10-22 17:15:08.046 | INFO     | __main__:<module>:211 - DyFuzz paddle tril_ 3
2025-10-22 17:15:08.046 | DEBUG    | __main__:<module>:218 - paddle.tril_ has 3 params, run 100 times
2025-10-22 17:15:18.589 | INFO     | __main__:<module>:220 - Fuzz paddle.tril_ 3 done
2025-10-22 17:15:18.590 | INFO     | __main__:<module>:221 - Current coverage after fuzzing paddle.tril_: 195921 bits
2025-10-22 17:15:18.590 | INFO     | __main__:<module>:211 - DyFuzz paddle not_equal 3
2025-10-22 17:15:18.590 | DEBUG    | __main__:<module>:218 - paddle.not_equal has 3 params, run 100 times
2025-10-22 17:15:29.516 | INFO     | __main__:<module>:220 - Fuzz paddle.not_equal 3 done
2025-10-22 17:15:29.517 | INFO     | __main__:<module>:221 - Current coverage after fuzzing paddle.not_equal: 195921 bits
2025-10-22 17:15:29.518 | INFO     | __main__:<module>:211 - DyFuzz paddle poisson 2
2025-10-22 17:15:29.518 | DEBUG    | __main__:<module>:218 - paddle.poisson has 2 params, run 100 times
2025-10-22 17:15:40.103 | INFO     | __main__:<module>:220 - Fuzz paddle.poisson 2 done
2025-10-22 17:15:40.104 | INFO     | __main__:<module>:221 - Current coverage after fuzzing paddle.poisson: 195921 bits
2025-10-22 17:15:40.104 | INFO     | __main__:<module>:211 - DyFuzz paddle softmax 4
2025-10-22 17:15:40.104 | DEBUG    | __main__:<module>:218 - paddle.softmax has 4 params, run 100 times
2025-10-22 17:15:50.520 | INFO     | __main__:<module>:220 - Fuzz paddle.softmax 4 done
2025-10-22 17:15:50.521 | INFO     | __main__:<module>:221 - Current coverage after fuzzing paddle.softmax: 195921 bits
2025-10-22 17:15:50.521 | INFO     | __main__:<module>:211 - DyFuzz paddle binomial 3
2025-10-22 17:15:50.521 | DEBUG    | __main__:<module>:218 - paddle.binomial has 3 params, run 100 times
2025-10-22 17:16:00.999 | INFO     | __main__:<module>:220 - Fuzz paddle.binomial 3 done
2025-10-22 17:16:01.001 | INFO     | __main__:<module>:221 - Current coverage after fuzzing paddle.binomial: 195921 bits
2025-10-22 17:16:01.001 | INFO     | __main__:<module>:211 - DyFuzz paddle log10_ 2
2025-10-22 17:16:01.001 | DEBUG    | __main__:<module>:218 - paddle.log10_ has 2 params, run 100 times
2025-10-22 17:16:11.915 | INFO     | __main__:<module>:220 - Fuzz paddle.log10_ 2 done
2025-10-22 17:16:11.916 | INFO     | __main__:<module>:221 - Current coverage after fuzzing paddle.log10_: 195921 bits
2025-10-22 17:16:11.916 | INFO     | __main__:<module>:226 - Dyfuzz done paddle
