2025-10-21 14:18:47.136 | DEBUG    | tracefuzz.lib.fuzz.fuzz_library:fuzz_single_seed:126 - seed is :

import yaml
stream = "example: value"
Loader = yaml.Loader
res = yaml.parse(stream, Loader)

2025-10-21 14:18:47.136 | INFO     | tracefuzz.lib.fuzz.fuzz_library:fuzz_single_seed:134 - Start fuzz seed 987 (yaml.parse), attempt=1, exec_cnt=0.
2025-10-21 14:18:47.143 | INFO     | tracefuzz.lib.fuzz.fuzz_library:safe_fuzz:32 - Safe fuzzing seed 987: yaml.parse with PID 98718, PGID 98718
2025-10-21 14:18:47.174 | INFO     | tracefuzz.lib.fuzz.fuzz_function:fuzz_function:120 - Start fuzz yaml.parse
2025-10-21 14:18:58.352 | INFO     | tracefuzz.lib.fuzz.fuzz_function:fuzz_function:133 - Fuzz yaml.parse done
2025-10-21 14:18:58.411 | INFO     | tracefuzz.lib.fuzz.fuzz_library:fuzz_single_seed:161 - Fuzz seed 987 done with 100000 executions.
2025-10-21 14:18:58.436 | DEBUG    | tracefuzz.lib.fuzz.fuzz_library:fuzz_single_seed:126 - seed is :

import yaml
stream = "your_yaml_content_here"
Loader = yaml.FullLoader
res = list(yaml.load_all(stream, Loader))

2025-10-21 14:18:58.436 | INFO     | tracefuzz.lib.fuzz.fuzz_library:fuzz_single_seed:134 - Start fuzz seed 988 (yaml.load_all), attempt=1, exec_cnt=0.
2025-10-21 14:18:58.440 | INFO     | tracefuzz.lib.fuzz.fuzz_library:safe_fuzz:32 - Safe fuzzing seed 988: yaml.load_all with PID 98744, PGID 98744
2025-10-21 14:18:58.467 | INFO     | tracefuzz.lib.fuzz.fuzz_function:fuzz_function:120 - Start fuzz yaml.load_all
2025-10-21 14:19:09.769 | INFO     | tracefuzz.lib.fuzz.fuzz_function:fuzz_function:133 - Fuzz yaml.load_all done
2025-10-21 14:19:09.806 | INFO     | tracefuzz.lib.fuzz.fuzz_library:fuzz_single_seed:161 - Fuzz seed 988 done with 100000 executions.
2025-10-21 14:19:09.841 | DEBUG    | tracefuzz.lib.fuzz.fuzz_library:fuzz_single_seed:126 - seed is :

import yaml
settings = None
res = yaml.warnings(settings)

2025-10-21 14:19:09.841 | INFO     | tracefuzz.lib.fuzz.fuzz_library:fuzz_single_seed:134 - Start fuzz seed 989 (yaml.warnings), attempt=1, exec_cnt=0.
2025-10-21 14:19:09.844 | INFO     | tracefuzz.lib.fuzz.fuzz_library:safe_fuzz:32 - Safe fuzzing seed 989: yaml.warnings with PID 98745, PGID 98745
2025-10-21 14:19:09.878 | INFO     | tracefuzz.lib.fuzz.fuzz_function:fuzz_function:120 - Start fuzz yaml.warnings
2025-10-21 14:19:19.565 | INFO     | tracefuzz.lib.fuzz.fuzz_function:fuzz_function:133 - Fuzz yaml.warnings done
2025-10-21 14:19:19.599 | INFO     | tracefuzz.lib.fuzz.fuzz_library:fuzz_single_seed:161 - Fuzz seed 989 done with 100000 executions.
2025-10-21 14:19:19.632 | DEBUG    | tracefuzz.lib.fuzz.fuzz_library:fuzz_single_seed:126 - seed is :

import yaml

stream = "example: value"
res = yaml.unsafe_load(stream)

2025-10-21 14:19:19.633 | INFO     | tracefuzz.lib.fuzz.fuzz_library:fuzz_single_seed:134 - Start fuzz seed 990 (yaml.unsafe_load), attempt=1, exec_cnt=0.
2025-10-21 14:19:19.638 | INFO     | tracefuzz.lib.fuzz.fuzz_library:safe_fuzz:32 - Safe fuzzing seed 990: yaml.unsafe_load with PID 98761, PGID 98761
2025-10-21 14:19:19.674 | INFO     | tracefuzz.lib.fuzz.fuzz_function:fuzz_function:120 - Start fuzz yaml.unsafe_load
2025-10-21 14:19:44.557 | INFO     | tracefuzz.lib.fuzz.fuzz_function:fuzz_function:133 - Fuzz yaml.unsafe_load done
2025-10-21 14:19:44.623 | INFO     | tracefuzz.lib.fuzz.fuzz_library:fuzz_single_seed:161 - Fuzz seed 990 done with 100000 executions.
2025-10-21 14:19:44.658 | DEBUG    | tracefuzz.lib.fuzz.fuzz_library:fuzz_single_seed:126 - seed is :

import yaml
stream = "example: value"
res = yaml.safe_load(stream)

2025-10-21 14:19:44.658 | INFO     | tracefuzz.lib.fuzz.fuzz_library:fuzz_single_seed:134 - Start fuzz seed 991 (yaml.safe_load), attempt=1, exec_cnt=0.
2025-10-21 14:19:44.663 | INFO     | tracefuzz.lib.fuzz.fuzz_library:safe_fuzz:32 - Safe fuzzing seed 991: yaml.safe_load with PID 98762, PGID 98762
2025-10-21 14:19:44.694 | INFO     | tracefuzz.lib.fuzz.fuzz_function:fuzz_function:120 - Start fuzz yaml.safe_load
2025-10-21 14:20:09.334 | INFO     | tracefuzz.lib.fuzz.fuzz_function:fuzz_function:133 - Fuzz yaml.safe_load done
2025-10-21 14:20:09.408 | INFO     | tracefuzz.lib.fuzz.fuzz_library:fuzz_single_seed:161 - Fuzz seed 991 done with 100000 executions.
2025-10-21 14:20:09.440 | DEBUG    | tracefuzz.lib.fuzz.fuzz_library:fuzz_single_seed:126 - seed is :

import yaml

stream = "example: value\n---\nkey: value"
res = yaml.safe_load_all(stream)

2025-10-21 14:20:09.440 | INFO     | tracefuzz.lib.fuzz.fuzz_library:fuzz_single_seed:134 - Start fuzz seed 992 (yaml.safe_load_all), attempt=1, exec_cnt=0.
2025-10-21 14:20:09.445 | INFO     | tracefuzz.lib.fuzz.fuzz_library:safe_fuzz:32 - Safe fuzzing seed 992: yaml.safe_load_all with PID 98763, PGID 98763
2025-10-21 14:20:09.477 | INFO     | tracefuzz.lib.fuzz.fuzz_function:fuzz_function:120 - Start fuzz yaml.safe_load_all
2025-10-21 14:20:19.057 | INFO     | tracefuzz.lib.fuzz.fuzz_function:fuzz_function:133 - Fuzz yaml.safe_load_all done
2025-10-21 14:20:19.090 | INFO     | tracefuzz.lib.fuzz.fuzz_library:fuzz_single_seed:161 - Fuzz seed 992 done with 100000 executions.
2025-10-21 14:20:19.123 | DEBUG    | tracefuzz.lib.fuzz.fuzz_library:fuzz_single_seed:126 - seed is :

import yaml
stream = "example: value"
res = yaml.full_load(stream)

2025-10-21 14:20:19.124 | INFO     | tracefuzz.lib.fuzz.fuzz_library:fuzz_single_seed:134 - Start fuzz seed 993 (yaml.full_load), attempt=1, exec_cnt=0.
2025-10-21 14:20:19.129 | INFO     | tracefuzz.lib.fuzz.fuzz_library:safe_fuzz:32 - Safe fuzzing seed 993: yaml.full_load with PID 98779, PGID 98779
2025-10-21 14:20:19.160 | INFO     | tracefuzz.lib.fuzz.fuzz_function:fuzz_function:120 - Start fuzz yaml.full_load
2025-10-21 14:20:43.952 | INFO     | tracefuzz.lib.fuzz.fuzz_function:fuzz_function:133 - Fuzz yaml.full_load done
2025-10-21 14:20:43.975 | INFO     | tracefuzz.lib.fuzz.fuzz_library:fuzz_single_seed:161 - Fuzz seed 993 done with 100000 executions.
2025-10-21 14:20:44.006 | DEBUG    | tracefuzz.lib.fuzz.fuzz_library:fuzz_single_seed:126 - seed is :

import yaml
stream = "example: value"
res = yaml.compose(stream)

2025-10-21 14:20:44.007 | INFO     | tracefuzz.lib.fuzz.fuzz_library:fuzz_single_seed:134 - Start fuzz seed 994 (yaml.compose), attempt=1, exec_cnt=0.
2025-10-21 14:20:44.012 | INFO     | tracefuzz.lib.fuzz.fuzz_library:safe_fuzz:32 - Safe fuzzing seed 994: yaml.compose with PID 98782, PGID 98782
2025-10-21 14:20:44.047 | INFO     | tracefuzz.lib.fuzz.fuzz_function:fuzz_function:120 - Start fuzz yaml.compose
2025-10-21 14:21:06.847 | INFO     | tracefuzz.lib.fuzz.fuzz_function:fuzz_function:133 - Fuzz yaml.compose done
2025-10-21 14:21:06.942 | INFO     | tracefuzz.lib.fuzz.fuzz_library:fuzz_single_seed:161 - Fuzz seed 994 done with 100000 executions.
2025-10-21 14:21:06.975 | DEBUG    | tracefuzz.lib.fuzz.fuzz_library:fuzz_single_seed:126 - seed is :

import yaml

stream = "your_yaml_stream_here"
Loader = yaml.SafeLoader
res = list(yaml.compose_all(stream, Loader))

2025-10-21 14:21:06.975 | INFO     | tracefuzz.lib.fuzz.fuzz_library:fuzz_single_seed:134 - Start fuzz seed 995 (yaml.compose_all), attempt=1, exec_cnt=0.
2025-10-21 14:21:06.980 | INFO     | tracefuzz.lib.fuzz.fuzz_library:safe_fuzz:32 - Safe fuzzing seed 995: yaml.compose_all with PID 98783, PGID 98783
2025-10-21 14:21:07.009 | INFO     | tracefuzz.lib.fuzz.fuzz_function:fuzz_function:120 - Start fuzz yaml.compose_all
2025-10-21 14:21:17.706 | INFO     | tracefuzz.lib.fuzz.fuzz_function:fuzz_function:133 - Fuzz yaml.compose_all done
2025-10-21 14:21:17.729 | INFO     | tracefuzz.lib.fuzz.fuzz_library:fuzz_single_seed:161 - Fuzz seed 995 done with 100000 executions.
2025-10-21 14:21:17.761 | DEBUG    | tracefuzz.lib.fuzz.fuzz_library:fuzz_single_seed:126 - seed is :

import yaml
stream = "example: value\n---\nkey: value"
res = yaml.full_load_all(stream)

2025-10-21 14:21:17.762 | INFO     | tracefuzz.lib.fuzz.fuzz_library:fuzz_single_seed:134 - Start fuzz seed 996 (yaml.full_load_all), attempt=1, exec_cnt=0.
2025-10-21 14:21:17.766 | INFO     | tracefuzz.lib.fuzz.fuzz_library:safe_fuzz:32 - Safe fuzzing seed 996: yaml.full_load_all with PID 98799, PGID 98799
2025-10-21 14:21:17.796 | INFO     | tracefuzz.lib.fuzz.fuzz_function:fuzz_function:120 - Start fuzz yaml.full_load_all
2025-10-21 14:21:26.830 | INFO     | tracefuzz.lib.fuzz.fuzz_function:fuzz_function:133 - Fuzz yaml.full_load_all done
2025-10-21 14:21:26.910 | INFO     | tracefuzz.lib.fuzz.fuzz_library:fuzz_single_seed:161 - Fuzz seed 996 done with 100000 executions.
2025-10-21 14:21:26.942 | DEBUG    | tracefuzz.lib.fuzz.fuzz_library:fuzz_single_seed:126 - seed is :

import yaml

stream = "your_yaml_content_here"
Loader = yaml.SafeLoader
res = list(yaml.scan(stream, Loader))

2025-10-21 14:21:26.943 | INFO     | tracefuzz.lib.fuzz.fuzz_library:fuzz_single_seed:134 - Start fuzz seed 997 (yaml.scan), attempt=1, exec_cnt=0.
2025-10-21 14:21:26.948 | INFO     | tracefuzz.lib.fuzz.fuzz_library:safe_fuzz:32 - Safe fuzzing seed 997: yaml.scan with PID 98800, PGID 98800
2025-10-21 14:21:26.977 | INFO     | tracefuzz.lib.fuzz.fuzz_function:fuzz_function:120 - Start fuzz yaml.scan
2025-10-21 14:21:37.920 | INFO     | tracefuzz.lib.fuzz.fuzz_function:fuzz_function:133 - Fuzz yaml.scan done
2025-10-21 14:21:37.989 | INFO     | tracefuzz.lib.fuzz.fuzz_library:fuzz_single_seed:161 - Fuzz seed 997 done with 100000 executions.
2025-10-21 14:21:38.023 | DEBUG    | tracefuzz.lib.fuzz.fuzz_library:fuzz_single_seed:126 - seed is :

import yaml
stream = "---\nkey: value\n"
Loader = yaml.SafeLoader
res = yaml.load(stream, Loader)

2025-10-21 14:21:38.024 | INFO     | tracefuzz.lib.fuzz.fuzz_library:fuzz_single_seed:134 - Start fuzz seed 998 (yaml.load), attempt=1, exec_cnt=0.
2025-10-21 14:21:38.028 | INFO     | tracefuzz.lib.fuzz.fuzz_library:safe_fuzz:32 - Safe fuzzing seed 998: yaml.load with PID 98801, PGID 98801
2025-10-21 14:21:38.058 | INFO     | tracefuzz.lib.fuzz.fuzz_function:fuzz_function:120 - Start fuzz yaml.load
2025-10-21 14:21:56.741 | INFO     | tracefuzz.lib.fuzz.fuzz_function:fuzz_function:133 - Fuzz yaml.load done
2025-10-21 14:21:56.817 | INFO     | tracefuzz.lib.fuzz.fuzz_library:fuzz_single_seed:161 - Fuzz seed 998 done with 100000 executions.
2025-10-21 14:21:56.850 | DEBUG    | tracefuzz.lib.fuzz.fuzz_library:fuzz_single_seed:126 - seed is :

import yaml

stream = "example: value"
res = yaml.unsafe_load_all(stream)

2025-10-21 14:21:56.851 | INFO     | tracefuzz.lib.fuzz.fuzz_library:fuzz_single_seed:134 - Start fuzz seed 999 (yaml.unsafe_load_all), attempt=1, exec_cnt=0.
2025-10-21 14:21:56.855 | INFO     | tracefuzz.lib.fuzz.fuzz_library:safe_fuzz:32 - Safe fuzzing seed 999: yaml.unsafe_load_all with PID 98802, PGID 98802
2025-10-21 14:21:56.900 | INFO     | tracefuzz.lib.fuzz.fuzz_function:fuzz_function:120 - Start fuzz yaml.unsafe_load_all
2025-10-21 14:22:06.301 | INFO     | tracefuzz.lib.fuzz.fuzz_function:fuzz_function:133 - Fuzz yaml.unsafe_load_all done
2025-10-21 14:22:06.405 | INFO     | tracefuzz.lib.fuzz.fuzz_library:fuzz_single_seed:161 - Fuzz seed 999 done with 100000 executions.
2025-10-21 14:22:06.450 | DEBUG    | tracefuzz.lib.fuzz.fuzz_library:fuzz_single_seed:126 - seed is :

import yaml
import io

events = []
stream = None
Dumper = yaml.Dumper
canonical = None
indent = None
width = None
allow_unicode = None
line_break = None

res = yaml.emit(events, stream, Dumper, canonical, indent, width, allow_unicode, line_break)

2025-10-21 14:22:06.450 | INFO     | tracefuzz.lib.fuzz.fuzz_library:fuzz_single_seed:134 - Start fuzz seed 1000 (yaml.emit), attempt=1, exec_cnt=0.
2025-10-21 14:22:06.455 | INFO     | tracefuzz.lib.fuzz.fuzz_library:safe_fuzz:32 - Safe fuzzing seed 1000: yaml.emit with PID 98804, PGID 98804
2025-10-21 14:22:06.485 | INFO     | tracefuzz.lib.fuzz.fuzz_function:fuzz_function:120 - Start fuzz yaml.emit
2025-10-21 14:22:18.413 | INFO     | tracefuzz.lib.fuzz.fuzz_function:fuzz_function:133 - Fuzz yaml.emit done
2025-10-21 14:22:18.456 | INFO     | tracefuzz.lib.fuzz.fuzz_library:fuzz_single_seed:161 - Fuzz seed 1000 done with 100000 executions.
2025-10-21 14:22:18.489 | DEBUG    | tracefuzz.lib.fuzz.fuzz_library:fuzz_single_seed:126 - seed is :

import yaml
import io

nodes = []
stream = None
Dumper = yaml.Dumper
canonical = None
indent = None
width = None
allow_unicode = None
line_break = None
encoding = None
explicit_start = None
explicit_end = None
version = None
tags = None

res = yaml.serialize_all(nodes, stream, Dumper, canonical, indent, width, allow_unicode, line_break, encoding, explicit_start, explicit_end, version, tags)

2025-10-21 14:22:18.490 | INFO     | tracefuzz.lib.fuzz.fuzz_library:fuzz_single_seed:134 - Start fuzz seed 1001 (yaml.serialize_all), attempt=1, exec_cnt=0.
2025-10-21 14:22:18.495 | INFO     | tracefuzz.lib.fuzz.fuzz_library:safe_fuzz:32 - Safe fuzzing seed 1001: yaml.serialize_all with PID 98820, PGID 98820
2025-10-21 14:22:18.525 | INFO     | tracefuzz.lib.fuzz.fuzz_function:fuzz_function:120 - Start fuzz yaml.serialize_all
2025-10-21 14:22:31.912 | INFO     | tracefuzz.lib.fuzz.fuzz_function:fuzz_function:133 - Fuzz yaml.serialize_all done
2025-10-21 14:22:31.966 | INFO     | tracefuzz.lib.fuzz.fuzz_library:fuzz_single_seed:161 - Fuzz seed 1001 done with 100000 executions.
2025-10-21 14:22:31.999 | DEBUG    | tracefuzz.lib.fuzz.fuzz_library:fuzz_single_seed:126 - seed is :

import yaml
import io

documents = [1, 2, 3]
stream = None
Dumper = yaml.Dumper
default_style = None
default_flow_style = False
canonical = None
indent = None
width = None
allow_unicode = None
line_break = None
encoding = None
explicit_start = None
explicit_end = None
version = None
tags = None
sort_keys = True

res = yaml.dump_all(documents, stream, Dumper, default_style, default_flow_style, canonical, indent, width, allow_unicode, line_break, encoding, explicit_start, explicit_end, version, tags, sort_keys)

2025-10-21 14:22:32.000 | INFO     | tracefuzz.lib.fuzz.fuzz_library:fuzz_single_seed:134 - Start fuzz seed 1002 (yaml.dump_all), attempt=1, exec_cnt=0.
2025-10-21 14:22:32.005 | INFO     | tracefuzz.lib.fuzz.fuzz_library:safe_fuzz:32 - Safe fuzzing seed 1002: yaml.dump_all with PID 98821, PGID 98821
2025-10-21 14:22:32.036 | INFO     | tracefuzz.lib.fuzz.fuzz_function:fuzz_function:120 - Start fuzz yaml.dump_all
2025-10-21 14:22:58.731 | INFO     | tracefuzz.lib.fuzz.fuzz_function:fuzz_function:133 - Fuzz yaml.dump_all done
2025-10-21 14:22:58.754 | INFO     | tracefuzz.lib.fuzz.fuzz_library:fuzz_single_seed:161 - Fuzz seed 1002 done with 100000 executions.
2025-10-21 14:22:58.799 | DEBUG    | tracefuzz.lib.fuzz.fuzz_library:fuzz_single_seed:126 - seed is :

import yaml

documents = [1, 2, 3]
stream = None
kwds = {}
res = yaml.safe_dump_all(documents, stream, **kwds)

2025-10-21 14:22:58.799 | INFO     | tracefuzz.lib.fuzz.fuzz_library:fuzz_single_seed:134 - Start fuzz seed 1003 (yaml.safe_dump_all), attempt=1, exec_cnt=0.
2025-10-21 14:22:58.804 | INFO     | tracefuzz.lib.fuzz.fuzz_library:safe_fuzz:32 - Safe fuzzing seed 1003: yaml.safe_dump_all with PID 98822, PGID 98822
2025-10-21 14:22:58.833 | INFO     | tracefuzz.lib.fuzz.fuzz_function:fuzz_function:120 - Start fuzz yaml.safe_dump_all
2025-10-21 14:23:25.654 | INFO     | tracefuzz.lib.fuzz.fuzz_function:fuzz_function:133 - Fuzz yaml.safe_dump_all done
2025-10-21 14:23:25.744 | INFO     | tracefuzz.lib.fuzz.fuzz_library:fuzz_single_seed:161 - Fuzz seed 1003 done with 100000 executions.
2025-10-21 14:23:25.776 | DEBUG    | tracefuzz.lib.fuzz.fuzz_library:fuzz_single_seed:126 - seed is :

import yaml
data = {"key": "value"}
stream = None
res = yaml.safe_dump(data, stream)

2025-10-21 14:23:25.776 | INFO     | tracefuzz.lib.fuzz.fuzz_library:fuzz_single_seed:134 - Start fuzz seed 1004 (yaml.safe_dump), attempt=1, exec_cnt=0.
2025-10-21 14:23:25.781 | INFO     | tracefuzz.lib.fuzz.fuzz_library:safe_fuzz:32 - Safe fuzzing seed 1004: yaml.safe_dump with PID 98838, PGID 98838
2025-10-21 14:23:25.811 | INFO     | tracefuzz.lib.fuzz.fuzz_function:fuzz_function:120 - Start fuzz yaml.safe_dump
2025-10-21 14:24:16.438 | INFO     | tracefuzz.lib.fuzz.fuzz_function:fuzz_function:133 - Fuzz yaml.safe_dump done
2025-10-21 14:24:16.519 | INFO     | tracefuzz.lib.fuzz.fuzz_library:fuzz_single_seed:161 - Fuzz seed 1004 done with 100000 executions.
2025-10-21 14:24:16.551 | DEBUG    | tracefuzz.lib.fuzz.fuzz_library:fuzz_single_seed:126 - seed is :

import yaml

tag = "!custom"
regexp = r"^[a-zA-Z]+$"
first = None
Loader = None
Dumper = yaml.Dumper

yaml.add_implicit_resolver(tag, regexp, first, Loader, Dumper)

2025-10-21 14:24:16.552 | INFO     | tracefuzz.lib.fuzz.fuzz_library:fuzz_single_seed:134 - Start fuzz seed 1005 (yaml.add_implicit_resolver), attempt=1, exec_cnt=0.
2025-10-21 14:24:16.557 | INFO     | tracefuzz.lib.fuzz.fuzz_library:safe_fuzz:32 - Safe fuzzing seed 1005: yaml.add_implicit_resolver with PID 98856, PGID 98856
2025-10-21 14:24:16.589 | INFO     | tracefuzz.lib.fuzz.fuzz_function:fuzz_function:120 - Start fuzz yaml.add_implicit_resolver
2025-10-21 14:24:28.637 | INFO     | tracefuzz.lib.fuzz.fuzz_function:fuzz_function:133 - Fuzz yaml.add_implicit_resolver done
2025-10-21 14:24:28.717 | INFO     | tracefuzz.lib.fuzz.fuzz_library:fuzz_single_seed:161 - Fuzz seed 1005 done with 100000 executions.
2025-10-21 14:24:28.749 | DEBUG    | tracefuzz.lib.fuzz.fuzz_library:fuzz_single_seed:126 - seed is :

import yaml

tag = "tag:yaml.org,3002:example"
path = ["key1", 0, "key2"]
kind = None
Loader = None
Dumper = yaml.Dumper

yaml.add_path_resolver(tag, path, kind, Loader, Dumper)

2025-10-21 14:24:28.750 | INFO     | tracefuzz.lib.fuzz.fuzz_library:fuzz_single_seed:134 - Start fuzz seed 1006 (yaml.add_path_resolver), attempt=1, exec_cnt=0.
2025-10-21 14:24:28.755 | INFO     | tracefuzz.lib.fuzz.fuzz_library:safe_fuzz:32 - Safe fuzzing seed 1006: yaml.add_path_resolver with PID 98857, PGID 98857
2025-10-21 14:24:28.797 | INFO     | tracefuzz.lib.fuzz.fuzz_function:fuzz_function:120 - Start fuzz yaml.add_path_resolver
2025-10-21 14:24:42.604 | INFO     | tracefuzz.lib.fuzz.fuzz_function:fuzz_function:133 - Fuzz yaml.add_path_resolver done
2025-10-21 14:24:42.621 | INFO     | tracefuzz.lib.fuzz.fuzz_library:fuzz_single_seed:161 - Fuzz seed 1006 done with 100000 executions.
2025-10-21 14:24:42.653 | DEBUG    | tracefuzz.lib.fuzz.fuzz_library:fuzz_single_seed:126 - seed is :

import yaml

tag = "tag:yaml.org,2002:custom"
def custom_constructor(loader, node):
    # Example constructor that returns a simple string
    return "Custom object created from YAML node"

yaml.add_constructor(tag, custom_constructor)

2025-10-21 14:24:42.653 | INFO     | tracefuzz.lib.fuzz.fuzz_library:fuzz_single_seed:134 - Start fuzz seed 1007 (yaml.add_constructor), attempt=1, exec_cnt=0.
2025-10-21 14:24:42.658 | INFO     | tracefuzz.lib.fuzz.fuzz_library:safe_fuzz:32 - Safe fuzzing seed 1007: yaml.add_constructor with PID 98858, PGID 98858
2025-10-21 14:24:42.701 | INFO     | tracefuzz.lib.fuzz.fuzz_function:fuzz_function:120 - Start fuzz yaml.add_constructor
2025-10-21 14:24:55.140 | INFO     | tracefuzz.lib.fuzz.fuzz_function:fuzz_function:133 - Fuzz yaml.add_constructor done
2025-10-21 14:24:55.219 | INFO     | tracefuzz.lib.fuzz.fuzz_library:fuzz_single_seed:161 - Fuzz seed 1007 done with 100000 executions.
2025-10-21 14:24:55.251 | DEBUG    | tracefuzz.lib.fuzz.fuzz_library:fuzz_single_seed:126 - seed is :

import yaml

tag_prefix = "example_prefix"
def multi_constructor(loader, tag_suffix, node):
    # Example multi-constructor implementation
    return f"Constructed object for {tag_suffix}"

Loader = None
yaml.add_multi_constructor(tag_prefix, multi_constructor, Loader)

2025-10-21 14:24:55.252 | INFO     | tracefuzz.lib.fuzz.fuzz_library:fuzz_single_seed:134 - Start fuzz seed 1008 (yaml.add_multi_constructor), attempt=1, exec_cnt=0.
2025-10-21 14:24:55.256 | INFO     | tracefuzz.lib.fuzz.fuzz_library:safe_fuzz:32 - Safe fuzzing seed 1008: yaml.add_multi_constructor with PID 98859, PGID 98859
2025-10-21 14:24:55.289 | INFO     | tracefuzz.lib.fuzz.fuzz_function:fuzz_function:120 - Start fuzz yaml.add_multi_constructor
2025-10-21 14:25:07.783 | INFO     | tracefuzz.lib.fuzz.fuzz_function:fuzz_function:133 - Fuzz yaml.add_multi_constructor done
2025-10-21 14:25:07.813 | INFO     | tracefuzz.lib.fuzz.fuzz_library:fuzz_single_seed:161 - Fuzz seed 1008 done with 100000 executions.
2025-10-21 14:25:07.846 | DEBUG    | tracefuzz.lib.fuzz.fuzz_library:fuzz_single_seed:126 - seed is :

import yaml

data_type = str
representer = lambda dumper, data: dumper.represent_scalar('tag:yaml.org,2002:str', str(data))
Dumper = yaml.Dumper

yaml.add_representer(data_type, representer, Dumper)

2025-10-21 14:25:07.847 | INFO     | tracefuzz.lib.fuzz.fuzz_library:fuzz_single_seed:134 - Start fuzz seed 1009 (yaml.add_representer), attempt=1, exec_cnt=0.
2025-10-21 14:25:07.851 | INFO     | tracefuzz.lib.fuzz.fuzz_library:safe_fuzz:32 - Safe fuzzing seed 1009: yaml.add_representer with PID 98860, PGID 98860
2025-10-21 14:25:07.886 | INFO     | tracefuzz.lib.fuzz.fuzz_function:fuzz_function:120 - Start fuzz yaml.add_representer
2025-10-21 14:25:19.878 | INFO     | tracefuzz.lib.fuzz.fuzz_function:fuzz_function:133 - Fuzz yaml.add_representer done
2025-10-21 14:25:19.912 | INFO     | tracefuzz.lib.fuzz.fuzz_library:fuzz_single_seed:161 - Fuzz seed 1009 done with 100000 executions.
2025-10-21 14:25:19.943 | DEBUG    | tracefuzz.lib.fuzz.fuzz_library:fuzz_single_seed:126 - seed is :

import yaml

def my_multi_representer(dumper, data):
    # 示例多表示器函数，根据需要实现具体逻辑
    return dumper.represent_scalar('tag:yaml.org,2002:str', str(data))

data_type = str
Dumper = yaml.Dumper

yaml.add_multi_representer(data_type, my_multi_representer, Dumper)

2025-10-21 14:25:19.944 | INFO     | tracefuzz.lib.fuzz.fuzz_library:fuzz_single_seed:134 - Start fuzz seed 1010 (yaml.add_multi_representer), attempt=1, exec_cnt=0.
2025-10-21 14:25:19.949 | INFO     | tracefuzz.lib.fuzz.fuzz_library:safe_fuzz:32 - Safe fuzzing seed 1010: yaml.add_multi_representer with PID 98877, PGID 98877
2025-10-21 14:25:19.992 | INFO     | tracefuzz.lib.fuzz.fuzz_function:fuzz_function:120 - Start fuzz yaml.add_multi_representer
2025-10-21 14:25:31.935 | INFO     | tracefuzz.lib.fuzz.fuzz_function:fuzz_function:133 - Fuzz yaml.add_multi_representer done
2025-10-21 14:25:32.016 | INFO     | tracefuzz.lib.fuzz.fuzz_library:fuzz_single_seed:161 - Fuzz seed 1010 done with 100000 executions.
2025-10-21 14:25:32.047 | DEBUG    | tracefuzz.lib.fuzz.fuzz_library:fuzz_single_seed:126 - seed is :

import yaml
import io
data = {"key": "value"}
stream = io.StringIO()
res = yaml.dump(data, stream=stream, Dumper=yaml.Dumper)

2025-10-21 14:25:32.047 | INFO     | tracefuzz.lib.fuzz.fuzz_library:fuzz_single_seed:134 - Start fuzz seed 1011 (yaml.dump), attempt=1, exec_cnt=0.
2025-10-21 14:25:32.052 | INFO     | tracefuzz.lib.fuzz.fuzz_library:safe_fuzz:32 - Safe fuzzing seed 1011: yaml.dump with PID 98878, PGID 98878
2025-10-21 14:25:32.091 | INFO     | tracefuzz.lib.fuzz.fuzz_function:fuzz_function:120 - Start fuzz yaml.dump
2025-10-21 14:26:24.184 | INFO     | tracefuzz.lib.fuzz.fuzz_function:fuzz_function:133 - Fuzz yaml.dump done
2025-10-21 14:26:24.267 | INFO     | tracefuzz.lib.fuzz.fuzz_library:fuzz_single_seed:161 - Fuzz seed 1011 done with 100000 executions.
2025-10-21 14:26:24.502 | DEBUG    | tracefuzz.lib.fuzz.fuzz_library:fuzz_single_seed:126 - seed is :

import yaml
node = {"key": "value"}
stream = None
Dumper = yaml.Dumper
res = yaml.dump(node, stream=stream, Dumper=Dumper)

2025-10-21 14:26:24.502 | INFO     | tracefuzz.lib.fuzz.fuzz_library:fuzz_single_seed:134 - Start fuzz seed 1012 (yaml.serialize), attempt=1, exec_cnt=0.
2025-10-21 14:26:24.507 | INFO     | tracefuzz.lib.fuzz.fuzz_library:safe_fuzz:32 - Safe fuzzing seed 1012: yaml.serialize with PID 98894, PGID 98894
2025-10-21 14:26:24.606 | INFO     | tracefuzz.lib.fuzz.fuzz_library:fuzz_single_seed:134 - Start fuzz seed 1012 (yaml.serialize), attempt=2, exec_cnt=0.
2025-10-21 14:26:24.609 | INFO     | tracefuzz.lib.fuzz.fuzz_library:safe_fuzz:32 - Safe fuzzing seed 1012: yaml.serialize with PID 98895, PGID 98895
2025-10-21 14:26:24.708 | INFO     | tracefuzz.lib.fuzz.fuzz_library:fuzz_single_seed:134 - Start fuzz seed 1012 (yaml.serialize), attempt=3, exec_cnt=0.
2025-10-21 14:26:24.713 | INFO     | tracefuzz.lib.fuzz.fuzz_library:safe_fuzz:32 - Safe fuzzing seed 1012: yaml.serialize with PID 98896, PGID 98896
2025-10-21 14:26:24.812 | INFO     | tracefuzz.lib.fuzz.fuzz_library:fuzz_single_seed:134 - Start fuzz seed 1012 (yaml.serialize), attempt=4, exec_cnt=0.
2025-10-21 14:26:24.816 | INFO     | tracefuzz.lib.fuzz.fuzz_library:safe_fuzz:32 - Safe fuzzing seed 1012: yaml.serialize with PID 98897, PGID 98897
2025-10-21 14:26:24.916 | INFO     | tracefuzz.lib.fuzz.fuzz_library:fuzz_single_seed:134 - Start fuzz seed 1012 (yaml.serialize), attempt=5, exec_cnt=0.
2025-10-21 14:26:24.920 | INFO     | tracefuzz.lib.fuzz.fuzz_library:safe_fuzz:32 - Safe fuzzing seed 1012: yaml.serialize with PID 98898, PGID 98898
2025-10-21 14:26:25.020 | INFO     | tracefuzz.lib.fuzz.fuzz_library:fuzz_single_seed:134 - Start fuzz seed 1012 (yaml.serialize), attempt=6, exec_cnt=0.
2025-10-21 14:26:25.024 | INFO     | tracefuzz.lib.fuzz.fuzz_library:safe_fuzz:32 - Safe fuzzing seed 1012: yaml.serialize with PID 98899, PGID 98899
2025-10-21 14:26:25.123 | INFO     | tracefuzz.lib.fuzz.fuzz_library:fuzz_single_seed:134 - Start fuzz seed 1012 (yaml.serialize), attempt=7, exec_cnt=0.
2025-10-21 14:26:25.128 | INFO     | tracefuzz.lib.fuzz.fuzz_library:safe_fuzz:32 - Safe fuzzing seed 1012: yaml.serialize with PID 98900, PGID 98900
2025-10-21 14:26:25.227 | INFO     | tracefuzz.lib.fuzz.fuzz_library:fuzz_single_seed:134 - Start fuzz seed 1012 (yaml.serialize), attempt=8, exec_cnt=0.
2025-10-21 14:26:25.232 | INFO     | tracefuzz.lib.fuzz.fuzz_library:safe_fuzz:32 - Safe fuzzing seed 1012: yaml.serialize with PID 98901, PGID 98901
2025-10-21 14:26:25.331 | INFO     | tracefuzz.lib.fuzz.fuzz_library:fuzz_single_seed:134 - Start fuzz seed 1012 (yaml.serialize), attempt=9, exec_cnt=0.
2025-10-21 14:26:25.335 | INFO     | tracefuzz.lib.fuzz.fuzz_library:safe_fuzz:32 - Safe fuzzing seed 1012: yaml.serialize with PID 98902, PGID 98902
2025-10-21 14:26:25.434 | INFO     | tracefuzz.lib.fuzz.fuzz_library:fuzz_single_seed:134 - Start fuzz seed 1012 (yaml.serialize), attempt=10, exec_cnt=0.
2025-10-21 14:26:25.439 | INFO     | tracefuzz.lib.fuzz.fuzz_library:safe_fuzz:32 - Safe fuzzing seed 1012: yaml.serialize with PID 98903, PGID 98903
2025-10-21 14:26:25.538 | INFO     | tracefuzz.lib.fuzz.fuzz_library:fuzz_single_seed:161 - Fuzz seed 1012 done with 0 executions.
