2025-10-26 15:58:59.256 | DEBUG    | tracefuzz.lib.fuzz.fuzz_library:fuzz_single_seed:128 - seed is :

import requests

urllib3_version = "1.26.12"
chardet_version = "3.0.2"
charset_normalizer_version = None

requests.check_compatibility(urllib3_version, chardet_version, charset_normalizer_version)

2025-10-26 15:58:59.258 | INFO     | tracefuzz.lib.fuzz.fuzz_library:fuzz_single_seed:136 - Start fuzz seed 3728 (requests.check_compatibility), attempt=1, exec_cnt=0.
2025-10-26 15:58:59.268 | INFO     | tracefuzz.lib.fuzz.fuzz_library:safe_fuzz:32 - Safe fuzzing seed 3728: requests.check_compatibility with PID 62368, PGID 62368
2025-10-26 15:58:59.765 | INFO     | tracefuzz.lib.fuzz.fuzz_function:fuzz_function:120 - Start fuzz requests.check_compatibility
2025-10-26 15:59:13.466 | INFO     | tracefuzz.lib.fuzz.fuzz_function:fuzz_function:133 - Fuzz requests.check_compatibility done
2025-10-26 15:59:13.479 | INFO     | tracefuzz.lib.fuzz.fuzz_library:fuzz_single_seed:161 - Fuzz seed 3728 done with 100000 executions.
2025-10-26 15:59:13.498 | DEBUG    | tracefuzz.lib.fuzz.fuzz_library:fuzz_single_seed:128 - seed is :

import requests
d = {"key1": "value1", "key2": "value2"}
res = requests.utils.dict_to_sequence(d)

2025-10-26 15:59:13.499 | INFO     | tracefuzz.lib.fuzz.fuzz_library:fuzz_single_seed:136 - Start fuzz seed 3729 (requests.utils.dict_to_sequence), attempt=1, exec_cnt=0.
2025-10-26 15:59:13.508 | INFO     | tracefuzz.lib.fuzz.fuzz_library:safe_fuzz:32 - Safe fuzzing seed 3729: requests.utils.dict_to_sequence with PID 62412, PGID 62412
2025-10-26 15:59:13.558 | INFO     | tracefuzz.lib.fuzz.fuzz_function:fuzz_function:120 - Start fuzz requests.utils.dict_to_sequence
2025-10-26 15:59:24.741 | INFO     | tracefuzz.lib.fuzz.fuzz_function:fuzz_function:133 - Fuzz requests.utils.dict_to_sequence done
2025-10-26 15:59:24.789 | INFO     | tracefuzz.lib.fuzz.fuzz_library:fuzz_single_seed:161 - Fuzz seed 3729 done with 100000 executions.
2025-10-26 15:59:24.818 | DEBUG    | tracefuzz.lib.fuzz.fuzz_library:fuzz_single_seed:128 - seed is :

import requests
from requests.cookies import cookiejar_from_dict, RequestsCookieJar

cookie_dict = {"session_id": "12345", "user": "john_doe"}
cookie_jar = RequestsCookieJar()
overwrite = True

result = cookiejar_from_dict(cookie_dict, cookie_jar, overwrite)

2025-10-26 15:59:24.819 | INFO     | tracefuzz.lib.fuzz.fuzz_library:fuzz_single_seed:136 - Start fuzz seed 3730 (requests.cookies.cookiejar_from_dict), attempt=1, exec_cnt=0.
2025-10-26 15:59:24.831 | INFO     | tracefuzz.lib.fuzz.fuzz_library:safe_fuzz:32 - Safe fuzzing seed 3730: requests.cookies.cookiejar_from_dict with PID 62413, PGID 62413
2025-10-26 15:59:24.885 | INFO     | tracefuzz.lib.fuzz.fuzz_function:fuzz_function:120 - Start fuzz requests.cookies.cookiejar_from_dict
2025-10-26 16:00:02.914 | INFO     | tracefuzz.lib.fuzz.fuzz_function:fuzz_function:133 - Fuzz requests.cookies.cookiejar_from_dict done
2025-10-26 16:00:03.005 | INFO     | tracefuzz.lib.fuzz.fuzz_library:fuzz_single_seed:161 - Fuzz seed 3730 done with 100000 executions.
2025-10-26 16:00:03.031 | DEBUG    | tracefuzz.lib.fuzz.fuzz_library:fuzz_single_seed:128 - seed is :

import requests
string_input = "example_string"
encoding_input = "ascii"
result = requests.cookies.to_native_string(string_input, encoding_input)

2025-10-26 16:00:03.031 | INFO     | tracefuzz.lib.fuzz.fuzz_library:fuzz_single_seed:136 - Start fuzz seed 3731 (requests.cookies.to_native_string), attempt=1, exec_cnt=0.
2025-10-26 16:00:03.040 | INFO     | tracefuzz.lib.fuzz.fuzz_library:safe_fuzz:32 - Safe fuzzing seed 3731: requests.cookies.to_native_string with PID 62415, PGID 62415
2025-10-26 16:00:03.091 | INFO     | tracefuzz.lib.fuzz.fuzz_function:fuzz_function:120 - Start fuzz requests._internal_utils.to_native_string
2025-10-26 16:00:17.224 | INFO     | tracefuzz.lib.fuzz.fuzz_function:fuzz_function:133 - Fuzz requests._internal_utils.to_native_string done
2025-10-26 16:00:17.232 | INFO     | tracefuzz.lib.fuzz.fuzz_library:fuzz_single_seed:161 - Fuzz seed 3731 done with 100000 executions.
2025-10-26 16:00:17.251 | DEBUG    | tracefuzz.lib.fuzz.fuzz_library:fuzz_single_seed:128 - seed is :

import requests
from requests.cookies import cookiejar_from_dict
from http.cookiejar import CookieJar

# 创建一个CookieJar实例作为cookiejar参数
cookiejar = CookieJar()

# 定义要合并的cookies，可以是字典或CookieJar对象
cookies = {
    'session_id': '12345',
    'user_id': '67890'
}

# 调用merge_cookies函数进行合并
merged_cookiejar = requests.cookies.merge_cookies(cookiejar, cookies)

2025-10-26 16:00:17.252 | INFO     | tracefuzz.lib.fuzz.fuzz_library:fuzz_single_seed:136 - Start fuzz seed 3732 (requests.cookies.merge_cookies), attempt=1, exec_cnt=0.
2025-10-26 16:00:17.256 | INFO     | tracefuzz.lib.fuzz.fuzz_library:safe_fuzz:32 - Safe fuzzing seed 3732: requests.cookies.merge_cookies with PID 62416, PGID 62416
2025-10-26 16:00:17.301 | INFO     | tracefuzz.lib.fuzz.fuzz_function:fuzz_function:120 - Start fuzz requests.cookies.merge_cookies
2025-10-26 16:00:17.358 | INFO     | tracefuzz.lib.fuzz.fuzz_library:fuzz_single_seed:136 - Start fuzz seed 3732 (requests.cookies.merge_cookies), attempt=2, exec_cnt=0.
2025-10-26 16:00:17.366 | INFO     | tracefuzz.lib.fuzz.fuzz_library:safe_fuzz:32 - Safe fuzzing seed 3732: requests.cookies.merge_cookies with PID 62417, PGID 62417
2025-10-26 16:00:17.417 | INFO     | tracefuzz.lib.fuzz.fuzz_function:fuzz_function:120 - Start fuzz requests.cookies.merge_cookies
2025-10-26 16:00:17.465 | INFO     | tracefuzz.lib.fuzz.fuzz_library:fuzz_single_seed:136 - Start fuzz seed 3732 (requests.cookies.merge_cookies), attempt=3, exec_cnt=0.
2025-10-26 16:00:17.473 | INFO     | tracefuzz.lib.fuzz.fuzz_library:safe_fuzz:32 - Safe fuzzing seed 3732: requests.cookies.merge_cookies with PID 62418, PGID 62418
2025-10-26 16:00:17.522 | INFO     | tracefuzz.lib.fuzz.fuzz_function:fuzz_function:120 - Start fuzz requests.cookies.merge_cookies
2025-10-26 16:00:17.572 | INFO     | tracefuzz.lib.fuzz.fuzz_library:fuzz_single_seed:136 - Start fuzz seed 3732 (requests.cookies.merge_cookies), attempt=4, exec_cnt=0.
2025-10-26 16:00:17.580 | INFO     | tracefuzz.lib.fuzz.fuzz_library:safe_fuzz:32 - Safe fuzzing seed 3732: requests.cookies.merge_cookies with PID 62419, PGID 62419
2025-10-26 16:00:17.631 | INFO     | tracefuzz.lib.fuzz.fuzz_function:fuzz_function:120 - Start fuzz requests.cookies.merge_cookies
2025-10-26 16:00:17.678 | INFO     | tracefuzz.lib.fuzz.fuzz_library:fuzz_single_seed:136 - Start fuzz seed 3732 (requests.cookies.merge_cookies), attempt=5, exec_cnt=0.
2025-10-26 16:00:17.686 | INFO     | tracefuzz.lib.fuzz.fuzz_library:safe_fuzz:32 - Safe fuzzing seed 3732: requests.cookies.merge_cookies with PID 62420, PGID 62420
2025-10-26 16:00:17.735 | INFO     | tracefuzz.lib.fuzz.fuzz_function:fuzz_function:120 - Start fuzz requests.cookies.merge_cookies
2025-10-26 16:00:17.785 | INFO     | tracefuzz.lib.fuzz.fuzz_library:fuzz_single_seed:136 - Start fuzz seed 3732 (requests.cookies.merge_cookies), attempt=6, exec_cnt=0.
2025-10-26 16:00:17.793 | INFO     | tracefuzz.lib.fuzz.fuzz_library:safe_fuzz:32 - Safe fuzzing seed 3732: requests.cookies.merge_cookies with PID 62421, PGID 62421
2025-10-26 16:00:17.842 | INFO     | tracefuzz.lib.fuzz.fuzz_function:fuzz_function:120 - Start fuzz requests.cookies.merge_cookies
2025-10-26 16:00:17.892 | INFO     | tracefuzz.lib.fuzz.fuzz_library:fuzz_single_seed:136 - Start fuzz seed 3732 (requests.cookies.merge_cookies), attempt=7, exec_cnt=0.
2025-10-26 16:00:17.899 | INFO     | tracefuzz.lib.fuzz.fuzz_library:safe_fuzz:32 - Safe fuzzing seed 3732: requests.cookies.merge_cookies with PID 62422, PGID 62422
2025-10-26 16:00:17.946 | INFO     | tracefuzz.lib.fuzz.fuzz_function:fuzz_function:120 - Start fuzz requests.cookies.merge_cookies
2025-10-26 16:00:17.998 | INFO     | tracefuzz.lib.fuzz.fuzz_library:fuzz_single_seed:136 - Start fuzz seed 3732 (requests.cookies.merge_cookies), attempt=8, exec_cnt=0.
2025-10-26 16:00:18.005 | INFO     | tracefuzz.lib.fuzz.fuzz_library:safe_fuzz:32 - Safe fuzzing seed 3732: requests.cookies.merge_cookies with PID 62423, PGID 62423
2025-10-26 16:00:18.056 | INFO     | tracefuzz.lib.fuzz.fuzz_function:fuzz_function:120 - Start fuzz requests.cookies.merge_cookies
2025-10-26 16:00:18.104 | INFO     | tracefuzz.lib.fuzz.fuzz_library:fuzz_single_seed:136 - Start fuzz seed 3732 (requests.cookies.merge_cookies), attempt=9, exec_cnt=0.
2025-10-26 16:00:18.110 | INFO     | tracefuzz.lib.fuzz.fuzz_library:safe_fuzz:32 - Safe fuzzing seed 3732: requests.cookies.merge_cookies with PID 62424, PGID 62424
2025-10-26 16:00:18.154 | INFO     | tracefuzz.lib.fuzz.fuzz_function:fuzz_function:120 - Start fuzz requests.cookies.merge_cookies
2025-10-26 16:00:18.212 | INFO     | tracefuzz.lib.fuzz.fuzz_library:fuzz_single_seed:136 - Start fuzz seed 3732 (requests.cookies.merge_cookies), attempt=10, exec_cnt=0.
2025-10-26 16:00:18.220 | INFO     | tracefuzz.lib.fuzz.fuzz_library:safe_fuzz:32 - Safe fuzzing seed 3732: requests.cookies.merge_cookies with PID 62425, PGID 62425
2025-10-26 16:00:18.271 | INFO     | tracefuzz.lib.fuzz.fuzz_function:fuzz_function:120 - Start fuzz requests.cookies.merge_cookies
2025-10-26 16:00:18.319 | INFO     | tracefuzz.lib.fuzz.fuzz_library:fuzz_single_seed:161 - Fuzz seed 3732 done with 0 executions.
2025-10-26 16:00:18.320 | DEBUG    | tracefuzz.lib.fuzz.fuzz_library:fuzz_single_seed:128 - seed is :

import requests
from requests.cookies import RequestsCookieJar, create_cookie

# 创建一个字典，包含要添加的cookies
cookie_dict = {
    'session_id': '12345',
    'user_name': 'john_doe'
}

# 创建一个RequestsCookieJar实例
cookiejar = RequestsCookieJar()

# 调用cookiejar_from_dict函数
result_cookiejar = requests.utils.cookiejar_from_dict(cookie_dict, cookiejar=cookiejar, overwrite=True)

2025-10-26 16:00:18.321 | INFO     | tracefuzz.lib.fuzz.fuzz_library:fuzz_single_seed:136 - Start fuzz seed 3733 (requests.utils.cookiejar_from_dict), attempt=1, exec_cnt=0.
2025-10-26 16:00:18.326 | INFO     | tracefuzz.lib.fuzz.fuzz_library:safe_fuzz:32 - Safe fuzzing seed 3733: requests.utils.cookiejar_from_dict with PID 62426, PGID 62426
2025-10-26 16:00:18.372 | INFO     | tracefuzz.lib.fuzz.fuzz_function:fuzz_function:120 - Start fuzz requests.cookies.cookiejar_from_dict
2025-10-26 16:00:58.430 | INFO     | tracefuzz.lib.fuzz.fuzz_function:fuzz_function:133 - Fuzz requests.cookies.cookiejar_from_dict done
2025-10-26 16:00:58.521 | INFO     | tracefuzz.lib.fuzz.fuzz_library:fuzz_single_seed:161 - Fuzz seed 3733 done with 100000 executions.
2025-10-26 16:00:58.544 | DEBUG    | tracefuzz.lib.fuzz.fuzz_library:fuzz_single_seed:128 - seed is :

import requests
name = "session_id"
value = "123456789"
cookie = requests.cookies.create_cookie(name, value, domain="example.com", path="/", secure=True)

2025-10-26 16:00:58.544 | INFO     | tracefuzz.lib.fuzz.fuzz_library:fuzz_single_seed:136 - Start fuzz seed 3734 (requests.cookies.create_cookie), attempt=1, exec_cnt=0.
2025-10-26 16:00:58.552 | INFO     | tracefuzz.lib.fuzz.fuzz_library:safe_fuzz:32 - Safe fuzzing seed 3734: requests.cookies.create_cookie with PID 62428, PGID 62428
2025-10-26 16:00:58.607 | INFO     | tracefuzz.lib.fuzz.fuzz_function:fuzz_function:120 - Start fuzz requests.cookies.create_cookie
2025-10-26 16:01:14.125 | INFO     | tracefuzz.lib.fuzz.fuzz_function:fuzz_function:133 - Fuzz requests.cookies.create_cookie done
2025-10-26 16:01:14.155 | INFO     | tracefuzz.lib.fuzz.fuzz_library:fuzz_single_seed:161 - Fuzz seed 3734 done with 100000 executions.
2025-10-26 16:01:14.180 | DEBUG    | tracefuzz.lib.fuzz.fuzz_library:fuzz_single_seed:128 - seed is :

import requests
from requests.cookies import RequestsCookieJar
from requests.models import Request

# 创建一个请求对象
request = Request()
request.url = "http://example.com"

# 创建一个CookieJar实例
jar = RequestsCookieJar()

# 添加cookie到jar中
jar.set("session_id", "12345", domain="example.com", path="/")

# 调用get_cookie_header函数生成Cookie头
cookie_header = requests.cookies.get_cookie_header(jar, request)

2025-10-26 16:01:14.180 | INFO     | tracefuzz.lib.fuzz.fuzz_library:fuzz_single_seed:136 - Start fuzz seed 3735 (requests.cookies.get_cookie_header), attempt=1, exec_cnt=0.
2025-10-26 16:01:14.187 | INFO     | tracefuzz.lib.fuzz.fuzz_library:safe_fuzz:32 - Safe fuzzing seed 3735: requests.cookies.get_cookie_header with PID 62430, PGID 62430
2025-10-26 16:01:14.247 | INFO     | tracefuzz.lib.fuzz.fuzz_function:fuzz_function:120 - Start fuzz requests.cookies.get_cookie_header
2025-10-26 16:01:58.778 | INFO     | tracefuzz.lib.fuzz.fuzz_function:fuzz_function:133 - Fuzz requests.cookies.get_cookie_header done
2025-10-26 16:01:58.813 | INFO     | tracefuzz.lib.fuzz.fuzz_library:fuzz_single_seed:161 - Fuzz seed 3735 done with 100000 executions.
2025-10-26 16:01:58.840 | DEBUG    | tracefuzz.lib.fuzz.fuzz_library:fuzz_single_seed:128 - seed is :

import requests
string_input = "example_string"
encoding_input = "utf-8"
result = requests.utils.to_native_string(string_input, encoding_input)

2025-10-26 16:01:58.841 | INFO     | tracefuzz.lib.fuzz.fuzz_library:fuzz_single_seed:136 - Start fuzz seed 3736 (requests.utils.to_native_string), attempt=1, exec_cnt=0.
2025-10-26 16:01:58.854 | INFO     | tracefuzz.lib.fuzz.fuzz_library:safe_fuzz:32 - Safe fuzzing seed 3736: requests.utils.to_native_string with PID 62431, PGID 62431
2025-10-26 16:01:58.913 | INFO     | tracefuzz.lib.fuzz.fuzz_function:fuzz_function:120 - Start fuzz requests._internal_utils.to_native_string
2025-10-26 16:02:10.952 | INFO     | tracefuzz.lib.fuzz.fuzz_function:fuzz_function:133 - Fuzz requests._internal_utils.to_native_string done
2025-10-26 16:02:10.992 | INFO     | tracefuzz.lib.fuzz.fuzz_library:fuzz_single_seed:161 - Fuzz seed 3736 done with 100000 executions.
2025-10-26 16:02:11.014 | DEBUG    | tracefuzz.lib.fuzz.fuzz_library:fuzz_single_seed:128 - seed is :

import requests
from requests.cookies import RequestsCookieJar

# 创建一个CookieJar实例
cookie_jar = RequestsCookieJar()

# 添加一些示例cookie（可选，用于测试）
cookie_jar.set('session_id', '12345', domain='example.com', path='/')

# 定义要移除的cookie名称
cookie_name = 'session_id'

# 调用remove_cookie_by_name函数移除指定名称的cookie
requests.cookies.remove_cookie_by_name(cookie_jar, cookie_name)

2025-10-26 16:02:11.015 | INFO     | tracefuzz.lib.fuzz.fuzz_library:fuzz_single_seed:136 - Start fuzz seed 3737 (requests.cookies.remove_cookie_by_name), attempt=1, exec_cnt=0.
2025-10-26 16:02:11.021 | INFO     | tracefuzz.lib.fuzz.fuzz_library:safe_fuzz:32 - Safe fuzzing seed 3737: requests.cookies.remove_cookie_by_name with PID 62433, PGID 62433
2025-10-26 16:02:11.072 | INFO     | tracefuzz.lib.fuzz.fuzz_function:fuzz_function:120 - Start fuzz requests.cookies.remove_cookie_by_name
2025-10-26 16:02:39.325 | INFO     | tracefuzz.lib.fuzz.fuzz_function:fuzz_function:133 - Fuzz requests.cookies.remove_cookie_by_name done
2025-10-26 16:02:39.417 | INFO     | tracefuzz.lib.fuzz.fuzz_library:fuzz_single_seed:161 - Fuzz seed 3737 done with 100000 executions.
2025-10-26 16:02:39.438 | DEBUG    | tracefuzz.lib.fuzz.fuzz_library:fuzz_single_seed:128 - seed is :

import requests
import io
import os
from unittest.mock import Mock

# Create a mock file-like object for testing
mock_file = io.BytesIO(b"hello world")
mock_file.seek(0)  # Set initial position

# Call super_len with the mock file
result = requests.utils.super_len(mock_file)

2025-10-26 16:02:39.438 | INFO     | tracefuzz.lib.fuzz.fuzz_library:fuzz_single_seed:136 - Start fuzz seed 3738 (requests.utils.super_len), attempt=1, exec_cnt=0.
2025-10-26 16:02:39.445 | INFO     | tracefuzz.lib.fuzz.fuzz_library:safe_fuzz:32 - Safe fuzzing seed 3738: requests.utils.super_len with PID 62436, PGID 62436
2025-10-26 16:02:39.526 | INFO     | tracefuzz.lib.fuzz.fuzz_function:fuzz_function:120 - Start fuzz requests.utils.super_len
2025-10-26 16:02:51.928 | INFO     | tracefuzz.lib.fuzz.fuzz_function:fuzz_function:133 - Fuzz requests.utils.super_len done
2025-10-26 16:02:51.996 | INFO     | tracefuzz.lib.fuzz.fuzz_library:fuzz_single_seed:161 - Fuzz seed 3738 done with 100000 executions.
2025-10-26 16:02:52.014 | DEBUG    | tracefuzz.lib.fuzz.fuzz_library:fuzz_single_seed:128 - seed is :

import requests
from urllib.parse import urlparse

url = "https://example.com"
raise_errors = False
res = requests.utils.get_netrc_auth(url, raise_errors)

2025-10-26 16:02:52.015 | INFO     | tracefuzz.lib.fuzz.fuzz_library:fuzz_single_seed:136 - Start fuzz seed 3739 (requests.utils.get_netrc_auth), attempt=1, exec_cnt=0.
2025-10-26 16:02:52.023 | INFO     | tracefuzz.lib.fuzz.fuzz_library:safe_fuzz:32 - Safe fuzzing seed 3739: requests.utils.get_netrc_auth with PID 62437, PGID 62437
2025-10-26 16:02:52.092 | INFO     | tracefuzz.lib.fuzz.fuzz_function:fuzz_function:120 - Start fuzz requests.utils.get_netrc_auth
2025-10-26 16:03:07.152 | INFO     | tracefuzz.lib.fuzz.fuzz_function:fuzz_function:133 - Fuzz requests.utils.get_netrc_auth done
2025-10-26 16:03:07.182 | INFO     | tracefuzz.lib.fuzz.fuzz_library:fuzz_single_seed:161 - Fuzz seed 3739 done with 100000 executions.
2025-10-26 16:03:07.207 | DEBUG    | tracefuzz.lib.fuzz.fuzz_library:fuzz_single_seed:128 - seed is :

import os
import zipfile
import tempfile
from requests.utils import extract_zipped_paths

path = "/path/to/archive.zip/member/file.txt"
result = extract_zipped_paths(path)

2025-10-26 16:03:07.207 | INFO     | tracefuzz.lib.fuzz.fuzz_library:fuzz_single_seed:136 - Start fuzz seed 3740 (requests.utils.extract_zipped_paths), attempt=1, exec_cnt=0.
2025-10-26 16:03:07.214 | INFO     | tracefuzz.lib.fuzz.fuzz_library:safe_fuzz:32 - Safe fuzzing seed 3740: requests.utils.extract_zipped_paths with PID 62439, PGID 62439
2025-10-26 16:03:07.266 | INFO     | tracefuzz.lib.fuzz.fuzz_function:fuzz_function:120 - Start fuzz requests.utils.extract_zipped_paths
2025-10-26 16:03:23.442 | INFO     | tracefuzz.lib.fuzz.fuzz_function:fuzz_function:133 - Fuzz requests.utils.extract_zipped_paths done
2025-10-26 16:03:23.486 | INFO     | tracefuzz.lib.fuzz.fuzz_library:fuzz_single_seed:161 - Fuzz seed 3740 done with 100000 executions.
2025-10-26 16:03:23.513 | DEBUG    | tracefuzz.lib.fuzz.fuzz_library:fuzz_single_seed:128 - seed is :

import requests
import tempfile
import os

filename = "example.txt"
with requests.utils.atomic_open(filename) as f:
    f.write(b"Hello, world!")

2025-10-26 16:03:23.513 | INFO     | tracefuzz.lib.fuzz.fuzz_library:fuzz_single_seed:136 - Start fuzz seed 3741 (requests.utils.atomic_open), attempt=1, exec_cnt=0.
2025-10-26 16:03:23.521 | INFO     | tracefuzz.lib.fuzz.fuzz_library:safe_fuzz:32 - Safe fuzzing seed 3741: requests.utils.atomic_open with PID 62440, PGID 62440
2025-10-26 16:03:23.577 | INFO     | tracefuzz.lib.fuzz.fuzz_function:fuzz_function:120 - Start fuzz requests.utils.atomic_open
2025-10-26 16:03:36.286 | INFO     | tracefuzz.lib.fuzz.fuzz_function:fuzz_function:133 - Fuzz requests.utils.atomic_open done
2025-10-26 16:03:36.378 | INFO     | tracefuzz.lib.fuzz.fuzz_library:fuzz_single_seed:161 - Fuzz seed 3741 done with 100000 executions.
2025-10-26 16:03:36.400 | DEBUG    | tracefuzz.lib.fuzz.fuzz_library:fuzz_single_seed:128 - seed is :

import requests
from collections import OrderedDict

value = [('key', 'val')]
res = requests.utils.from_key_val_list(value)

2025-10-26 16:03:36.400 | INFO     | tracefuzz.lib.fuzz.fuzz_library:fuzz_single_seed:136 - Start fuzz seed 3742 (requests.utils.from_key_val_list), attempt=1, exec_cnt=0.
2025-10-26 16:03:36.409 | INFO     | tracefuzz.lib.fuzz.fuzz_library:safe_fuzz:32 - Safe fuzzing seed 3742: requests.utils.from_key_val_list with PID 62441, PGID 62441
2025-10-26 16:03:36.476 | INFO     | tracefuzz.lib.fuzz.fuzz_function:fuzz_function:120 - Start fuzz requests.utils.from_key_val_list
2025-10-26 16:03:50.293 | INFO     | tracefuzz.lib.fuzz.fuzz_function:fuzz_function:133 - Fuzz requests.utils.from_key_val_list done
2025-10-26 16:03:50.306 | INFO     | tracefuzz.lib.fuzz.fuzz_library:fuzz_single_seed:161 - Fuzz seed 3742 done with 100000 executions.
2025-10-26 16:03:50.326 | DEBUG    | tracefuzz.lib.fuzz.fuzz_library:fuzz_single_seed:128 - seed is :

import requests
value = [('key', 'val')]
res = requests.utils.to_key_val_list(value)

2025-10-26 16:03:50.327 | INFO     | tracefuzz.lib.fuzz.fuzz_library:fuzz_single_seed:136 - Start fuzz seed 3743 (requests.utils.to_key_val_list), attempt=1, exec_cnt=0.
2025-10-26 16:03:50.337 | INFO     | tracefuzz.lib.fuzz.fuzz_library:safe_fuzz:32 - Safe fuzzing seed 3743: requests.utils.to_key_val_list with PID 62443, PGID 62443
2025-10-26 16:03:50.393 | INFO     | tracefuzz.lib.fuzz.fuzz_function:fuzz_function:120 - Start fuzz requests.utils.to_key_val_list
2025-10-26 16:04:03.207 | INFO     | tracefuzz.lib.fuzz.fuzz_function:fuzz_function:133 - Fuzz requests.utils.to_key_val_list done
2025-10-26 16:04:03.237 | INFO     | tracefuzz.lib.fuzz.fuzz_library:fuzz_single_seed:161 - Fuzz seed 3743 done with 100000 executions.
2025-10-26 16:04:03.264 | DEBUG    | tracefuzz.lib.fuzz.fuzz_library:fuzz_single_seed:128 - seed is :

import requests
value = "token, \"quoted value\", another_token"
res = requests.utils.parse_list_header(value)

2025-10-26 16:04:03.264 | INFO     | tracefuzz.lib.fuzz.fuzz_library:fuzz_single_seed:136 - Start fuzz seed 3744 (requests.utils.parse_list_header), attempt=1, exec_cnt=0.
2025-10-26 16:04:03.272 | INFO     | tracefuzz.lib.fuzz.fuzz_library:safe_fuzz:32 - Safe fuzzing seed 3744: requests.utils.parse_list_header with PID 62444, PGID 62444
2025-10-26 16:04:03.325 | INFO     | tracefuzz.lib.fuzz.fuzz_function:fuzz_function:120 - Start fuzz requests.utils.parse_list_header
2025-10-26 16:04:15.787 | INFO     | tracefuzz.lib.fuzz.fuzz_function:fuzz_function:133 - Fuzz requests.utils.parse_list_header done
2025-10-26 16:04:15.857 | INFO     | tracefuzz.lib.fuzz.fuzz_library:fuzz_single_seed:161 - Fuzz seed 3744 done with 100000 executions.
2025-10-26 16:04:15.877 | DEBUG    | tracefuzz.lib.fuzz.fuzz_library:fuzz_single_seed:128 - seed is :

import requests
value = 'foo="is a fish", bar="as well"'
res = requests.utils.parse_dict_header(value)

2025-10-26 16:04:15.878 | INFO     | tracefuzz.lib.fuzz.fuzz_library:fuzz_single_seed:136 - Start fuzz seed 3745 (requests.utils.parse_dict_header), attempt=1, exec_cnt=0.
2025-10-26 16:04:15.888 | INFO     | tracefuzz.lib.fuzz.fuzz_library:safe_fuzz:32 - Safe fuzzing seed 3745: requests.utils.parse_dict_header with PID 62446, PGID 62446
2025-10-26 16:04:15.941 | INFO     | tracefuzz.lib.fuzz.fuzz_function:fuzz_function:120 - Start fuzz requests.utils.parse_dict_header
2025-10-26 16:04:28.132 | INFO     | tracefuzz.lib.fuzz.fuzz_function:fuzz_function:133 - Fuzz requests.utils.parse_dict_header done
2025-10-26 16:04:28.165 | INFO     | tracefuzz.lib.fuzz.fuzz_library:fuzz_single_seed:161 - Fuzz seed 3745 done with 100000 executions.
2025-10-26 16:04:28.185 | DEBUG    | tracefuzz.lib.fuzz.fuzz_library:fuzz_single_seed:128 - seed is :

import requests
value = '"C:\\\\foo\\\\bar.txt"'
is_filename = True
res = requests.utils.unquote_header_value(value, is_filename)

2025-10-26 16:04:28.186 | INFO     | tracefuzz.lib.fuzz.fuzz_library:fuzz_single_seed:136 - Start fuzz seed 3746 (requests.utils.unquote_header_value), attempt=1, exec_cnt=0.
2025-10-26 16:04:28.196 | INFO     | tracefuzz.lib.fuzz.fuzz_library:safe_fuzz:32 - Safe fuzzing seed 3746: requests.utils.unquote_header_value with PID 62447, PGID 62447
2025-10-26 16:04:28.245 | INFO     | tracefuzz.lib.fuzz.fuzz_function:fuzz_function:120 - Start fuzz requests.utils.unquote_header_value
2025-10-26 16:04:39.909 | INFO     | tracefuzz.lib.fuzz.fuzz_function:fuzz_function:133 - Fuzz requests.utils.unquote_header_value done
2025-10-26 16:04:39.955 | INFO     | tracefuzz.lib.fuzz.fuzz_library:fuzz_single_seed:161 - Fuzz seed 3746 done with 100000 executions.
2025-10-26 16:04:39.981 | DEBUG    | tracefuzz.lib.fuzz.fuzz_library:fuzz_single_seed:128 - seed is :

import requests
from requests.cookies import cookiejar_from_dict

cj = requests.cookies.RequestsCookieJar()
cookie_dict = {"key1": "value1", "key2": "value2"}
res = requests.utils.add_dict_to_cookiejar(cj, cookie_dict)

2025-10-26 16:04:39.982 | INFO     | tracefuzz.lib.fuzz.fuzz_library:fuzz_single_seed:136 - Start fuzz seed 3747 (requests.utils.add_dict_to_cookiejar), attempt=1, exec_cnt=0.
2025-10-26 16:04:39.991 | INFO     | tracefuzz.lib.fuzz.fuzz_library:safe_fuzz:32 - Safe fuzzing seed 3747: requests.utils.add_dict_to_cookiejar with PID 62448, PGID 62448
2025-10-26 16:04:40.043 | INFO     | tracefuzz.lib.fuzz.fuzz_function:fuzz_function:120 - Start fuzz requests.utils.add_dict_to_cookiejar
2025-10-26 16:05:21.721 | INFO     | tracefuzz.lib.fuzz.fuzz_function:fuzz_function:133 - Fuzz requests.utils.add_dict_to_cookiejar done
2025-10-26 16:05:21.789 | INFO     | tracefuzz.lib.fuzz.fuzz_library:fuzz_single_seed:161 - Fuzz seed 3747 done with 100000 executions.
2025-10-26 16:05:21.815 | DEBUG    | tracefuzz.lib.fuzz.fuzz_library:fuzz_single_seed:128 - seed is :

import requests
import os

class MockFile:
    def __init__(self, name):
        self.name = name

obj = MockFile("example.txt")
res = requests.utils.guess_filename(obj)

2025-10-26 16:05:21.816 | INFO     | tracefuzz.lib.fuzz.fuzz_library:fuzz_single_seed:136 - Start fuzz seed 3748 (requests.utils.guess_filename), attempt=1, exec_cnt=0.
2025-10-26 16:05:21.821 | INFO     | tracefuzz.lib.fuzz.fuzz_library:safe_fuzz:32 - Safe fuzzing seed 3748: requests.utils.guess_filename with PID 62451, PGID 62451
2025-10-26 16:05:21.873 | INFO     | tracefuzz.lib.fuzz.fuzz_function:fuzz_function:120 - Start fuzz requests.utils.guess_filename
2025-10-26 16:05:32.944 | INFO     | tracefuzz.lib.fuzz.fuzz_function:fuzz_function:133 - Fuzz requests.utils.guess_filename done
2025-10-26 16:05:32.967 | INFO     | tracefuzz.lib.fuzz.fuzz_library:fuzz_single_seed:161 - Fuzz seed 3748 done with 100000 executions.
2025-10-26 16:05:32.999 | DEBUG    | tracefuzz.lib.fuzz.fuzz_library:fuzz_single_seed:128 - seed is :

import requests

headers = {"content-type": "text/html; charset=utf-8"}
encoding = requests.utils.get_encoding_from_headers(headers)

2025-10-26 16:05:33.000 | INFO     | tracefuzz.lib.fuzz.fuzz_library:fuzz_single_seed:136 - Start fuzz seed 3749 (requests.utils.get_encoding_from_headers), attempt=1, exec_cnt=0.
2025-10-26 16:05:33.004 | INFO     | tracefuzz.lib.fuzz.fuzz_library:safe_fuzz:32 - Safe fuzzing seed 3749: requests.utils.get_encoding_from_headers with PID 62452, PGID 62452
2025-10-26 16:05:33.055 | INFO     | tracefuzz.lib.fuzz.fuzz_function:fuzz_function:120 - Start fuzz requests.utils.get_encoding_from_headers
2025-10-26 16:05:44.316 | INFO     | tracefuzz.lib.fuzz.fuzz_function:fuzz_function:133 - Fuzz requests.utils.get_encoding_from_headers done
2025-10-26 16:05:44.359 | INFO     | tracefuzz.lib.fuzz.fuzz_library:fuzz_single_seed:161 - Fuzz seed 3749 done with 100000 executions.
2025-10-26 16:05:44.383 | DEBUG    | tracefuzz.lib.fuzz.fuzz_library:fuzz_single_seed:128 - seed is :

import requests
import codecs

# 创建模拟的iterator对象（例如，一个包含字节数据的生成器）
iterator = (b"Hello, " + b"World!" for _ in range(1))

# 创建模拟的响应对象r，包含encoding属性
class MockResponse:
    def __init__(self):
        self.encoding = 'utf-8'

r = MockResponse()

# 调用函数
result = requests.utils.stream_decode_response_unicode(iterator, r)

2025-10-26 16:05:44.384 | INFO     | tracefuzz.lib.fuzz.fuzz_library:fuzz_single_seed:136 - Start fuzz seed 3750 (requests.utils.stream_decode_response_unicode), attempt=1, exec_cnt=0.
2025-10-26 16:05:44.389 | INFO     | tracefuzz.lib.fuzz.fuzz_library:safe_fuzz:32 - Safe fuzzing seed 3750: requests.utils.stream_decode_response_unicode with PID 62453, PGID 62453
2025-10-26 16:05:44.437 | INFO     | tracefuzz.lib.fuzz.fuzz_function:fuzz_function:120 - Start fuzz requests.utils.stream_decode_response_unicode
2025-10-26 16:05:44.490 | INFO     | tracefuzz.lib.fuzz.fuzz_library:fuzz_single_seed:136 - Start fuzz seed 3750 (requests.utils.stream_decode_response_unicode), attempt=2, exec_cnt=0.
2025-10-26 16:05:44.500 | INFO     | tracefuzz.lib.fuzz.fuzz_library:safe_fuzz:32 - Safe fuzzing seed 3750: requests.utils.stream_decode_response_unicode with PID 62454, PGID 62454
2025-10-26 16:05:44.554 | INFO     | tracefuzz.lib.fuzz.fuzz_function:fuzz_function:120 - Start fuzz requests.utils.stream_decode_response_unicode
2025-10-26 16:05:44.597 | INFO     | tracefuzz.lib.fuzz.fuzz_library:fuzz_single_seed:136 - Start fuzz seed 3750 (requests.utils.stream_decode_response_unicode), attempt=3, exec_cnt=0.
2025-10-26 16:05:44.602 | INFO     | tracefuzz.lib.fuzz.fuzz_library:safe_fuzz:32 - Safe fuzzing seed 3750: requests.utils.stream_decode_response_unicode with PID 62455, PGID 62455
2025-10-26 16:05:44.645 | INFO     | tracefuzz.lib.fuzz.fuzz_function:fuzz_function:120 - Start fuzz requests.utils.stream_decode_response_unicode
2025-10-26 16:05:44.704 | INFO     | tracefuzz.lib.fuzz.fuzz_library:fuzz_single_seed:136 - Start fuzz seed 3750 (requests.utils.stream_decode_response_unicode), attempt=4, exec_cnt=0.
2025-10-26 16:05:44.709 | INFO     | tracefuzz.lib.fuzz.fuzz_library:safe_fuzz:32 - Safe fuzzing seed 3750: requests.utils.stream_decode_response_unicode with PID 62456, PGID 62456
2025-10-26 16:05:44.749 | INFO     | tracefuzz.lib.fuzz.fuzz_function:fuzz_function:120 - Start fuzz requests.utils.stream_decode_response_unicode
2025-10-26 16:05:44.810 | INFO     | tracefuzz.lib.fuzz.fuzz_library:fuzz_single_seed:136 - Start fuzz seed 3750 (requests.utils.stream_decode_response_unicode), attempt=5, exec_cnt=0.
2025-10-26 16:05:44.815 | INFO     | tracefuzz.lib.fuzz.fuzz_library:safe_fuzz:32 - Safe fuzzing seed 3750: requests.utils.stream_decode_response_unicode with PID 62457, PGID 62457
2025-10-26 16:05:44.858 | INFO     | tracefuzz.lib.fuzz.fuzz_function:fuzz_function:120 - Start fuzz requests.utils.stream_decode_response_unicode
2025-10-26 16:05:44.916 | INFO     | tracefuzz.lib.fuzz.fuzz_library:fuzz_single_seed:136 - Start fuzz seed 3750 (requests.utils.stream_decode_response_unicode), attempt=6, exec_cnt=0.
2025-10-26 16:05:44.924 | INFO     | tracefuzz.lib.fuzz.fuzz_library:safe_fuzz:32 - Safe fuzzing seed 3750: requests.utils.stream_decode_response_unicode with PID 62458, PGID 62458
2025-10-26 16:05:44.977 | INFO     | tracefuzz.lib.fuzz.fuzz_function:fuzz_function:120 - Start fuzz requests.utils.stream_decode_response_unicode
2025-10-26 16:05:45.022 | INFO     | tracefuzz.lib.fuzz.fuzz_library:fuzz_single_seed:136 - Start fuzz seed 3750 (requests.utils.stream_decode_response_unicode), attempt=7, exec_cnt=0.
2025-10-26 16:05:45.027 | INFO     | tracefuzz.lib.fuzz.fuzz_library:safe_fuzz:32 - Safe fuzzing seed 3750: requests.utils.stream_decode_response_unicode with PID 62459, PGID 62459
2025-10-26 16:05:45.078 | INFO     | tracefuzz.lib.fuzz.fuzz_function:fuzz_function:120 - Start fuzz requests.utils.stream_decode_response_unicode
2025-10-26 16:05:45.129 | INFO     | tracefuzz.lib.fuzz.fuzz_library:fuzz_single_seed:136 - Start fuzz seed 3750 (requests.utils.stream_decode_response_unicode), attempt=8, exec_cnt=0.
2025-10-26 16:05:45.133 | INFO     | tracefuzz.lib.fuzz.fuzz_library:safe_fuzz:32 - Safe fuzzing seed 3750: requests.utils.stream_decode_response_unicode with PID 62460, PGID 62460
2025-10-26 16:05:45.181 | INFO     | tracefuzz.lib.fuzz.fuzz_function:fuzz_function:120 - Start fuzz requests.utils.stream_decode_response_unicode
2025-10-26 16:05:45.235 | INFO     | tracefuzz.lib.fuzz.fuzz_library:fuzz_single_seed:136 - Start fuzz seed 3750 (requests.utils.stream_decode_response_unicode), attempt=9, exec_cnt=0.
2025-10-26 16:05:45.243 | INFO     | tracefuzz.lib.fuzz.fuzz_library:safe_fuzz:32 - Safe fuzzing seed 3750: requests.utils.stream_decode_response_unicode with PID 62461, PGID 62461
2025-10-26 16:05:45.306 | INFO     | tracefuzz.lib.fuzz.fuzz_function:fuzz_function:120 - Start fuzz requests.utils.stream_decode_response_unicode
2025-10-26 16:05:45.341 | INFO     | tracefuzz.lib.fuzz.fuzz_library:fuzz_single_seed:136 - Start fuzz seed 3750 (requests.utils.stream_decode_response_unicode), attempt=10, exec_cnt=0.
2025-10-26 16:05:45.349 | INFO     | tracefuzz.lib.fuzz.fuzz_library:safe_fuzz:32 - Safe fuzzing seed 3750: requests.utils.stream_decode_response_unicode with PID 62462, PGID 62462
2025-10-26 16:05:45.409 | INFO     | tracefuzz.lib.fuzz.fuzz_function:fuzz_function:120 - Start fuzz requests.utils.stream_decode_response_unicode
2025-10-26 16:05:45.448 | INFO     | tracefuzz.lib.fuzz.fuzz_library:fuzz_single_seed:161 - Fuzz seed 3750 done with 0 executions.
2025-10-26 16:05:45.450 | DEBUG    | tracefuzz.lib.fuzz.fuzz_library:fuzz_single_seed:128 - seed is :

import requests
string = "example_string"
slice_length = 5
res = list(requests.utils.iter_slices(string, slice_length))

2025-10-26 16:05:45.451 | INFO     | tracefuzz.lib.fuzz.fuzz_library:fuzz_single_seed:136 - Start fuzz seed 3751 (requests.utils.iter_slices), attempt=1, exec_cnt=0.
2025-10-26 16:05:45.459 | INFO     | tracefuzz.lib.fuzz.fuzz_library:safe_fuzz:32 - Safe fuzzing seed 3751: requests.utils.iter_slices with PID 62463, PGID 62463
2025-10-26 16:05:45.513 | INFO     | tracefuzz.lib.fuzz.fuzz_function:fuzz_function:120 - Start fuzz requests.utils.iter_slices
2025-10-26 16:05:58.323 | INFO     | tracefuzz.lib.fuzz.fuzz_function:fuzz_function:133 - Fuzz requests.utils.iter_slices done
2025-10-26 16:05:58.333 | INFO     | tracefuzz.lib.fuzz.fuzz_library:fuzz_single_seed:161 - Fuzz seed 3751 done with 100000 executions.
2025-10-26 16:05:58.354 | DEBUG    | tracefuzz.lib.fuzz.fuzz_library:fuzz_single_seed:128 - seed is :

import requests
from requests.models import Response

# Create a mock response object with content and headers
response = Response()
response._content = b"Hello, world! \xe2\x98\x83"  # UTF-8 encoded bytes with snowman character
response.headers = {'Content-Type': 'text/html; charset=utf-8'}

# Call the function with the response object
result = requests.utils.get_unicode_from_response(response)

2025-10-26 16:05:58.355 | INFO     | tracefuzz.lib.fuzz.fuzz_library:fuzz_single_seed:136 - Start fuzz seed 3752 (requests.utils.get_unicode_from_response), attempt=1, exec_cnt=0.
2025-10-26 16:05:58.360 | INFO     | tracefuzz.lib.fuzz.fuzz_library:safe_fuzz:32 - Safe fuzzing seed 3752: requests.utils.get_unicode_from_response with PID 62464, PGID 62464
2025-10-26 16:05:58.410 | INFO     | tracefuzz.lib.fuzz.fuzz_function:fuzz_function:120 - Start fuzz requests.utils.get_unicode_from_response
2025-10-26 16:06:09.564 | INFO     | tracefuzz.lib.fuzz.fuzz_function:fuzz_function:133 - Fuzz requests.utils.get_unicode_from_response done
2025-10-26 16:06:09.607 | INFO     | tracefuzz.lib.fuzz.fuzz_library:fuzz_single_seed:161 - Fuzz seed 3752 done with 100000 executions.
2025-10-26 16:06:09.631 | DEBUG    | tracefuzz.lib.fuzz.fuzz_library:fuzz_single_seed:128 - seed is :

import requests
uri = "example%20string%26test"
res = requests.utils.unquote_unreserved(uri)

2025-10-26 16:06:09.631 | INFO     | tracefuzz.lib.fuzz.fuzz_library:fuzz_single_seed:136 - Start fuzz seed 3753 (requests.utils.unquote_unreserved), attempt=1, exec_cnt=0.
2025-10-26 16:06:09.640 | INFO     | tracefuzz.lib.fuzz.fuzz_library:safe_fuzz:32 - Safe fuzzing seed 3753: requests.utils.unquote_unreserved with PID 62466, PGID 62466
2025-10-26 16:06:09.694 | INFO     | tracefuzz.lib.fuzz.fuzz_function:fuzz_function:120 - Start fuzz requests.utils.unquote_unreserved
2025-10-26 16:06:21.408 | INFO     | tracefuzz.lib.fuzz.fuzz_function:fuzz_function:133 - Fuzz requests.utils.unquote_unreserved done
2025-10-26 16:06:21.490 | INFO     | tracefuzz.lib.fuzz.fuzz_library:fuzz_single_seed:161 - Fuzz seed 3753 done with 100000 executions.
2025-10-26 16:06:21.516 | DEBUG    | tracefuzz.lib.fuzz.fuzz_library:fuzz_single_seed:128 - seed is :

import requests
uri = "http://example.com/path?query=value%20test"
res = requests.utils.requote_uri(uri)

2025-10-26 16:06:21.516 | INFO     | tracefuzz.lib.fuzz.fuzz_library:fuzz_single_seed:136 - Start fuzz seed 3754 (requests.utils.requote_uri), attempt=1, exec_cnt=0.
2025-10-26 16:06:21.534 | INFO     | tracefuzz.lib.fuzz.fuzz_library:safe_fuzz:32 - Safe fuzzing seed 3754: requests.utils.requote_uri with PID 62467, PGID 62467
2025-10-26 16:06:21.591 | INFO     | tracefuzz.lib.fuzz.fuzz_function:fuzz_function:120 - Start fuzz requests.utils.requote_uri
2025-10-26 16:06:32.531 | INFO     | tracefuzz.lib.fuzz.fuzz_function:fuzz_function:133 - Fuzz requests.utils.requote_uri done
2025-10-26 16:06:32.571 | INFO     | tracefuzz.lib.fuzz.fuzz_library:fuzz_single_seed:161 - Fuzz seed 3754 done with 100000 executions.
2025-10-26 16:06:32.598 | DEBUG    | tracefuzz.lib.fuzz.fuzz_library:fuzz_single_seed:128 - seed is :

import requests
ip = "192.168.1.1"
net = "192.168.1.0/24"
res = requests.utils.address_in_network(ip, net)

2025-10-26 16:06:32.598 | INFO     | tracefuzz.lib.fuzz.fuzz_library:fuzz_single_seed:136 - Start fuzz seed 3755 (requests.utils.address_in_network), attempt=1, exec_cnt=0.
2025-10-26 16:06:32.606 | INFO     | tracefuzz.lib.fuzz.fuzz_library:safe_fuzz:32 - Safe fuzzing seed 3755: requests.utils.address_in_network with PID 62468, PGID 62468
2025-10-26 16:06:32.656 | INFO     | tracefuzz.lib.fuzz.fuzz_function:fuzz_function:120 - Start fuzz requests.utils.address_in_network
2025-10-26 16:06:45.585 | INFO     | tracefuzz.lib.fuzz.fuzz_function:fuzz_function:133 - Fuzz requests.utils.address_in_network done
2025-10-26 16:06:45.656 | INFO     | tracefuzz.lib.fuzz.fuzz_library:fuzz_single_seed:161 - Fuzz seed 3755 done with 100000 executions.
2025-10-26 16:06:45.686 | DEBUG    | tracefuzz.lib.fuzz.fuzz_library:fuzz_single_seed:128 - seed is :

import requests.utils
mask = 24
res = requests.utils.dotted_netmask(mask)

2025-10-26 16:06:45.687 | INFO     | tracefuzz.lib.fuzz.fuzz_library:fuzz_single_seed:136 - Start fuzz seed 3756 (requests.utils.dotted_netmask), attempt=1, exec_cnt=0.
2025-10-26 16:06:45.694 | INFO     | tracefuzz.lib.fuzz.fuzz_library:safe_fuzz:32 - Safe fuzzing seed 3756: requests.utils.dotted_netmask with PID 62471, PGID 62471
2025-10-26 16:06:45.743 | INFO     | tracefuzz.lib.fuzz.fuzz_function:fuzz_function:120 - Start fuzz requests.utils.dotted_netmask
2025-10-26 16:06:57.448 | INFO     | tracefuzz.lib.fuzz.fuzz_function:fuzz_function:133 - Fuzz requests.utils.dotted_netmask done
2025-10-26 16:06:57.540 | INFO     | tracefuzz.lib.fuzz.fuzz_library:fuzz_single_seed:161 - Fuzz seed 3756 done with 100000 executions.
2025-10-26 16:06:57.565 | DEBUG    | tracefuzz.lib.fuzz.fuzz_library:fuzz_single_seed:128 - seed is :

import requests
string_ip = "192.168.1.1"
res = requests.utils.is_ipv4_address(string_ip)

2025-10-26 16:06:57.566 | INFO     | tracefuzz.lib.fuzz.fuzz_library:fuzz_single_seed:136 - Start fuzz seed 3757 (requests.utils.is_ipv4_address), attempt=1, exec_cnt=0.
2025-10-26 16:06:57.577 | INFO     | tracefuzz.lib.fuzz.fuzz_library:safe_fuzz:32 - Safe fuzzing seed 3757: requests.utils.is_ipv4_address with PID 62472, PGID 62472
2025-10-26 16:06:57.628 | INFO     | tracefuzz.lib.fuzz.fuzz_function:fuzz_function:120 - Start fuzz requests.utils.is_ipv4_address
2025-10-26 16:07:09.576 | INFO     | tracefuzz.lib.fuzz.fuzz_function:fuzz_function:133 - Fuzz requests.utils.is_ipv4_address done
2025-10-26 16:07:09.655 | INFO     | tracefuzz.lib.fuzz.fuzz_library:fuzz_single_seed:161 - Fuzz seed 3757 done with 100000 executions.
2025-10-26 16:07:09.689 | DEBUG    | tracefuzz.lib.fuzz.fuzz_library:fuzz_single_seed:128 - seed is :

import requests
string_network = "192.168.1.0/24"
res = requests.utils.is_valid_cidr(string_network)

2025-10-26 16:07:09.690 | INFO     | tracefuzz.lib.fuzz.fuzz_library:fuzz_single_seed:136 - Start fuzz seed 3758 (requests.utils.is_valid_cidr), attempt=1, exec_cnt=0.
2025-10-26 16:07:09.699 | INFO     | tracefuzz.lib.fuzz.fuzz_library:safe_fuzz:32 - Safe fuzzing seed 3758: requests.utils.is_valid_cidr with PID 62474, PGID 62474
2025-10-26 16:07:09.754 | INFO     | tracefuzz.lib.fuzz.fuzz_function:fuzz_function:120 - Start fuzz requests.utils.is_valid_cidr
2025-10-26 16:07:21.795 | INFO     | tracefuzz.lib.fuzz.fuzz_function:fuzz_function:133 - Fuzz requests.utils.is_valid_cidr done
2025-10-26 16:07:21.888 | INFO     | tracefuzz.lib.fuzz.fuzz_library:fuzz_single_seed:161 - Fuzz seed 3758 done with 100000 executions.
2025-10-26 16:07:21.914 | DEBUG    | tracefuzz.lib.fuzz.fuzz_library:fuzz_single_seed:128 - seed is :

import os
from requests.utils import set_environ

# Define the environment variable name and value
env_name = "TEST_ENV"
value = "test_value"

# Create and use the context manager to set the environment variable
with set_environ(env_name, value):
    # Code that runs with the modified environment
    pass

2025-10-26 16:07:21.915 | INFO     | tracefuzz.lib.fuzz.fuzz_library:fuzz_single_seed:136 - Start fuzz seed 3759 (requests.utils.set_environ), attempt=1, exec_cnt=0.
2025-10-26 16:07:21.924 | INFO     | tracefuzz.lib.fuzz.fuzz_library:safe_fuzz:32 - Safe fuzzing seed 3759: requests.utils.set_environ with PID 62476, PGID 62476
2025-10-26 16:07:21.981 | INFO     | tracefuzz.lib.fuzz.fuzz_function:fuzz_function:120 - Start fuzz requests.utils.set_environ
2025-10-26 16:07:36.978 | INFO     | tracefuzz.lib.fuzz.fuzz_function:fuzz_function:133 - Fuzz requests.utils.set_environ done
2025-10-26 16:07:37.034 | INFO     | tracefuzz.lib.fuzz.fuzz_library:fuzz_single_seed:161 - Fuzz seed 3759 done with 100000 executions.
2025-10-26 16:07:37.053 | DEBUG    | tracefuzz.lib.fuzz.fuzz_library:fuzz_single_seed:128 - seed is :

import requests
from urllib.parse import urlparse

url = "http://example.com"
no_proxy = None
res = requests.utils.should_bypass_proxies(url, no_proxy)

2025-10-26 16:07:37.054 | INFO     | tracefuzz.lib.fuzz.fuzz_library:fuzz_single_seed:136 - Start fuzz seed 3760 (requests.utils.should_bypass_proxies), attempt=1, exec_cnt=0.
2025-10-26 16:07:37.063 | INFO     | tracefuzz.lib.fuzz.fuzz_library:safe_fuzz:32 - Safe fuzzing seed 3760: requests.utils.should_bypass_proxies with PID 62477, PGID 62477
2025-10-26 16:07:37.121 | INFO     | tracefuzz.lib.fuzz.fuzz_function:fuzz_function:120 - Start fuzz requests.utils.should_bypass_proxies
2025-10-26 16:07:53.287 | INFO     | tracefuzz.lib.fuzz.fuzz_function:fuzz_function:133 - Fuzz requests.utils.should_bypass_proxies done
2025-10-26 16:07:53.379 | INFO     | tracefuzz.lib.fuzz.fuzz_library:fuzz_single_seed:161 - Fuzz seed 3760 done with 100000 executions.
2025-10-26 16:07:53.405 | DEBUG    | tracefuzz.lib.fuzz.fuzz_library:fuzz_single_seed:128 - seed is :

import requests.utils

url = "http://example.com"
no_proxy = None
proxies = requests.utils.get_environ_proxies(url, no_proxy)

2025-10-26 16:07:53.405 | INFO     | tracefuzz.lib.fuzz.fuzz_library:fuzz_single_seed:136 - Start fuzz seed 3761 (requests.utils.get_environ_proxies), attempt=1, exec_cnt=0.
2025-10-26 16:07:53.413 | INFO     | tracefuzz.lib.fuzz.fuzz_library:safe_fuzz:32 - Safe fuzzing seed 3761: requests.utils.get_environ_proxies with PID 62519, PGID 62519
2025-10-26 16:07:53.465 | INFO     | tracefuzz.lib.fuzz.fuzz_function:fuzz_function:120 - Start fuzz requests.utils.get_environ_proxies
2025-10-26 16:08:10.158 | INFO     | tracefuzz.lib.fuzz.fuzz_function:fuzz_function:133 - Fuzz requests.utils.get_environ_proxies done
