2025-10-23 05:31:07.693 | INFO     | tracefuzz.lib.fuzz.fuzz_dataset:calc_initial_seed_coverage_dataset:147 - Calculating initial seed coverage for the dataset....
2025-10-23 05:31:17.155 | INFO     | tracefuzz.lib.fuzz.fuzz_dataset:calc_initial_seed_coverage_dataset:179 - Initial coverage after executing all seeds: 108594 bits.
2025-10-23 05:31:17.157 | INFO     | __main__:<module>:200 - DyFuzz test nltk
2025-10-23 05:31:17.157 | INFO     | __main__:<module>:203 - nltk has 23 apis
2025-10-23 05:31:17.157 | INFO     | __main__:<module>:211 - DyFuzz nltk sem.boolean_ops 0
2025-10-23 05:31:17.157 | DEBUG    | __main__:<module>:213 - nltk.sem.boolean_ops has 0 params, run once
2025-10-23 05:31:17.265 | INFO     | __main__:<module>:220 - Fuzz nltk.sem.boolean_ops 0 done
2025-10-23 05:31:17.266 | INFO     | __main__:<module>:221 - Current coverage after fuzzing nltk.sem.boolean_ops: 108594 bits
2025-10-23 05:31:17.266 | INFO     | __main__:<module>:211 - DyFuzz nltk tokenize.word_tokenize 3
2025-10-23 05:31:17.266 | DEBUG    | __main__:<module>:218 - nltk.tokenize.word_tokenize has 3 params, run 100 times
2025-10-23 05:31:27.468 | INFO     | __main__:<module>:220 - Fuzz nltk.tokenize.word_tokenize 3 done
2025-10-23 05:31:27.469 | INFO     | __main__:<module>:221 - Current coverage after fuzzing nltk.tokenize.word_tokenize: 108594 bits
2025-10-23 05:31:27.469 | INFO     | __main__:<module>:211 - DyFuzz nltk tag.tnt.demo 0
2025-10-23 05:31:27.469 | DEBUG    | __main__:<module>:213 - nltk.tag.tnt.demo has 0 params, run once
2025-10-23 05:31:27.572 | INFO     | __main__:<module>:220 - Fuzz nltk.tag.tnt.demo 0 done
2025-10-23 05:31:27.573 | INFO     | __main__:<module>:221 - Current coverage after fuzzing nltk.tag.tnt.demo: 108594 bits
2025-10-23 05:31:27.573 | INFO     | __main__:<module>:211 - DyFuzz nltk sem.logic.read_logic 3
2025-10-23 05:31:27.574 | DEBUG    | __main__:<module>:218 - nltk.sem.logic.read_logic has 3 params, run 100 times
2025-10-23 05:31:37.840 | INFO     | __main__:<module>:220 - Fuzz nltk.sem.logic.read_logic 3 done
2025-10-23 05:31:37.841 | INFO     | __main__:<module>:221 - Current coverage after fuzzing nltk.sem.logic.read_logic: 108594 bits
2025-10-23 05:31:37.841 | INFO     | __main__:<module>:211 - DyFuzz nltk sem.drt.demo 0
2025-10-23 05:31:37.841 | DEBUG    | __main__:<module>:213 - nltk.sem.drt.demo has 0 params, run once
2025-10-23 05:31:37.952 | INFO     | __main__:<module>:220 - Fuzz nltk.sem.drt.demo 0 done
2025-10-23 05:31:37.953 | INFO     | __main__:<module>:221 - Current coverage after fuzzing nltk.sem.drt.demo: 108594 bits
2025-10-23 05:31:37.953 | INFO     | __main__:<module>:211 - DyFuzz nltk chunk.named_entity.find 2
2025-10-23 05:31:37.954 | DEBUG    | __main__:<module>:218 - nltk.chunk.named_entity.find has 2 params, run 100 times
2025-10-23 05:31:48.188 | INFO     | __main__:<module>:220 - Fuzz nltk.chunk.named_entity.find 2 done
2025-10-23 05:31:48.189 | INFO     | __main__:<module>:221 - Current coverage after fuzzing nltk.chunk.named_entity.find: 108594 bits
2025-10-23 05:31:48.189 | INFO     | __main__:<module>:211 - DyFuzz nltk tag.tagset_mapping 2
2025-10-23 05:31:48.189 | DEBUG    | __main__:<module>:218 - nltk.tag.tagset_mapping has 2 params, run 100 times
2025-10-23 05:31:58.585 | INFO     | __main__:<module>:220 - Fuzz nltk.tag.tagset_mapping 2 done
2025-10-23 05:31:58.586 | INFO     | __main__:<module>:221 - Current coverage after fuzzing nltk.tag.tagset_mapping: 108594 bits
2025-10-23 05:31:58.587 | INFO     | __main__:<module>:211 - DyFuzz nltk sem.relextract.rtuple 3
2025-10-23 05:31:58.587 | DEBUG    | __main__:<module>:218 - nltk.sem.relextract.rtuple has 3 params, run 100 times
2025-10-23 05:32:08.857 | INFO     | __main__:<module>:220 - Fuzz nltk.sem.relextract.rtuple 3 done
2025-10-23 05:32:08.858 | INFO     | __main__:<module>:221 - Current coverage after fuzzing nltk.sem.relextract.rtuple: 108594 bits
2025-10-23 05:32:08.858 | INFO     | __main__:<module>:211 - DyFuzz nltk ccg.chart.bothBackward 2
2025-10-23 05:32:08.858 | DEBUG    | __main__:<module>:218 - nltk.ccg.chart.bothBackward has 2 params, run 100 times
2025-10-23 05:32:19.013 | INFO     | __main__:<module>:220 - Fuzz nltk.ccg.chart.bothBackward 2 done
2025-10-23 05:32:19.013 | INFO     | __main__:<module>:221 - Current coverage after fuzzing nltk.ccg.chart.bothBackward: 108594 bits
2025-10-23 05:32:19.014 | INFO     | __main__:<module>:211 - DyFuzz nltk sem.logic.is_indvar 1
2025-10-23 05:32:19.014 | DEBUG    | __main__:<module>:218 - nltk.sem.logic.is_indvar has 1 params, run 100 times
2025-10-23 05:32:28.904 | INFO     | __main__:<module>:220 - Fuzz nltk.sem.logic.is_indvar 1 done
2025-10-23 05:32:28.904 | INFO     | __main__:<module>:221 - Current coverage after fuzzing nltk.sem.logic.is_indvar: 108594 bits
2025-10-23 05:32:28.904 | INFO     | __main__:<module>:211 - DyFuzz nltk parse.dependencygraph.demo 0
2025-10-23 05:32:28.905 | DEBUG    | __main__:<module>:213 - nltk.parse.dependencygraph.demo has 0 params, run once
2025-10-23 05:32:29.014 | INFO     | __main__:<module>:220 - Fuzz nltk.parse.dependencygraph.demo 0 done
2025-10-23 05:32:29.015 | INFO     | __main__:<module>:221 - Current coverage after fuzzing nltk.parse.dependencygraph.demo: 108594 bits
2025-10-23 05:32:29.015 | INFO     | __main__:<module>:211 - DyFuzz nltk sem.evaluate.is_rel 1
2025-10-23 05:32:29.015 | DEBUG    | __main__:<module>:218 - nltk.sem.evaluate.is_rel has 1 params, run 100 times
2025-10-23 05:32:39.200 | INFO     | __main__:<module>:220 - Fuzz nltk.sem.evaluate.is_rel 1 done
2025-10-23 05:32:39.201 | INFO     | __main__:<module>:221 - Current coverage after fuzzing nltk.sem.evaluate.is_rel: 108594 bits
2025-10-23 05:32:39.201 | INFO     | __main__:<module>:211 - DyFuzz nltk parse.featurechart.is_terminal 1
2025-10-23 05:32:39.201 | DEBUG    | __main__:<module>:218 - nltk.parse.featurechart.is_terminal has 1 params, run 100 times
2025-10-23 05:32:49.436 | INFO     | __main__:<module>:220 - Fuzz nltk.parse.featurechart.is_terminal 1 done
2025-10-23 05:32:49.437 | INFO     | __main__:<module>:221 - Current coverage after fuzzing nltk.parse.featurechart.is_terminal: 108594 bits
2025-10-23 05:32:49.438 | INFO     | __main__:<module>:211 - DyFuzz nltk translate.bleu_score.modified_precision 3
2025-10-23 05:32:49.438 | DEBUG    | __main__:<module>:218 - nltk.translate.bleu_score.modified_precision has 3 params, run 100 times
2025-10-23 05:32:59.912 | INFO     | __main__:<module>:220 - Fuzz nltk.translate.bleu_score.modified_precision 3 done
2025-10-23 05:32:59.913 | INFO     | __main__:<module>:221 - Current coverage after fuzzing nltk.translate.bleu_score.modified_precision: 108594 bits
2025-10-23 05:32:59.913 | INFO     | __main__:<module>:211 - DyFuzz nltk sem.util.parse_sents 3
2025-10-23 05:32:59.914 | DEBUG    | __main__:<module>:218 - nltk.sem.util.parse_sents has 3 params, run 100 times
2025-10-23 05:33:10.257 | INFO     | __main__:<module>:220 - Fuzz nltk.sem.util.parse_sents 3 done
2025-10-23 05:33:10.258 | INFO     | __main__:<module>:221 - Current coverage after fuzzing nltk.sem.util.parse_sents: 108594 bits
2025-10-23 05:33:10.258 | INFO     | __main__:<module>:211 - DyFuzz nltk sem.logic.is_eventvar 1
2025-10-23 05:33:10.259 | DEBUG    | __main__:<module>:218 - nltk.sem.logic.is_eventvar has 1 params, run 100 times
2025-10-23 05:33:20.834 | INFO     | __main__:<module>:220 - Fuzz nltk.sem.logic.is_eventvar 1 done
2025-10-23 05:33:20.835 | INFO     | __main__:<module>:221 - Current coverage after fuzzing nltk.sem.logic.is_eventvar: 108594 bits
2025-10-23 05:33:20.835 | INFO     | __main__:<module>:211 - DyFuzz nltk translate.ribes_score.find_increasing_sequences 1
2025-10-23 05:33:20.835 | DEBUG    | __main__:<module>:218 - nltk.translate.ribes_score.find_increasing_sequences has 1 params, run 100 times
2025-10-23 05:33:31.154 | INFO     | __main__:<module>:220 - Fuzz nltk.translate.ribes_score.find_increasing_sequences 1 done
2025-10-23 05:33:31.155 | INFO     | __main__:<module>:221 - Current coverage after fuzzing nltk.translate.ribes_score.find_increasing_sequences: 108594 bits
2025-10-23 05:33:31.155 | INFO     | __main__:<module>:211 - DyFuzz nltk translate.sentence_bleu 5
2025-10-23 05:33:31.156 | DEBUG    | __main__:<module>:218 - nltk.translate.sentence_bleu has 5 params, run 100 times
2025-10-23 05:33:41.415 | INFO     | __main__:<module>:220 - Fuzz nltk.translate.sentence_bleu 5 done
2025-10-23 05:33:41.415 | INFO     | __main__:<module>:221 - Current coverage after fuzzing nltk.translate.sentence_bleu: 108594 bits
2025-10-23 05:33:41.416 | INFO     | __main__:<module>:211 - DyFuzz nltk ccg.lexicon.matchBrackets 1
2025-10-23 05:33:41.416 | DEBUG    | __main__:<module>:218 - nltk.ccg.lexicon.matchBrackets has 1 params, run 100 times
2025-10-23 05:33:51.590 | INFO     | __main__:<module>:220 - Fuzz nltk.ccg.lexicon.matchBrackets 1 done
2025-10-23 05:33:51.591 | INFO     | __main__:<module>:221 - Current coverage after fuzzing nltk.ccg.lexicon.matchBrackets: 108594 bits
2025-10-23 05:33:51.591 | INFO     | __main__:<module>:211 - DyFuzz nltk ccg.logic.skolem_function 1
2025-10-23 05:33:51.591 | DEBUG    | __main__:<module>:218 - nltk.ccg.logic.skolem_function has 1 params, run 100 times
2025-10-23 05:34:01.980 | INFO     | __main__:<module>:220 - Fuzz nltk.ccg.logic.skolem_function 1 done
2025-10-23 05:34:01.981 | INFO     | __main__:<module>:221 - Current coverage after fuzzing nltk.ccg.logic.skolem_function: 108594 bits
2025-10-23 05:34:01.981 | INFO     | __main__:<module>:211 - DyFuzz nltk acyclic_dic2tree 2
2025-10-23 05:34:01.981 | DEBUG    | __main__:<module>:218 - nltk.acyclic_dic2tree has 2 params, run 100 times
2025-10-23 05:34:12.116 | INFO     | __main__:<module>:220 - Fuzz nltk.acyclic_dic2tree 2 done
2025-10-23 05:34:12.117 | INFO     | __main__:<module>:221 - Current coverage after fuzzing nltk.acyclic_dic2tree: 108594 bits
2025-10-23 05:34:12.117 | INFO     | __main__:<module>:211 - DyFuzz nltk invert_graph 1
2025-10-23 05:34:12.117 | DEBUG    | __main__:<module>:218 - nltk.invert_graph has 1 params, run 100 times
2025-10-23 05:34:22.455 | INFO     | __main__:<module>:220 - Fuzz nltk.invert_graph 1 done
2025-10-23 05:34:22.456 | INFO     | __main__:<module>:221 - Current coverage after fuzzing nltk.invert_graph: 108594 bits
2025-10-23 05:34:22.456 | INFO     | __main__:<module>:211 - DyFuzz nltk recall 2
2025-10-23 05:34:22.456 | DEBUG    | __main__:<module>:218 - nltk.recall has 2 params, run 100 times
2025-10-23 05:34:32.426 | INFO     | __main__:<module>:220 - Fuzz nltk.recall 2 done
2025-10-23 05:34:32.427 | INFO     | __main__:<module>:221 - Current coverage after fuzzing nltk.recall: 108594 bits
2025-10-23 05:34:32.427 | INFO     | __main__:<module>:226 - Dyfuzz done nltk
2025-10-23 05:34:32.427 | INFO     | __main__:<module>:200 - DyFuzz test dask
2025-10-23 05:34:32.428 | INFO     | __main__:<module>:203 - dask has 9 apis
2025-10-23 05:34:32.428 | INFO     | __main__:<module>:211 - DyFuzz dask multiprocessing.ensure_dict 2
2025-10-23 05:34:32.428 | DEBUG    | __main__:<module>:218 - dask.multiprocessing.ensure_dict has 2 params, run 100 times
2025-10-23 05:34:43.080 | INFO     | __main__:<module>:220 - Fuzz dask.multiprocessing.ensure_dict 2 done
2025-10-23 05:34:43.081 | INFO     | __main__:<module>:221 - Current coverage after fuzzing dask.multiprocessing.ensure_dict: 108594 bits
2025-10-23 05:34:43.081 | INFO     | __main__:<module>:211 - DyFuzz dask utils.cached_max 1
2025-10-23 05:34:43.081 | DEBUG    | __main__:<module>:218 - dask.utils.cached_max has 1 params, run 100 times
2025-10-23 05:34:53.084 | INFO     | __main__:<module>:220 - Fuzz dask.utils.cached_max 1 done
2025-10-23 05:34:53.085 | INFO     | __main__:<module>:221 - Current coverage after fuzzing dask.utils.cached_max: 108594 bits
2025-10-23 05:34:53.086 | INFO     | __main__:<module>:211 - DyFuzz dask optimization.get_dependencies 4
2025-10-23 05:34:53.086 | DEBUG    | __main__:<module>:218 - dask.optimization.get_dependencies has 4 params, run 100 times
2025-10-23 05:35:03.685 | INFO     | __main__:<module>:220 - Fuzz dask.optimization.get_dependencies 4 done
2025-10-23 05:35:03.687 | INFO     | __main__:<module>:221 - Current coverage after fuzzing dask.optimization.get_dependencies: 108594 bits
2025-10-23 05:35:03.687 | INFO     | __main__:<module>:211 - DyFuzz dask base.get_name_from_key 1
2025-10-23 05:35:03.687 | DEBUG    | __main__:<module>:218 - dask.base.get_name_from_key has 1 params, run 100 times
2025-10-23 05:35:14.438 | INFO     | __main__:<module>:220 - Fuzz dask.base.get_name_from_key 1 done
2025-10-23 05:35:14.440 | INFO     | __main__:<module>:221 - Current coverage after fuzzing dask.base.get_name_from_key: 108594 bits
2025-10-23 05:35:14.440 | INFO     | __main__:<module>:211 - DyFuzz dask order.istask 1
2025-10-23 05:35:14.440 | DEBUG    | __main__:<module>:218 - dask.order.istask has 1 params, run 100 times
2025-10-23 05:35:24.786 | INFO     | __main__:<module>:220 - Fuzz dask.order.istask 1 done
2025-10-23 05:35:24.787 | INFO     | __main__:<module>:221 - Current coverage after fuzzing dask.order.istask: 108594 bits
2025-10-23 05:35:24.787 | INFO     | __main__:<module>:211 - DyFuzz dask utils.digit 3
2025-10-23 05:35:24.787 | DEBUG    | __main__:<module>:218 - dask.utils.digit has 3 params, run 100 times
2025-10-23 05:35:35.186 | INFO     | __main__:<module>:220 - Fuzz dask.utils.digit 3 done
2025-10-23 05:35:35.187 | INFO     | __main__:<module>:221 - Current coverage after fuzzing dask.utils.digit: 108594 bits
2025-10-23 05:35:35.187 | INFO     | __main__:<module>:211 - DyFuzz dask optimization.flatten 2
2025-10-23 05:35:35.187 | DEBUG    | __main__:<module>:218 - dask.optimization.flatten has 2 params, run 100 times
2025-10-23 05:35:45.568 | INFO     | __main__:<module>:220 - Fuzz dask.optimization.flatten 2 done
2025-10-23 05:35:45.569 | INFO     | __main__:<module>:221 - Current coverage after fuzzing dask.optimization.flatten: 108594 bits
2025-10-23 05:35:45.569 | INFO     | __main__:<module>:211 - DyFuzz dask optimization.ishashable 1
2025-10-23 05:35:45.569 | DEBUG    | __main__:<module>:218 - dask.optimization.ishashable has 1 params, run 100 times
2025-10-23 05:35:55.817 | INFO     | __main__:<module>:220 - Fuzz dask.optimization.ishashable 1 done
2025-10-23 05:35:55.817 | INFO     | __main__:<module>:221 - Current coverage after fuzzing dask.optimization.ishashable: 108594 bits
2025-10-23 05:35:55.817 | INFO     | __main__:<module>:211 - DyFuzz dask local.start_state_from_dask 4
2025-10-23 05:35:55.818 | DEBUG    | __main__:<module>:218 - dask.local.start_state_from_dask has 4 params, run 100 times
2025-10-23 05:36:06.215 | INFO     | __main__:<module>:220 - Fuzz dask.local.start_state_from_dask 4 done
2025-10-23 05:36:06.215 | INFO     | __main__:<module>:221 - Current coverage after fuzzing dask.local.start_state_from_dask: 108594 bits
2025-10-23 05:36:06.215 | INFO     | __main__:<module>:226 - Dyfuzz done dask
2025-10-23 05:36:06.216 | INFO     | __main__:<module>:200 - DyFuzz test yaml
2025-10-23 05:36:06.216 | INFO     | __main__:<module>:203 - yaml has 2 apis
2025-10-23 05:36:06.216 | INFO     | __main__:<module>:211 - DyFuzz yaml parse 2
2025-10-23 05:36:06.216 | DEBUG    | __main__:<module>:218 - yaml.parse has 2 params, run 100 times
2025-10-23 05:36:16.199 | INFO     | __main__:<module>:220 - Fuzz yaml.parse 2 done
2025-10-23 05:36:16.200 | INFO     | __main__:<module>:221 - Current coverage after fuzzing yaml.parse: 108594 bits
2025-10-23 05:36:16.200 | INFO     | __main__:<module>:211 - DyFuzz yaml add_constructor 3
2025-10-23 05:36:16.200 | DEBUG    | __main__:<module>:218 - yaml.add_constructor has 3 params, run 100 times
2025-10-23 05:36:26.222 | INFO     | __main__:<module>:220 - Fuzz yaml.add_constructor 3 done
2025-10-23 05:36:26.223 | INFO     | __main__:<module>:221 - Current coverage after fuzzing yaml.add_constructor: 108594 bits
2025-10-23 05:36:26.223 | INFO     | __main__:<module>:226 - Dyfuzz done yaml
2025-10-23 05:36:26.223 | INFO     | __main__:<module>:200 - DyFuzz test prophet
2025-10-23 05:36:26.223 | INFO     | __main__:<module>:203 - prophet has 2 apis
2025-10-23 05:36:26.223 | INFO     | __main__:<module>:211 - DyFuzz prophet diagnostics.mape 2
2025-10-23 05:36:26.223 | DEBUG    | __main__:<module>:218 - prophet.diagnostics.mape has 2 params, run 100 times
2025-10-23 05:36:36.167 | INFO     | __main__:<module>:220 - Fuzz prophet.diagnostics.mape 2 done
2025-10-23 05:36:36.167 | INFO     | __main__:<module>:221 - Current coverage after fuzzing prophet.diagnostics.mape: 108594 bits
2025-10-23 05:36:36.167 | INFO     | __main__:<module>:211 - DyFuzz prophet diagnostics.smape 2
2025-10-23 05:36:36.167 | DEBUG    | __main__:<module>:218 - prophet.diagnostics.smape has 2 params, run 100 times
2025-10-23 05:36:45.966 | INFO     | __main__:<module>:220 - Fuzz prophet.diagnostics.smape 2 done
2025-10-23 05:36:45.967 | INFO     | __main__:<module>:221 - Current coverage after fuzzing prophet.diagnostics.smape: 108594 bits
2025-10-23 05:36:45.967 | INFO     | __main__:<module>:226 - Dyfuzz done prophet
2025-10-23 05:36:45.967 | INFO     | __main__:<module>:200 - DyFuzz test numpy
2025-10-23 05:36:45.967 | INFO     | __main__:<module>:203 - numpy has 27 apis
2025-10-23 05:36:45.967 | INFO     | __main__:<module>:211 - DyFuzz numpy ma.minimum_fill_value 1
2025-10-23 05:36:45.967 | DEBUG    | __main__:<module>:218 - numpy.ma.minimum_fill_value has 1 params, run 100 times
2025-10-23 05:36:56.016 | INFO     | __main__:<module>:220 - Fuzz numpy.ma.minimum_fill_value 1 done
2025-10-23 05:36:56.017 | INFO     | __main__:<module>:221 - Current coverage after fuzzing numpy.ma.minimum_fill_value: 108594 bits
2025-10-23 05:36:56.017 | INFO     | __main__:<module>:211 - DyFuzz numpy _core.numeric.fromiter 4
2025-10-23 05:36:56.017 | DEBUG    | __main__:<module>:218 - numpy._core.numeric.fromiter has 4 params, run 100 times
2025-10-23 05:37:06.662 | INFO     | __main__:<module>:220 - Fuzz numpy._core.numeric.fromiter 4 done
2025-10-23 05:37:06.662 | INFO     | __main__:<module>:221 - Current coverage after fuzzing numpy._core.numeric.fromiter: 108594 bits
2025-10-23 05:37:06.663 | INFO     | __main__:<module>:211 - DyFuzz numpy polynomial.hermite.hermder 4
2025-10-23 05:37:06.663 | DEBUG    | __main__:<module>:218 - numpy.polynomial.hermite.hermder has 4 params, run 100 times
2025-10-23 05:37:16.969 | INFO     | __main__:<module>:220 - Fuzz numpy.polynomial.hermite.hermder 4 done
2025-10-23 05:37:16.970 | INFO     | __main__:<module>:221 - Current coverage after fuzzing numpy.polynomial.hermite.hermder: 108594 bits
2025-10-23 05:37:16.970 | INFO     | __main__:<module>:211 - DyFuzz numpy char.find 4
2025-10-23 05:37:16.970 | DEBUG    | __main__:<module>:218 - numpy.char.find has 4 params, run 100 times
2025-10-23 05:37:27.337 | INFO     | __main__:<module>:220 - Fuzz numpy.char.find 4 done
2025-10-23 05:37:27.338 | INFO     | __main__:<module>:221 - Current coverage after fuzzing numpy.char.find: 108594 bits
2025-10-23 05:37:27.338 | INFO     | __main__:<module>:211 - DyFuzz numpy testing.run_threaded 6
2025-10-23 05:37:27.338 | DEBUG    | __main__:<module>:218 - numpy.testing.run_threaded has 6 params, run 100 times
2025-10-23 05:37:37.560 | INFO     | __main__:<module>:220 - Fuzz numpy.testing.run_threaded 6 done
2025-10-23 05:37:37.561 | INFO     | __main__:<module>:221 - Current coverage after fuzzing numpy.testing.run_threaded: 108594 bits
2025-10-23 05:37:37.561 | INFO     | __main__:<module>:211 - DyFuzz numpy testing.overrides.allows_array_function_override 1
2025-10-23 05:37:37.561 | DEBUG    | __main__:<module>:218 - numpy.testing.overrides.allows_array_function_override has 1 params, run 100 times
2025-10-23 05:37:47.560 | INFO     | __main__:<module>:220 - Fuzz numpy.testing.overrides.allows_array_function_override 1 done
2025-10-23 05:37:47.561 | INFO     | __main__:<module>:221 - Current coverage after fuzzing numpy.testing.overrides.allows_array_function_override: 108594 bits
2025-10-23 05:37:47.561 | INFO     | __main__:<module>:211 - DyFuzz numpy ma.core.getdata 2
2025-10-23 05:37:47.562 | DEBUG    | __main__:<module>:218 - numpy.ma.core.getdata has 2 params, run 100 times
2025-10-23 05:37:57.601 | INFO     | __main__:<module>:220 - Fuzz numpy.ma.core.getdata 2 done
2025-10-23 05:37:57.602 | INFO     | __main__:<module>:221 - Current coverage after fuzzing numpy.ma.core.getdata: 108594 bits
2025-10-23 05:37:57.602 | INFO     | __main__:<module>:211 - DyFuzz numpy rec.fromarrays 8
2025-10-23 05:37:57.602 | DEBUG    | __main__:<module>:218 - numpy.rec.fromarrays has 8 params, run 100 times
2025-10-23 05:38:07.682 | INFO     | __main__:<module>:220 - Fuzz numpy.rec.fromarrays 8 done
2025-10-23 05:38:07.682 | INFO     | __main__:<module>:221 - Current coverage after fuzzing numpy.rec.fromarrays: 108594 bits
2025-10-23 05:38:07.683 | INFO     | __main__:<module>:211 - DyFuzz numpy ma.masked_greater 3
2025-10-23 05:38:07.683 | DEBUG    | __main__:<module>:218 - numpy.ma.masked_greater has 3 params, run 100 times
2025-10-23 05:38:18.293 | INFO     | __main__:<module>:220 - Fuzz numpy.ma.masked_greater 3 done
2025-10-23 05:38:18.293 | INFO     | __main__:<module>:221 - Current coverage after fuzzing numpy.ma.masked_greater: 108594 bits
2025-10-23 05:38:18.293 | INFO     | __main__:<module>:211 - DyFuzz numpy polynomial.laguerre.lagmulx 1
2025-10-23 05:38:18.293 | DEBUG    | __main__:<module>:218 - numpy.polynomial.laguerre.lagmulx has 1 params, run 100 times
2025-10-23 05:38:28.846 | INFO     | __main__:<module>:220 - Fuzz numpy.polynomial.laguerre.lagmulx 1 done
2025-10-23 05:38:28.847 | INFO     | __main__:<module>:221 - Current coverage after fuzzing numpy.polynomial.laguerre.lagmulx: 108594 bits
2025-10-23 05:38:28.847 | INFO     | __main__:<module>:211 - DyFuzz numpy testing.overrides.get_overridable_numpy_ufuncs 0
2025-10-23 05:38:28.847 | DEBUG    | __main__:<module>:213 - numpy.testing.overrides.get_overridable_numpy_ufuncs has 0 params, run once
2025-10-23 05:38:28.955 | INFO     | __main__:<module>:220 - Fuzz numpy.testing.overrides.get_overridable_numpy_ufuncs 0 done
2025-10-23 05:38:28.956 | INFO     | __main__:<module>:221 - Current coverage after fuzzing numpy.testing.overrides.get_overridable_numpy_ufuncs: 108594 bits
2025-10-23 05:38:28.956 | INFO     | __main__:<module>:211 - DyFuzz numpy polynomial.polynomial.polyvander2d 3
2025-10-23 05:38:28.957 | DEBUG    | __main__:<module>:218 - numpy.polynomial.polynomial.polyvander2d has 3 params, run 100 times
2025-10-23 05:38:39.371 | INFO     | __main__:<module>:220 - Fuzz numpy.polynomial.polynomial.polyvander2d 3 done
2025-10-23 05:38:39.372 | INFO     | __main__:<module>:221 - Current coverage after fuzzing numpy.polynomial.polynomial.polyvander2d: 108594 bits
2025-10-23 05:38:39.372 | INFO     | __main__:<module>:211 - DyFuzz numpy ma.core.common_fill_value 2
2025-10-23 05:38:39.373 | DEBUG    | __main__:<module>:218 - numpy.ma.core.common_fill_value has 2 params, run 100 times
2025-10-23 05:38:50.119 | INFO     | __main__:<module>:220 - Fuzz numpy.ma.core.common_fill_value 2 done
2025-10-23 05:38:50.120 | INFO     | __main__:<module>:221 - Current coverage after fuzzing numpy.ma.core.common_fill_value: 108594 bits
2025-10-23 05:38:50.120 | INFO     | __main__:<module>:211 - DyFuzz numpy ma.fix_invalid 4
2025-10-23 05:38:50.120 | DEBUG    | __main__:<module>:218 - numpy.ma.fix_invalid has 4 params, run 100 times
2025-10-23 05:39:00.620 | INFO     | __main__:<module>:220 - Fuzz numpy.ma.fix_invalid 4 done
2025-10-23 05:39:00.621 | INFO     | __main__:<module>:221 - Current coverage after fuzzing numpy.ma.fix_invalid: 108594 bits
2025-10-23 05:39:00.621 | INFO     | __main__:<module>:211 - DyFuzz numpy _core.multiarray.scalar 2
2025-10-23 05:39:00.621 | DEBUG    | __main__:<module>:218 - numpy._core.multiarray.scalar has 2 params, run 100 times
2025-10-23 05:39:11.154 | INFO     | __main__:<module>:220 - Fuzz numpy._core.multiarray.scalar 2 done
2025-10-23 05:39:11.155 | INFO     | __main__:<module>:221 - Current coverage after fuzzing numpy._core.multiarray.scalar: 108594 bits
2025-10-23 05:39:11.155 | INFO     | __main__:<module>:211 - DyFuzz numpy ma.core.size 2
2025-10-23 05:39:11.155 | DEBUG    | __main__:<module>:218 - numpy.ma.core.size has 2 params, run 100 times
2025-10-23 05:39:21.388 | INFO     | __main__:<module>:220 - Fuzz numpy.ma.core.size 2 done
2025-10-23 05:39:21.389 | INFO     | __main__:<module>:221 - Current coverage after fuzzing numpy.ma.core.size: 108594 bits
2025-10-23 05:39:21.389 | INFO     | __main__:<module>:211 - DyFuzz numpy ma.array 11
2025-10-23 05:39:21.389 | DEBUG    | __main__:<module>:218 - numpy.ma.array has 11 params, run 100 times
2025-10-23 05:39:31.763 | INFO     | __main__:<module>:220 - Fuzz numpy.ma.array 11 done
2025-10-23 05:39:31.764 | INFO     | __main__:<module>:221 - Current coverage after fuzzing numpy.ma.array: 108594 bits
2025-10-23 05:39:31.764 | INFO     | __main__:<module>:211 - DyFuzz numpy polynomial.laguerre.lagsub 2
2025-10-23 05:39:31.764 | DEBUG    | __main__:<module>:218 - numpy.polynomial.laguerre.lagsub has 2 params, run 100 times
2025-10-23 05:39:41.835 | INFO     | __main__:<module>:220 - Fuzz numpy.polynomial.laguerre.lagsub 2 done
2025-10-23 05:39:41.837 | INFO     | __main__:<module>:221 - Current coverage after fuzzing numpy.polynomial.laguerre.lagsub: 108594 bits
2025-10-23 05:39:41.837 | INFO     | __main__:<module>:211 - DyFuzz numpy ma.masked_outside 4
2025-10-23 05:39:41.837 | DEBUG    | __main__:<module>:218 - numpy.ma.masked_outside has 4 params, run 100 times
2025-10-23 05:39:52.151 | INFO     | __main__:<module>:220 - Fuzz numpy.ma.masked_outside 4 done
2025-10-23 05:39:52.152 | INFO     | __main__:<module>:221 - Current coverage after fuzzing numpy.ma.masked_outside: 108594 bits
2025-10-23 05:39:52.152 | INFO     | __main__:<module>:211 - DyFuzz numpy ma.asanyarray 2
2025-10-23 05:39:52.152 | DEBUG    | __main__:<module>:218 - numpy.ma.asanyarray has 2 params, run 100 times
2025-10-23 05:40:02.512 | INFO     | __main__:<module>:220 - Fuzz numpy.ma.asanyarray 2 done
2025-10-23 05:40:02.513 | INFO     | __main__:<module>:221 - Current coverage after fuzzing numpy.ma.asanyarray: 108594 bits
2025-10-23 05:40:02.513 | INFO     | __main__:<module>:211 - DyFuzz numpy polynomial.laguerre.lagvander 2
2025-10-23 05:40:02.513 | DEBUG    | __main__:<module>:218 - numpy.polynomial.laguerre.lagvander has 2 params, run 100 times
2025-10-23 05:40:12.613 | INFO     | __main__:<module>:220 - Fuzz numpy.polynomial.laguerre.lagvander 2 done
2025-10-23 05:40:12.614 | INFO     | __main__:<module>:221 - Current coverage after fuzzing numpy.polynomial.laguerre.lagvander: 108594 bits
2025-10-23 05:40:12.614 | INFO     | __main__:<module>:211 - DyFuzz numpy testing.assert_string_equal 2
2025-10-23 05:40:12.614 | DEBUG    | __main__:<module>:218 - numpy.testing.assert_string_equal has 2 params, run 100 times
2025-10-23 05:40:22.679 | INFO     | __main__:<module>:220 - Fuzz numpy.testing.assert_string_equal 2 done
2025-10-23 05:40:22.680 | INFO     | __main__:<module>:221 - Current coverage after fuzzing numpy.testing.assert_string_equal: 108594 bits
2025-10-23 05:40:22.680 | INFO     | __main__:<module>:211 - DyFuzz numpy _core.multiarray.zeros 3
2025-10-23 05:40:22.680 | DEBUG    | __main__:<module>:218 - numpy._core.multiarray.zeros has 3 params, run 100 times
2025-10-23 05:40:33.027 | INFO     | __main__:<module>:220 - Fuzz numpy._core.multiarray.zeros 3 done
2025-10-23 05:40:33.028 | INFO     | __main__:<module>:221 - Current coverage after fuzzing numpy._core.multiarray.zeros: 108594 bits
2025-10-23 05:40:33.028 | INFO     | __main__:<module>:211 - DyFuzz numpy _core._internal.promote_types 2
2025-10-23 05:40:33.028 | DEBUG    | __main__:<module>:218 - numpy._core._internal.promote_types has 2 params, run 100 times
2025-10-23 05:40:43.157 | INFO     | __main__:<module>:220 - Fuzz numpy._core._internal.promote_types 2 done
2025-10-23 05:40:43.158 | INFO     | __main__:<module>:221 - Current coverage after fuzzing numpy._core._internal.promote_types: 108594 bits
2025-10-23 05:40:43.158 | INFO     | __main__:<module>:211 - DyFuzz numpy _core.multiarray.array 11
2025-10-23 05:40:43.158 | DEBUG    | __main__:<module>:218 - numpy._core.multiarray.array has 11 params, run 100 times
2025-10-23 05:40:53.326 | INFO     | __main__:<module>:220 - Fuzz numpy._core.multiarray.array 11 done
2025-10-23 05:40:53.327 | INFO     | __main__:<module>:221 - Current coverage after fuzzing numpy._core.multiarray.array: 108594 bits
2025-10-23 05:40:53.327 | INFO     | __main__:<module>:211 - DyFuzz numpy rec.fromstring 9
2025-10-23 05:40:53.327 | DEBUG    | __main__:<module>:218 - numpy.rec.fromstring has 9 params, run 100 times
2025-10-23 05:41:03.695 | INFO     | __main__:<module>:220 - Fuzz numpy.rec.fromstring 9 done
2025-10-23 05:41:03.696 | INFO     | __main__:<module>:221 - Current coverage after fuzzing numpy.rec.fromstring: 108594 bits
2025-10-23 05:41:03.696 | INFO     | __main__:<module>:211 - DyFuzz numpy f2py.get_include 0
2025-10-23 05:41:03.696 | DEBUG    | __main__:<module>:213 - numpy.f2py.get_include has 0 params, run once
2025-10-23 05:41:03.803 | INFO     | __main__:<module>:220 - Fuzz numpy.f2py.get_include 0 done
2025-10-23 05:41:03.804 | INFO     | __main__:<module>:221 - Current coverage after fuzzing numpy.f2py.get_include: 108594 bits
2025-10-23 05:41:03.804 | INFO     | __main__:<module>:226 - Dyfuzz done numpy
2025-10-23 05:41:03.804 | INFO     | __main__:<module>:200 - DyFuzz test pandas
2025-10-23 05:41:03.804 | INFO     | __main__:<module>:203 - pandas has 10 apis
2025-10-23 05:41:03.805 | INFO     | __main__:<module>:211 - DyFuzz pandas io.xml.get_handle 8
2025-10-23 05:41:03.805 | DEBUG    | __main__:<module>:218 - pandas.io.xml.get_handle has 8 params, run 100 times
2025-10-23 05:41:14.120 | INFO     | __main__:<module>:220 - Fuzz pandas.io.xml.get_handle 8 done
2025-10-23 05:41:14.121 | INFO     | __main__:<module>:221 - Current coverage after fuzzing pandas.io.xml.get_handle: 108594 bits
2025-10-23 05:41:14.121 | INFO     | __main__:<module>:211 - DyFuzz pandas io.html.is_file_like 1
2025-10-23 05:41:14.121 | DEBUG    | __main__:<module>:218 - pandas.io.html.is_file_like has 1 params, run 100 times
2025-10-23 05:41:24.191 | INFO     | __main__:<module>:220 - Fuzz pandas.io.html.is_file_like 1 done
2025-10-23 05:41:24.192 | INFO     | __main__:<module>:221 - Current coverage after fuzzing pandas.io.html.is_file_like: 108594 bits
2025-10-23 05:41:24.192 | INFO     | __main__:<module>:211 - DyFuzz pandas io.xml.is_fsspec_url 1
2025-10-23 05:41:24.192 | DEBUG    | __main__:<module>:218 - pandas.io.xml.is_fsspec_url has 1 params, run 100 times
2025-10-23 05:41:34.289 | INFO     | __main__:<module>:220 - Fuzz pandas.io.xml.is_fsspec_url 1 done
2025-10-23 05:41:34.290 | INFO     | __main__:<module>:221 - Current coverage after fuzzing pandas.io.xml.is_fsspec_url: 108594 bits
2025-10-23 05:41:34.290 | INFO     | __main__:<module>:211 - DyFuzz pandas io.html.is_url 1
2025-10-23 05:41:34.290 | DEBUG    | __main__:<module>:218 - pandas.io.html.is_url has 1 params, run 100 times
2025-10-23 05:41:44.453 | INFO     | __main__:<module>:220 - Fuzz pandas.io.html.is_url 1 done
2025-10-23 05:41:44.453 | INFO     | __main__:<module>:221 - Current coverage after fuzzing pandas.io.html.is_url: 108594 bits
2025-10-23 05:41:44.454 | INFO     | __main__:<module>:211 - DyFuzz pandas core.common.index_labels_to_array 2
2025-10-23 05:41:44.454 | DEBUG    | __main__:<module>:218 - pandas.core.common.index_labels_to_array has 2 params, run 100 times
2025-10-23 05:41:54.489 | INFO     | __main__:<module>:220 - Fuzz pandas.core.common.index_labels_to_array 2 done
2025-10-23 05:41:54.490 | INFO     | __main__:<module>:221 - Current coverage after fuzzing pandas.core.common.index_labels_to_array: 108594 bits
2025-10-23 05:41:54.490 | INFO     | __main__:<module>:211 - DyFuzz pandas io.formats.format.get_level_lengths 2
2025-10-23 05:41:54.490 | DEBUG    | __main__:<module>:218 - pandas.io.formats.format.get_level_lengths has 2 params, run 100 times
2025-10-23 05:42:04.863 | INFO     | __main__:<module>:220 - Fuzz pandas.io.formats.format.get_level_lengths 2 done
2025-10-23 05:42:04.864 | INFO     | __main__:<module>:221 - Current coverage after fuzzing pandas.io.formats.format.get_level_lengths: 108594 bits
2025-10-23 05:42:04.864 | INFO     | __main__:<module>:211 - DyFuzz pandas io.pytables.stringify_path 2
2025-10-23 05:42:04.865 | DEBUG    | __main__:<module>:218 - pandas.io.pytables.stringify_path has 2 params, run 100 times
2025-10-23 05:42:15.390 | INFO     | __main__:<module>:220 - Fuzz pandas.io.pytables.stringify_path 2 done
2025-10-23 05:42:15.391 | INFO     | __main__:<module>:221 - Current coverage after fuzzing pandas.io.pytables.stringify_path: 108594 bits
2025-10-23 05:42:15.391 | INFO     | __main__:<module>:211 - DyFuzz pandas io.pickle.to_pickle 5
2025-10-23 05:42:15.391 | DEBUG    | __main__:<module>:218 - pandas.io.pickle.to_pickle has 5 params, run 100 times
2025-10-23 05:42:26.024 | INFO     | __main__:<module>:220 - Fuzz pandas.io.pickle.to_pickle 5 done
2025-10-23 05:42:26.025 | INFO     | __main__:<module>:221 - Current coverage after fuzzing pandas.io.pickle.to_pickle: 108594 bits
2025-10-23 05:42:26.025 | INFO     | __main__:<module>:211 - DyFuzz pandas io.api.read_xml 16
2025-10-23 05:42:26.025 | DEBUG    | __main__:<module>:218 - pandas.io.api.read_xml has 16 params, run 100 times
2025-10-23 05:42:36.520 | INFO     | __main__:<module>:220 - Fuzz pandas.io.api.read_xml 16 done
2025-10-23 05:42:36.521 | INFO     | __main__:<module>:221 - Current coverage after fuzzing pandas.io.api.read_xml: 108594 bits
2025-10-23 05:42:36.521 | INFO     | __main__:<module>:211 - DyFuzz pandas io.parquet.check_dtype_backend 1
2025-10-23 05:42:36.521 | DEBUG    | __main__:<module>:218 - pandas.io.parquet.check_dtype_backend has 1 params, run 100 times
2025-10-23 05:42:46.672 | INFO     | __main__:<module>:220 - Fuzz pandas.io.parquet.check_dtype_backend 1 done
2025-10-23 05:42:46.673 | INFO     | __main__:<module>:221 - Current coverage after fuzzing pandas.io.parquet.check_dtype_backend: 108594 bits
2025-10-23 05:42:46.673 | INFO     | __main__:<module>:226 - Dyfuzz done pandas
2025-10-23 05:42:46.673 | INFO     | __main__:<module>:200 - DyFuzz test sklearn
2025-10-23 05:42:46.673 | INFO     | __main__:<module>:203 - sklearn has 14 apis
2025-10-23 05:42:46.673 | INFO     | __main__:<module>:211 - DyFuzz sklearn externals.array_api_compat.common.is_array_api_obj 1
2025-10-23 05:42:46.673 | DEBUG    | __main__:<module>:218 - sklearn.externals.array_api_compat.common.is_array_api_obj has 1 params, run 100 times
2025-10-23 05:42:56.789 | INFO     | __main__:<module>:220 - Fuzz sklearn.externals.array_api_compat.common.is_array_api_obj 1 done
2025-10-23 05:42:56.790 | INFO     | __main__:<module>:221 - Current coverage after fuzzing sklearn.externals.array_api_compat.common.is_array_api_obj: 108594 bits
2025-10-23 05:42:56.790 | INFO     | __main__:<module>:211 - DyFuzz sklearn metrics.root_mean_squared_log_error 4
2025-10-23 05:42:56.790 | DEBUG    | __main__:<module>:218 - sklearn.metrics.root_mean_squared_log_error has 4 params, run 100 times
2025-10-23 05:43:06.928 | INFO     | __main__:<module>:220 - Fuzz sklearn.metrics.root_mean_squared_log_error 4 done
2025-10-23 05:43:06.929 | INFO     | __main__:<module>:221 - Current coverage after fuzzing sklearn.metrics.root_mean_squared_log_error: 108594 bits
2025-10-23 05:43:06.929 | INFO     | __main__:<module>:211 - DyFuzz sklearn datasets.clear_data_home 1
2025-10-23 05:43:06.929 | DEBUG    | __main__:<module>:218 - sklearn.datasets.clear_data_home has 1 params, run 100 times
2025-10-23 05:43:17.124 | INFO     | __main__:<module>:220 - Fuzz sklearn.datasets.clear_data_home 1 done
2025-10-23 05:43:17.125 | INFO     | __main__:<module>:221 - Current coverage after fuzzing sklearn.datasets.clear_data_home: 108594 bits
2025-10-23 05:43:17.125 | INFO     | __main__:<module>:211 - DyFuzz sklearn externals.array_api_compat.numpy.fft.hfft 4
2025-10-23 05:43:17.125 | DEBUG    | __main__:<module>:218 - sklearn.externals.array_api_compat.numpy.fft.hfft has 4 params, run 100 times
2025-10-23 05:43:27.313 | INFO     | __main__:<module>:220 - Fuzz sklearn.externals.array_api_compat.numpy.fft.hfft 4 done
2025-10-23 05:43:27.314 | INFO     | __main__:<module>:221 - Current coverage after fuzzing sklearn.externals.array_api_compat.numpy.fft.hfft: 108594 bits
2025-10-23 05:43:27.315 | INFO     | __main__:<module>:211 - DyFuzz sklearn metrics.v_measure_score 3
2025-10-23 05:43:27.315 | DEBUG    | __main__:<module>:218 - sklearn.metrics.v_measure_score has 3 params, run 100 times
2025-10-23 05:43:37.648 | INFO     | __main__:<module>:220 - Fuzz sklearn.metrics.v_measure_score 3 done
2025-10-23 05:43:37.649 | INFO     | __main__:<module>:221 - Current coverage after fuzzing sklearn.metrics.v_measure_score: 108594 bits
2025-10-23 05:43:37.649 | INFO     | __main__:<module>:211 - DyFuzz sklearn externals.array_api_compat.numpy.linalg.pinv 3
2025-10-23 05:43:37.649 | DEBUG    | __main__:<module>:218 - sklearn.externals.array_api_compat.numpy.linalg.pinv has 3 params, run 100 times
2025-10-23 05:43:47.990 | INFO     | __main__:<module>:220 - Fuzz sklearn.externals.array_api_compat.numpy.linalg.pinv 3 done
2025-10-23 05:43:47.991 | INFO     | __main__:<module>:221 - Current coverage after fuzzing sklearn.externals.array_api_compat.numpy.linalg.pinv: 108594 bits
2025-10-23 05:43:47.992 | INFO     | __main__:<module>:211 - DyFuzz sklearn externals.array_api_compat.numpy.fft.rfftn 4
2025-10-23 05:43:47.992 | DEBUG    | __main__:<module>:218 - sklearn.externals.array_api_compat.numpy.fft.rfftn has 4 params, run 100 times
2025-10-23 05:43:57.803 | INFO     | __main__:<module>:220 - Fuzz sklearn.externals.array_api_compat.numpy.fft.rfftn 4 done
2025-10-23 05:43:57.804 | INFO     | __main__:<module>:221 - Current coverage after fuzzing sklearn.externals.array_api_compat.numpy.fft.rfftn: 108594 bits
2025-10-23 05:43:57.805 | INFO     | __main__:<module>:211 - DyFuzz sklearn metrics.pairwise_distances_argmin_min 5
2025-10-23 05:43:57.805 | DEBUG    | __main__:<module>:218 - sklearn.metrics.pairwise_distances_argmin_min has 5 params, run 100 times
2025-10-23 05:44:07.804 | INFO     | __main__:<module>:220 - Fuzz sklearn.metrics.pairwise_distances_argmin_min 5 done
2025-10-23 05:44:07.805 | INFO     | __main__:<module>:221 - Current coverage after fuzzing sklearn.metrics.pairwise_distances_argmin_min: 108594 bits
2025-10-23 05:44:07.805 | INFO     | __main__:<module>:211 - DyFuzz sklearn metrics.mean_absolute_error 4
2025-10-23 05:44:07.805 | DEBUG    | __main__:<module>:218 - sklearn.metrics.mean_absolute_error has 4 params, run 100 times
2025-10-23 05:44:17.927 | INFO     | __main__:<module>:220 - Fuzz sklearn.metrics.mean_absolute_error 4 done
2025-10-23 05:44:17.928 | INFO     | __main__:<module>:221 - Current coverage after fuzzing sklearn.metrics.mean_absolute_error: 108594 bits
2025-10-23 05:44:17.928 | INFO     | __main__:<module>:211 - DyFuzz sklearn externals.array_api_compat.numpy.linspace 7
2025-10-23 05:44:17.929 | DEBUG    | __main__:<module>:218 - sklearn.externals.array_api_compat.numpy.linspace has 7 params, run 100 times
2025-10-23 05:44:27.930 | INFO     | __main__:<module>:220 - Fuzz sklearn.externals.array_api_compat.numpy.linspace 7 done
2025-10-23 05:44:27.931 | INFO     | __main__:<module>:221 - Current coverage after fuzzing sklearn.externals.array_api_compat.numpy.linspace: 108594 bits
2025-10-23 05:44:27.931 | INFO     | __main__:<module>:211 - DyFuzz sklearn datasets.make_low_rank_matrix 5
2025-10-23 05:44:27.931 | DEBUG    | __main__:<module>:218 - sklearn.datasets.make_low_rank_matrix has 5 params, run 100 times
2025-10-23 05:44:37.914 | INFO     | __main__:<module>:220 - Fuzz sklearn.datasets.make_low_rank_matrix 5 done
2025-10-23 05:44:37.915 | INFO     | __main__:<module>:221 - Current coverage after fuzzing sklearn.datasets.make_low_rank_matrix: 108594 bits
2025-10-23 05:44:37.915 | INFO     | __main__:<module>:211 - DyFuzz sklearn inspection.partial_dependence 12
2025-10-23 05:44:37.916 | DEBUG    | __main__:<module>:218 - sklearn.inspection.partial_dependence has 12 params, run 100 times
2025-10-23 05:44:48.002 | INFO     | __main__:<module>:220 - Fuzz sklearn.inspection.partial_dependence 12 done
2025-10-23 05:44:48.003 | INFO     | __main__:<module>:221 - Current coverage after fuzzing sklearn.inspection.partial_dependence: 108594 bits
2025-10-23 05:44:48.003 | INFO     | __main__:<module>:211 - DyFuzz sklearn externals.array_api_compat.numpy.take_along_axis 3
2025-10-23 05:44:48.003 | DEBUG    | __main__:<module>:218 - sklearn.externals.array_api_compat.numpy.take_along_axis has 3 params, run 100 times
2025-10-23 05:44:58.125 | INFO     | __main__:<module>:220 - Fuzz sklearn.externals.array_api_compat.numpy.take_along_axis 3 done
2025-10-23 05:44:58.125 | INFO     | __main__:<module>:221 - Current coverage after fuzzing sklearn.externals.array_api_compat.numpy.take_along_axis: 108594 bits
2025-10-23 05:44:58.125 | INFO     | __main__:<module>:211 - DyFuzz sklearn metrics.completeness_score 2
2025-10-23 05:44:58.125 | DEBUG    | __main__:<module>:218 - sklearn.metrics.completeness_score has 2 params, run 100 times
2025-10-23 05:45:08.396 | INFO     | __main__:<module>:220 - Fuzz sklearn.metrics.completeness_score 2 done
2025-10-23 05:45:08.397 | INFO     | __main__:<module>:221 - Current coverage after fuzzing sklearn.metrics.completeness_score: 108594 bits
2025-10-23 05:45:08.397 | INFO     | __main__:<module>:226 - Dyfuzz done sklearn
2025-10-23 05:45:08.398 | INFO     | __main__:<module>:200 - DyFuzz test scipy
2025-10-23 05:45:08.398 | INFO     | __main__:<module>:203 - scipy has 56 apis
2025-10-23 05:45:08.398 | INFO     | __main__:<module>:211 - DyFuzz scipy stats.mstats.count_tied_groups 2
2025-10-23 05:45:08.398 | DEBUG    | __main__:<module>:218 - scipy.stats.mstats.count_tied_groups has 2 params, run 100 times
2025-10-23 05:45:18.445 | INFO     | __main__:<module>:220 - Fuzz scipy.stats.mstats.count_tied_groups 2 done
2025-10-23 05:45:18.446 | INFO     | __main__:<module>:221 - Current coverage after fuzzing scipy.stats.mstats.count_tied_groups: 108594 bits
2025-10-23 05:45:18.446 | INFO     | __main__:<module>:211 - DyFuzz scipy stats.hmean 6
2025-10-23 05:45:18.446 | DEBUG    | __main__:<module>:218 - scipy.stats.hmean has 6 params, run 100 times
2025-10-23 05:45:28.433 | INFO     | __main__:<module>:220 - Fuzz scipy.stats.hmean 6 done
2025-10-23 05:45:28.434 | INFO     | __main__:<module>:221 - Current coverage after fuzzing scipy.stats.hmean: 108594 bits
2025-10-23 05:45:28.434 | INFO     | __main__:<module>:211 - DyFuzz scipy spatial.distance.dice 3
2025-10-23 05:45:28.434 | DEBUG    | __main__:<module>:218 - scipy.spatial.distance.dice has 3 params, run 100 times
2025-10-23 05:45:38.483 | INFO     | __main__:<module>:220 - Fuzz scipy.spatial.distance.dice 3 done
2025-10-23 05:45:38.483 | INFO     | __main__:<module>:221 - Current coverage after fuzzing scipy.spatial.distance.dice: 108594 bits
2025-10-23 05:45:38.483 | INFO     | __main__:<module>:211 - DyFuzz scipy spatial.distance.minkowski 4
2025-10-23 05:45:38.483 | DEBUG    | __main__:<module>:218 - scipy.spatial.distance.minkowski has 4 params, run 100 times
2025-10-23 05:45:48.546 | INFO     | __main__:<module>:220 - Fuzz scipy.spatial.distance.minkowski 4 done
2025-10-23 05:45:48.547 | INFO     | __main__:<module>:221 - Current coverage after fuzzing scipy.spatial.distance.minkowski: 108594 bits
2025-10-23 05:45:48.547 | INFO     | __main__:<module>:211 - DyFuzz scipy optimize.minpack.fixed_point 6
2025-10-23 05:45:48.547 | DEBUG    | __main__:<module>:218 - scipy.optimize.minpack.fixed_point has 6 params, run 100 times
2025-10-23 05:45:58.592 | INFO     | __main__:<module>:220 - Fuzz scipy.optimize.minpack.fixed_point 6 done
2025-10-23 05:45:58.593 | INFO     | __main__:<module>:221 - Current coverage after fuzzing scipy.optimize.minpack.fixed_point: 108594 bits
2025-10-23 05:45:58.593 | INFO     | __main__:<module>:211 - DyFuzz scipy linalg.matfuncs.tanhm 1
2025-10-23 05:45:58.593 | DEBUG    | __main__:<module>:218 - scipy.linalg.matfuncs.tanhm has 1 params, run 100 times
2025-10-23 05:46:08.762 | INFO     | __main__:<module>:220 - Fuzz scipy.linalg.matfuncs.tanhm 1 done
2025-10-23 05:46:08.763 | INFO     | __main__:<module>:221 - Current coverage after fuzzing scipy.linalg.matfuncs.tanhm: 108594 bits
2025-10-23 05:46:08.763 | INFO     | __main__:<module>:211 - DyFuzz scipy linalg.det 3
2025-10-23 05:46:08.763 | DEBUG    | __main__:<module>:218 - scipy.linalg.det has 3 params, run 100 times
2025-10-23 05:46:18.954 | INFO     | __main__:<module>:220 - Fuzz scipy.linalg.det 3 done
2025-10-23 05:46:18.955 | INFO     | __main__:<module>:221 - Current coverage after fuzzing scipy.linalg.det: 108594 bits
2025-10-23 05:46:18.955 | INFO     | __main__:<module>:211 - DyFuzz scipy linalg.basic.solve_banded 6
2025-10-23 05:46:18.955 | DEBUG    | __main__:<module>:218 - scipy.linalg.basic.solve_banded has 6 params, run 100 times
2025-10-23 05:46:29.043 | INFO     | __main__:<module>:220 - Fuzz scipy.linalg.basic.solve_banded 6 done
2025-10-23 05:46:29.044 | INFO     | __main__:<module>:221 - Current coverage after fuzzing scipy.linalg.basic.solve_banded: 108594 bits
2025-10-23 05:46:29.044 | INFO     | __main__:<module>:211 - DyFuzz scipy stats.ranksums 6
2025-10-23 05:46:29.044 | DEBUG    | __main__:<module>:218 - scipy.stats.ranksums has 6 params, run 100 times
2025-10-23 05:46:38.941 | INFO     | __main__:<module>:220 - Fuzz scipy.stats.ranksums 6 done
2025-10-23 05:46:38.942 | INFO     | __main__:<module>:221 - Current coverage after fuzzing scipy.stats.ranksums: 108594 bits
2025-10-23 05:46:38.942 | INFO     | __main__:<module>:211 - DyFuzz scipy signal.lp2bs 4
2025-10-23 05:46:38.942 | DEBUG    | __main__:<module>:218 - scipy.signal.lp2bs has 4 params, run 100 times
2025-10-23 05:46:48.381 | INFO     | __main__:<module>:220 - Fuzz scipy.signal.lp2bs 4 done
2025-10-23 05:46:48.383 | INFO     | __main__:<module>:221 - Current coverage after fuzzing scipy.signal.lp2bs: 108594 bits
2025-10-23 05:46:48.383 | INFO     | __main__:<module>:211 - DyFuzz scipy optimize.broyden1 16
2025-10-23 05:46:48.383 | DEBUG    | __main__:<module>:218 - scipy.optimize.broyden1 has 16 params, run 100 times
2025-10-23 05:46:58.618 | INFO     | __main__:<module>:220 - Fuzz scipy.optimize.broyden1 16 done
2025-10-23 05:46:58.619 | INFO     | __main__:<module>:221 - Current coverage after fuzzing scipy.optimize.broyden1: 108594 bits
2025-10-23 05:46:58.620 | INFO     | __main__:<module>:211 - DyFuzz scipy stats.wasserstein_distance 4
2025-10-23 05:46:58.620 | DEBUG    | __main__:<module>:218 - scipy.stats.wasserstein_distance has 4 params, run 100 times
2025-10-23 05:47:08.801 | INFO     | __main__:<module>:220 - Fuzz scipy.stats.wasserstein_distance 4 done
2025-10-23 05:47:08.801 | INFO     | __main__:<module>:221 - Current coverage after fuzzing scipy.stats.wasserstein_distance: 108594 bits
2025-10-23 05:47:08.801 | INFO     | __main__:<module>:211 - DyFuzz scipy special.fresnelc_zeros 1
2025-10-23 05:47:08.801 | DEBUG    | __main__:<module>:218 - scipy.special.fresnelc_zeros has 1 params, run 100 times
2025-10-23 05:47:19.499 | INFO     | __main__:<module>:220 - Fuzz scipy.special.fresnelc_zeros 1 done
2025-10-23 05:47:19.500 | INFO     | __main__:<module>:221 - Current coverage after fuzzing scipy.special.fresnelc_zeros: 108594 bits
2025-10-23 05:47:19.500 | INFO     | __main__:<module>:211 - DyFuzz scipy cluster.hierarchy.maxdists 1
2025-10-23 05:47:19.500 | DEBUG    | __main__:<module>:218 - scipy.cluster.hierarchy.maxdists has 1 params, run 100 times
2025-10-23 05:47:30.167 | INFO     | __main__:<module>:220 - Fuzz scipy.cluster.hierarchy.maxdists 1 done
2025-10-23 05:47:30.168 | INFO     | __main__:<module>:221 - Current coverage after fuzzing scipy.cluster.hierarchy.maxdists: 108594 bits
2025-10-23 05:47:30.168 | INFO     | __main__:<module>:211 - DyFuzz scipy ndimage.white_tophat 9
2025-10-23 05:47:30.168 | DEBUG    | __main__:<module>:218 - scipy.ndimage.white_tophat has 9 params, run 100 times
2025-10-23 05:47:40.925 | INFO     | __main__:<module>:220 - Fuzz scipy.ndimage.white_tophat 9 done
2025-10-23 05:47:40.925 | INFO     | __main__:<module>:221 - Current coverage after fuzzing scipy.ndimage.white_tophat: 108594 bits
2025-10-23 05:47:40.926 | INFO     | __main__:<module>:211 - DyFuzz scipy stats._mstats_basic.pointbiserialr 2
2025-10-23 05:47:40.926 | DEBUG    | __main__:<module>:218 - scipy.stats._mstats_basic.pointbiserialr has 2 params, run 100 times
2025-10-23 05:47:51.133 | INFO     | __main__:<module>:220 - Fuzz scipy.stats._mstats_basic.pointbiserialr 2 done
2025-10-23 05:47:51.133 | INFO     | __main__:<module>:221 - Current coverage after fuzzing scipy.stats._mstats_basic.pointbiserialr: 108594 bits
2025-10-23 05:47:51.133 | INFO     | __main__:<module>:211 - DyFuzz scipy stats.mstats.trimtail 5
2025-10-23 05:47:51.134 | DEBUG    | __main__:<module>:218 - scipy.stats.mstats.trimtail has 5 params, run 100 times
2025-10-23 05:48:01.338 | INFO     | __main__:<module>:220 - Fuzz scipy.stats.mstats.trimtail 5 done
2025-10-23 05:48:01.338 | INFO     | __main__:<module>:221 - Current coverage after fuzzing scipy.stats.mstats.trimtail: 108594 bits
2025-10-23 05:48:01.339 | INFO     | __main__:<module>:211 - DyFuzz scipy special.legendre 2
2025-10-23 05:48:01.339 | DEBUG    | __main__:<module>:218 - scipy.special.legendre has 2 params, run 100 times
2025-10-23 05:48:11.218 | INFO     | __main__:<module>:220 - Fuzz scipy.special.legendre 2 done
2025-10-23 05:48:11.219 | INFO     | __main__:<module>:221 - Current coverage after fuzzing scipy.special.legendre: 108594 bits
2025-10-23 05:48:11.219 | INFO     | __main__:<module>:211 - DyFuzz scipy optimize.diagbroyden 14
2025-10-23 05:48:11.219 | DEBUG    | __main__:<module>:218 - scipy.optimize.diagbroyden has 14 params, run 100 times
2025-10-23 05:48:21.255 | INFO     | __main__:<module>:220 - Fuzz scipy.optimize.diagbroyden 14 done
2025-10-23 05:48:21.256 | INFO     | __main__:<module>:221 - Current coverage after fuzzing scipy.optimize.diagbroyden: 108594 bits
2025-10-23 05:48:21.256 | INFO     | __main__:<module>:211 - DyFuzz scipy signal.ellip 8
2025-10-23 05:48:21.257 | DEBUG    | __main__:<module>:218 - scipy.signal.ellip has 8 params, run 100 times
2025-10-23 05:48:31.222 | INFO     | __main__:<module>:220 - Fuzz scipy.signal.ellip 8 done
2025-10-23 05:48:31.222 | INFO     | __main__:<module>:221 - Current coverage after fuzzing scipy.signal.ellip: 108594 bits
2025-10-23 05:48:31.223 | INFO     | __main__:<module>:211 - DyFuzz scipy signal.cheb1ord 6
2025-10-23 05:48:31.223 | DEBUG    | __main__:<module>:218 - scipy.signal.cheb1ord has 6 params, run 100 times
2025-10-23 05:48:41.356 | INFO     | __main__:<module>:220 - Fuzz scipy.signal.cheb1ord 6 done
2025-10-23 05:48:41.357 | INFO     | __main__:<module>:221 - Current coverage after fuzzing scipy.signal.cheb1ord: 108594 bits
2025-10-23 05:48:41.357 | INFO     | __main__:<module>:211 - DyFuzz scipy cluster.hierarchy.leaders 2
2025-10-23 05:48:41.357 | DEBUG    | __main__:<module>:218 - scipy.cluster.hierarchy.leaders has 2 params, run 100 times
2025-10-23 05:48:51.298 | INFO     | __main__:<module>:220 - Fuzz scipy.cluster.hierarchy.leaders 2 done
2025-10-23 05:48:51.299 | INFO     | __main__:<module>:221 - Current coverage after fuzzing scipy.cluster.hierarchy.leaders: 108594 bits
2025-10-23 05:48:51.299 | INFO     | __main__:<module>:211 - DyFuzz scipy linalg.special_matrices.helmert 2
2025-10-23 05:48:51.299 | DEBUG    | __main__:<module>:218 - scipy.linalg.special_matrices.helmert has 2 params, run 100 times
2025-10-23 05:49:01.547 | INFO     | __main__:<module>:220 - Fuzz scipy.linalg.special_matrices.helmert 2 done
2025-10-23 05:49:01.548 | INFO     | __main__:<module>:221 - Current coverage after fuzzing scipy.linalg.special_matrices.helmert: 108594 bits
2025-10-23 05:49:01.548 | INFO     | __main__:<module>:211 - DyFuzz scipy fft.set_backend 3
2025-10-23 05:49:01.548 | DEBUG    | __main__:<module>:218 - scipy.fft.set_backend has 3 params, run 100 times
2025-10-23 05:49:11.441 | INFO     | __main__:<module>:220 - Fuzz scipy.fft.set_backend 3 done
2025-10-23 05:49:11.442 | INFO     | __main__:<module>:221 - Current coverage after fuzzing scipy.fft.set_backend: 108594 bits
2025-10-23 05:49:11.442 | INFO     | __main__:<module>:211 - DyFuzz scipy optimize.linearmixing 14
2025-10-23 05:49:11.442 | DEBUG    | __main__:<module>:218 - scipy.optimize.linearmixing has 14 params, run 100 times
2025-10-23 05:49:21.428 | INFO     | __main__:<module>:220 - Fuzz scipy.optimize.linearmixing 14 done
2025-10-23 05:49:21.429 | INFO     | __main__:<module>:221 - Current coverage after fuzzing scipy.optimize.linearmixing: 108594 bits
2025-10-23 05:49:21.429 | INFO     | __main__:<module>:211 - DyFuzz scipy integrate.quad 15
2025-10-23 05:49:21.429 | DEBUG    | __main__:<module>:218 - scipy.integrate.quad has 15 params, run 100 times
2025-10-23 05:49:31.751 | INFO     | __main__:<module>:220 - Fuzz scipy.integrate.quad 15 done
2025-10-23 05:49:31.752 | INFO     | __main__:<module>:221 - Current coverage after fuzzing scipy.integrate.quad: 108594 bits
2025-10-23 05:49:31.753 | INFO     | __main__:<module>:211 - DyFuzz scipy signal.windows.blackman 4
2025-10-23 05:49:31.753 | DEBUG    | __main__:<module>:218 - scipy.signal.windows.blackman has 4 params, run 100 times
2025-10-23 05:49:42.290 | INFO     | __main__:<module>:220 - Fuzz scipy.signal.windows.blackman 4 done
2025-10-23 05:49:42.291 | INFO     | __main__:<module>:221 - Current coverage after fuzzing scipy.signal.windows.blackman: 108594 bits
2025-10-23 05:49:42.291 | INFO     | __main__:<module>:211 - DyFuzz scipy fft.ifftshift 2
2025-10-23 05:49:42.291 | DEBUG    | __main__:<module>:218 - scipy.fft.ifftshift has 2 params, run 100 times
2025-10-23 05:49:52.576 | INFO     | __main__:<module>:220 - Fuzz scipy.fft.ifftshift 2 done
2025-10-23 05:49:52.577 | INFO     | __main__:<module>:221 - Current coverage after fuzzing scipy.fft.ifftshift: 108594 bits
2025-10-23 05:49:52.577 | INFO     | __main__:<module>:211 - DyFuzz scipy linalg.leslie 2
2025-10-23 05:49:52.577 | DEBUG    | __main__:<module>:218 - scipy.linalg.leslie has 2 params, run 100 times
2025-10-23 05:50:02.857 | INFO     | __main__:<module>:220 - Fuzz scipy.linalg.leslie 2 done
2025-10-23 05:50:02.858 | INFO     | __main__:<module>:221 - Current coverage after fuzzing scipy.linalg.leslie: 108594 bits
2025-10-23 05:50:02.858 | INFO     | __main__:<module>:211 - DyFuzz scipy interpolate.ndgriddata.griddata 6
2025-10-23 05:50:02.858 | DEBUG    | __main__:<module>:218 - scipy.interpolate.ndgriddata.griddata has 6 params, run 100 times
2025-10-23 05:50:12.790 | INFO     | __main__:<module>:220 - Fuzz scipy.interpolate.ndgriddata.griddata 6 done
2025-10-23 05:50:12.791 | INFO     | __main__:<module>:221 - Current coverage after fuzzing scipy.interpolate.ndgriddata.griddata: 108594 bits
2025-10-23 05:50:12.791 | INFO     | __main__:<module>:211 - DyFuzz scipy stats.morestats.kstatvar 5
2025-10-23 05:50:12.791 | DEBUG    | __main__:<module>:218 - scipy.stats.morestats.kstatvar has 5 params, run 100 times
2025-10-23 05:50:22.943 | INFO     | __main__:<module>:220 - Fuzz scipy.stats.morestats.kstatvar 5 done
2025-10-23 05:50:22.944 | INFO     | __main__:<module>:221 - Current coverage after fuzzing scipy.stats.morestats.kstatvar: 108594 bits
2025-10-23 05:50:22.944 | INFO     | __main__:<module>:211 - DyFuzz scipy linalg.rq 5
2025-10-23 05:50:22.944 | DEBUG    | __main__:<module>:218 - scipy.linalg.rq has 5 params, run 100 times
2025-10-23 05:50:32.943 | INFO     | __main__:<module>:220 - Fuzz scipy.linalg.rq 5 done
2025-10-23 05:50:32.944 | INFO     | __main__:<module>:221 - Current coverage after fuzzing scipy.linalg.rq: 108594 bits
2025-10-23 05:50:32.944 | INFO     | __main__:<module>:211 - DyFuzz scipy signal.windows.blackmanharris 4
2025-10-23 05:50:32.944 | DEBUG    | __main__:<module>:218 - scipy.signal.windows.blackmanharris has 4 params, run 100 times
2025-10-23 05:50:43.084 | INFO     | __main__:<module>:220 - Fuzz scipy.signal.windows.blackmanharris 4 done
2025-10-23 05:50:43.085 | INFO     | __main__:<module>:221 - Current coverage after fuzzing scipy.signal.windows.blackmanharris: 108594 bits
2025-10-23 05:50:43.085 | INFO     | __main__:<module>:211 - DyFuzz scipy signal.windows.hamming 4
2025-10-23 05:50:43.085 | DEBUG    | __main__:<module>:218 - scipy.signal.windows.hamming has 4 params, run 100 times
2025-10-23 05:50:53.321 | INFO     | __main__:<module>:220 - Fuzz scipy.signal.windows.hamming 4 done
2025-10-23 05:50:53.322 | INFO     | __main__:<module>:221 - Current coverage after fuzzing scipy.signal.windows.hamming: 108594 bits
2025-10-23 05:50:53.322 | INFO     | __main__:<module>:211 - DyFuzz scipy cluster.vq.whiten 2
2025-10-23 05:50:53.322 | DEBUG    | __main__:<module>:218 - scipy.cluster.vq.whiten has 2 params, run 100 times
2025-10-23 05:51:03.463 | INFO     | __main__:<module>:220 - Fuzz scipy.cluster.vq.whiten 2 done
2025-10-23 05:51:03.464 | INFO     | __main__:<module>:221 - Current coverage after fuzzing scipy.cluster.vq.whiten: 108594 bits
2025-10-23 05:51:03.464 | INFO     | __main__:<module>:211 - DyFuzz scipy stats.mstats_basic.theilslopes 4
2025-10-23 05:51:03.464 | DEBUG    | __main__:<module>:218 - scipy.stats.mstats_basic.theilslopes has 4 params, run 100 times
2025-10-23 05:51:13.549 | INFO     | __main__:<module>:220 - Fuzz scipy.stats.mstats_basic.theilslopes 4 done
2025-10-23 05:51:13.550 | INFO     | __main__:<module>:221 - Current coverage after fuzzing scipy.stats.mstats_basic.theilslopes: 108594 bits
2025-10-23 05:51:13.550 | INFO     | __main__:<module>:211 - DyFuzz scipy stats.morestats.wilcoxon 9
2025-10-23 05:51:13.550 | DEBUG    | __main__:<module>:218 - scipy.stats.morestats.wilcoxon has 9 params, run 100 times
2025-10-23 05:51:24.123 | INFO     | __main__:<module>:220 - Fuzz scipy.stats.morestats.wilcoxon 9 done
2025-10-23 05:51:24.124 | INFO     | __main__:<module>:221 - Current coverage after fuzzing scipy.stats.morestats.wilcoxon: 108594 bits
2025-10-23 05:51:24.124 | INFO     | __main__:<module>:211 - DyFuzz scipy optimize.newton_krylov 18
2025-10-23 05:51:24.124 | DEBUG    | __main__:<module>:218 - scipy.optimize.newton_krylov has 18 params, run 100 times
2025-10-23 05:51:34.554 | INFO     | __main__:<module>:220 - Fuzz scipy.optimize.newton_krylov 18 done
2025-10-23 05:51:34.555 | INFO     | __main__:<module>:221 - Current coverage after fuzzing scipy.optimize.newton_krylov: 108594 bits
2025-10-23 05:51:34.555 | INFO     | __main__:<module>:211 - DyFuzz scipy signal.savgol_coeffs 6
2025-10-23 05:51:34.555 | DEBUG    | __main__:<module>:218 - scipy.signal.savgol_coeffs has 6 params, run 100 times
2025-10-23 05:51:44.675 | INFO     | __main__:<module>:220 - Fuzz scipy.signal.savgol_coeffs 6 done
2025-10-23 05:51:44.675 | INFO     | __main__:<module>:221 - Current coverage after fuzzing scipy.signal.savgol_coeffs: 108594 bits
2025-10-23 05:51:44.675 | INFO     | __main__:<module>:211 - DyFuzz scipy ndimage.fourier_shift 5
2025-10-23 05:51:44.675 | DEBUG    | __main__:<module>:218 - scipy.ndimage.fourier_shift has 5 params, run 100 times
2025-10-23 05:51:55.204 | INFO     | __main__:<module>:220 - Fuzz scipy.ndimage.fourier_shift 5 done
2025-10-23 05:51:55.205 | INFO     | __main__:<module>:221 - Current coverage after fuzzing scipy.ndimage.fourier_shift: 108594 bits
2025-10-23 05:51:55.205 | INFO     | __main__:<module>:211 - DyFuzz scipy sparse.linalg.isolve.lsqr 10
2025-10-23 05:51:55.205 | DEBUG    | __main__:<module>:218 - scipy.sparse.linalg.isolve.lsqr has 10 params, run 100 times
2025-10-23 05:52:05.279 | INFO     | __main__:<module>:220 - Fuzz scipy.sparse.linalg.isolve.lsqr 10 done
2025-10-23 05:52:05.279 | INFO     | __main__:<module>:221 - Current coverage after fuzzing scipy.sparse.linalg.isolve.lsqr: 108594 bits
2025-10-23 05:52:05.279 | INFO     | __main__:<module>:211 - DyFuzz scipy fft.rfftfreq 4
2025-10-23 05:52:05.279 | DEBUG    | __main__:<module>:218 - scipy.fft.rfftfreq has 4 params, run 100 times
2025-10-23 05:52:15.342 | INFO     | __main__:<module>:220 - Fuzz scipy.fft.rfftfreq 4 done
2025-10-23 05:52:15.343 | INFO     | __main__:<module>:221 - Current coverage after fuzzing scipy.fft.rfftfreq: 108594 bits
2025-10-23 05:52:15.343 | INFO     | __main__:<module>:211 - DyFuzz scipy stats._mstats_basic.spearmanr 6
2025-10-23 05:52:15.343 | DEBUG    | __main__:<module>:218 - scipy.stats._mstats_basic.spearmanr has 6 params, run 100 times
2025-10-23 05:52:25.324 | INFO     | __main__:<module>:220 - Fuzz scipy.stats._mstats_basic.spearmanr 6 done
2025-10-23 05:52:25.325 | INFO     | __main__:<module>:221 - Current coverage after fuzzing scipy.stats._mstats_basic.spearmanr: 108594 bits
2025-10-23 05:52:25.325 | INFO     | __main__:<module>:211 - DyFuzz scipy fftpack.rfftfreq 2
2025-10-23 05:52:25.325 | DEBUG    | __main__:<module>:218 - scipy.fftpack.rfftfreq has 2 params, run 100 times
2025-10-23 05:52:35.523 | INFO     | __main__:<module>:220 - Fuzz scipy.fftpack.rfftfreq 2 done
2025-10-23 05:52:35.524 | INFO     | __main__:<module>:221 - Current coverage after fuzzing scipy.fftpack.rfftfreq: 108594 bits
2025-10-23 05:52:35.524 | INFO     | __main__:<module>:211 - DyFuzz scipy stats.make_distribution 1
2025-10-23 05:52:35.524 | DEBUG    | __main__:<module>:218 - scipy.stats.make_distribution has 1 params, run 100 times
2025-10-23 05:52:45.627 | INFO     | __main__:<module>:220 - Fuzz scipy.stats.make_distribution 1 done
2025-10-23 05:52:45.628 | INFO     | __main__:<module>:221 - Current coverage after fuzzing scipy.stats.make_distribution: 108594 bits
2025-10-23 05:52:45.628 | INFO     | __main__:<module>:211 - DyFuzz scipy signal.symiirorder1 4
2025-10-23 05:52:45.628 | DEBUG    | __main__:<module>:218 - scipy.signal.symiirorder1 has 4 params, run 100 times
2025-10-23 05:52:55.719 | INFO     | __main__:<module>:220 - Fuzz scipy.signal.symiirorder1 4 done
2025-10-23 05:52:55.720 | INFO     | __main__:<module>:221 - Current coverage after fuzzing scipy.signal.symiirorder1: 108594 bits
2025-10-23 05:52:55.720 | INFO     | __main__:<module>:211 - DyFuzz scipy stats.bayes_mvs 2
2025-10-23 05:52:55.720 | DEBUG    | __main__:<module>:218 - scipy.stats.bayes_mvs has 2 params, run 100 times
2025-10-23 05:53:05.792 | INFO     | __main__:<module>:220 - Fuzz scipy.stats.bayes_mvs 2 done
2025-10-23 05:53:05.793 | INFO     | __main__:<module>:221 - Current coverage after fuzzing scipy.stats.bayes_mvs: 108594 bits
2025-10-23 05:53:05.794 | INFO     | __main__:<module>:211 - DyFuzz scipy fftpack.ss_diff 5
2025-10-23 05:53:05.794 | DEBUG    | __main__:<module>:218 - scipy.fftpack.ss_diff has 5 params, run 100 times
2025-10-23 05:53:15.655 | INFO     | __main__:<module>:220 - Fuzz scipy.fftpack.ss_diff 5 done
2025-10-23 05:53:15.656 | INFO     | __main__:<module>:221 - Current coverage after fuzzing scipy.fftpack.ss_diff: 108594 bits
2025-10-23 05:53:15.657 | INFO     | __main__:<module>:211 - DyFuzz scipy interpolate.polyint.approximate_taylor_polynomial 5
2025-10-23 05:53:15.657 | DEBUG    | __main__:<module>:218 - scipy.interpolate.polyint.approximate_taylor_polynomial has 5 params, run 100 times
2025-10-23 05:53:25.532 | INFO     | __main__:<module>:220 - Fuzz scipy.interpolate.polyint.approximate_taylor_polynomial 5 done
2025-10-23 05:53:25.533 | INFO     | __main__:<module>:221 - Current coverage after fuzzing scipy.interpolate.polyint.approximate_taylor_polynomial: 108594 bits
2025-10-23 05:53:25.533 | INFO     | __main__:<module>:211 - DyFuzz scipy stats.stats.pointbiserialr 5
2025-10-23 05:53:25.533 | DEBUG    | __main__:<module>:218 - scipy.stats.stats.pointbiserialr has 5 params, run 100 times
2025-10-23 05:53:35.457 | INFO     | __main__:<module>:220 - Fuzz scipy.stats.stats.pointbiserialr 5 done
2025-10-23 05:53:35.458 | INFO     | __main__:<module>:221 - Current coverage after fuzzing scipy.stats.stats.pointbiserialr: 108594 bits
2025-10-23 05:53:35.458 | INFO     | __main__:<module>:211 - DyFuzz scipy signal.bilinear 3
2025-10-23 05:53:35.458 | DEBUG    | __main__:<module>:218 - scipy.signal.bilinear has 3 params, run 100 times
2025-10-23 05:53:45.952 | INFO     | __main__:<module>:220 - Fuzz scipy.signal.bilinear 3 done
2025-10-23 05:53:45.953 | INFO     | __main__:<module>:221 - Current coverage after fuzzing scipy.signal.bilinear: 108594 bits
2025-10-23 05:53:45.953 | INFO     | __main__:<module>:211 - DyFuzz scipy signal.windows.dpss 8
2025-10-23 05:53:45.953 | DEBUG    | __main__:<module>:218 - scipy.signal.windows.dpss has 8 params, run 100 times
2025-10-23 05:53:56.431 | INFO     | __main__:<module>:220 - Fuzz scipy.signal.windows.dpss 8 done
2025-10-23 05:53:56.432 | INFO     | __main__:<module>:221 - Current coverage after fuzzing scipy.signal.windows.dpss: 108594 bits
2025-10-23 05:53:56.432 | INFO     | __main__:<module>:211 - DyFuzz scipy linalg.solve_continuous_are 7
2025-10-23 05:53:56.432 | DEBUG    | __main__:<module>:218 - scipy.linalg.solve_continuous_are has 7 params, run 100 times
2025-10-23 05:54:07.041 | INFO     | __main__:<module>:220 - Fuzz scipy.linalg.solve_continuous_are 7 done
2025-10-23 05:54:07.042 | INFO     | __main__:<module>:221 - Current coverage after fuzzing scipy.linalg.solve_continuous_are: 108594 bits
2025-10-23 05:54:07.042 | INFO     | __main__:<module>:211 - DyFuzz scipy sparse.linalg.norm 3
2025-10-23 05:54:07.042 | DEBUG    | __main__:<module>:218 - scipy.sparse.linalg.norm has 3 params, run 100 times
2025-10-23 05:54:17.477 | INFO     | __main__:<module>:220 - Fuzz scipy.sparse.linalg.norm 3 done
2025-10-23 05:54:17.478 | INFO     | __main__:<module>:221 - Current coverage after fuzzing scipy.sparse.linalg.norm: 108594 bits
2025-10-23 05:54:17.479 | INFO     | __main__:<module>:211 - DyFuzz scipy linalg.eig_banded 8
2025-10-23 05:54:17.479 | DEBUG    | __main__:<module>:218 - scipy.linalg.eig_banded has 8 params, run 100 times
2025-10-23 05:54:28.100 | INFO     | __main__:<module>:220 - Fuzz scipy.linalg.eig_banded 8 done
2025-10-23 05:54:28.101 | INFO     | __main__:<module>:221 - Current coverage after fuzzing scipy.linalg.eig_banded: 108594 bits
2025-10-23 05:54:28.101 | INFO     | __main__:<module>:211 - DyFuzz scipy fftpack.dst 6
2025-10-23 05:54:28.101 | DEBUG    | __main__:<module>:218 - scipy.fftpack.dst has 6 params, run 100 times
2025-10-23 05:54:38.585 | INFO     | __main__:<module>:220 - Fuzz scipy.fftpack.dst 6 done
2025-10-23 05:54:38.586 | INFO     | __main__:<module>:221 - Current coverage after fuzzing scipy.fftpack.dst: 108594 bits
2025-10-23 05:54:38.586 | INFO     | __main__:<module>:226 - Dyfuzz done scipy
2025-10-23 05:54:38.586 | INFO     | __main__:<module>:200 - DyFuzz test requests
2025-10-23 05:54:38.586 | INFO     | __main__:<module>:203 - requests has 4 apis
2025-10-23 05:54:38.586 | INFO     | __main__:<module>:211 - DyFuzz requests hooks.dispatch_hook 4
2025-10-23 05:54:38.586 | DEBUG    | __main__:<module>:218 - requests.hooks.dispatch_hook has 4 params, run 100 times
2025-10-23 05:54:48.846 | INFO     | __main__:<module>:220 - Fuzz requests.hooks.dispatch_hook 4 done
2025-10-23 05:54:48.847 | INFO     | __main__:<module>:221 - Current coverage after fuzzing requests.hooks.dispatch_hook: 108594 bits
2025-10-23 05:54:48.847 | INFO     | __main__:<module>:211 - DyFuzz requests utils.guess_json_utf 1
2025-10-23 05:54:48.847 | DEBUG    | __main__:<module>:218 - requests.utils.guess_json_utf has 1 params, run 100 times
2025-10-23 05:54:59.263 | INFO     | __main__:<module>:220 - Fuzz requests.utils.guess_json_utf 1 done
2025-10-23 05:54:59.264 | INFO     | __main__:<module>:221 - Current coverage after fuzzing requests.utils.guess_json_utf: 108594 bits
2025-10-23 05:54:59.266 | INFO     | __main__:<module>:211 - DyFuzz requests adapters.prepend_scheme_if_needed 2
2025-10-23 05:54:59.266 | DEBUG    | __main__:<module>:218 - requests.adapters.prepend_scheme_if_needed has 2 params, run 100 times
2025-10-23 05:55:09.836 | INFO     | __main__:<module>:220 - Fuzz requests.adapters.prepend_scheme_if_needed 2 done
2025-10-23 05:55:09.837 | INFO     | __main__:<module>:221 - Current coverage after fuzzing requests.adapters.prepend_scheme_if_needed: 108594 bits
2025-10-23 05:55:09.837 | INFO     | __main__:<module>:211 - DyFuzz requests sessions.default_headers 0
2025-10-23 05:55:09.838 | DEBUG    | __main__:<module>:213 - requests.sessions.default_headers has 0 params, run once
2025-10-23 05:55:09.948 | INFO     | __main__:<module>:220 - Fuzz requests.sessions.default_headers 0 done
2025-10-23 05:55:09.948 | INFO     | __main__:<module>:221 - Current coverage after fuzzing requests.sessions.default_headers: 108594 bits
2025-10-23 05:55:09.948 | INFO     | __main__:<module>:226 - Dyfuzz done requests
2025-10-23 05:55:09.948 | INFO     | __main__:<module>:200 - DyFuzz test spacy
2025-10-23 05:55:09.948 | INFO     | __main__:<module>:203 - spacy has 11 apis
2025-10-23 05:55:09.948 | INFO     | __main__:<module>:211 - DyFuzz spacy ml.models.entity_linker.empty_kb 1
2025-10-23 05:55:09.948 | DEBUG    | __main__:<module>:218 - spacy.ml.models.entity_linker.empty_kb has 1 params, run 100 times
2025-10-23 05:55:20.152 | INFO     | __main__:<module>:220 - Fuzz spacy.ml.models.entity_linker.empty_kb 1 done
2025-10-23 05:55:20.153 | INFO     | __main__:<module>:221 - Current coverage after fuzzing spacy.ml.models.entity_linker.empty_kb: 108594 bits
2025-10-23 05:55:20.153 | INFO     | __main__:<module>:211 - DyFuzz spacy explain 1
2025-10-23 05:55:20.153 | DEBUG    | __main__:<module>:218 - spacy.explain has 1 params, run 100 times
2025-10-23 05:55:30.757 | INFO     | __main__:<module>:220 - Fuzz spacy.explain 1 done
2025-10-23 05:55:30.758 | INFO     | __main__:<module>:221 - Current coverage after fuzzing spacy.explain: 108594 bits
2025-10-23 05:55:30.758 | INFO     | __main__:<module>:211 - DyFuzz spacy util.split_requirement 1
2025-10-23 05:55:30.758 | DEBUG    | __main__:<module>:218 - spacy.util.split_requirement has 1 params, run 100 times
2025-10-23 05:55:41.687 | INFO     | __main__:<module>:220 - Fuzz spacy.util.split_requirement 1 done
2025-10-23 05:55:41.688 | INFO     | __main__:<module>:221 - Current coverage after fuzzing spacy.util.split_requirement: 108594 bits
2025-10-23 05:55:41.688 | INFO     | __main__:<module>:211 - DyFuzz spacy ml.models.multi_task.build_cloze_multi_task_model 4
2025-10-23 05:55:41.688 | DEBUG    | __main__:<module>:218 - spacy.ml.models.multi_task.build_cloze_multi_task_model has 4 params, run 100 times
2025-10-23 05:55:52.241 | INFO     | __main__:<module>:220 - Fuzz spacy.ml.models.multi_task.build_cloze_multi_task_model 4 done
2025-10-23 05:55:52.242 | INFO     | __main__:<module>:221 - Current coverage after fuzzing spacy.ml.models.multi_task.build_cloze_multi_task_model: 108594 bits
2025-10-23 05:55:52.242 | INFO     | __main__:<module>:211 - DyFuzz spacy ml.TransitionModel 6
2025-10-23 05:55:52.243 | DEBUG    | __main__:<module>:218 - spacy.ml.TransitionModel has 6 params, run 100 times
2025-10-23 05:56:02.530 | INFO     | __main__:<module>:220 - Fuzz spacy.ml.TransitionModel 6 done
2025-10-23 05:56:02.531 | INFO     | __main__:<module>:221 - Current coverage after fuzzing spacy.ml.TransitionModel: 108594 bits
2025-10-23 05:56:02.531 | INFO     | __main__:<module>:211 - DyFuzz spacy cli.train.show_validation_error 5
2025-10-23 05:56:02.532 | DEBUG    | __main__:<module>:218 - spacy.cli.train.show_validation_error has 5 params, run 100 times
2025-10-23 05:56:13.348 | INFO     | __main__:<module>:220 - Fuzz spacy.cli.train.show_validation_error 5 done
2025-10-23 05:56:13.349 | INFO     | __main__:<module>:221 - Current coverage after fuzzing spacy.cli.train.show_validation_error: 108594 bits
2025-10-23 05:56:13.350 | INFO     | __main__:<module>:211 - DyFuzz spacy ml.models.multi_task.create_pretrain_vectors 3
2025-10-23 05:56:13.350 | DEBUG    | __main__:<module>:218 - spacy.ml.models.multi_task.create_pretrain_vectors has 3 params, run 100 times
2025-10-23 05:56:24.059 | INFO     | __main__:<module>:220 - Fuzz spacy.ml.models.multi_task.create_pretrain_vectors 3 done
2025-10-23 05:56:24.060 | INFO     | __main__:<module>:221 - Current coverage after fuzzing spacy.ml.models.multi_task.create_pretrain_vectors: 108594 bits
2025-10-23 05:56:24.060 | INFO     | __main__:<module>:211 - DyFuzz spacy lang.char_classes.<lambda> 1
2025-10-23 05:56:24.060 | DEBUG    | __main__:<module>:218 - spacy.lang.char_classes.<lambda> has 1 params, run 100 times
2025-10-23 05:56:34.694 | INFO     | __main__:<module>:220 - Fuzz spacy.lang.char_classes.<lambda> 1 done
2025-10-23 05:56:34.695 | INFO     | __main__:<module>:221 - Current coverage after fuzzing spacy.lang.char_classes.<lambda>: 108594 bits
2025-10-23 05:56:34.695 | INFO     | __main__:<module>:211 - DyFuzz spacy util.to_bytes 2
2025-10-23 05:56:34.695 | DEBUG    | __main__:<module>:218 - spacy.util.to_bytes has 2 params, run 100 times
2025-10-23 05:56:45.632 | INFO     | __main__:<module>:220 - Fuzz spacy.util.to_bytes 2 done
2025-10-23 05:56:45.633 | INFO     | __main__:<module>:221 - Current coverage after fuzzing spacy.util.to_bytes: 108594 bits
2025-10-23 05:56:45.633 | INFO     | __main__:<module>:211 - DyFuzz spacy ml.build_tagger_model 3
2025-10-23 05:56:45.633 | DEBUG    | __main__:<module>:218 - spacy.ml.build_tagger_model has 3 params, run 100 times
2025-10-23 05:56:56.161 | INFO     | __main__:<module>:220 - Fuzz spacy.ml.build_tagger_model 3 done
2025-10-23 05:56:56.162 | INFO     | __main__:<module>:221 - Current coverage after fuzzing spacy.ml.build_tagger_model: 108594 bits
2025-10-23 05:56:56.162 | INFO     | __main__:<module>:211 - DyFuzz spacy util.to_ternary_int 1
2025-10-23 05:56:56.162 | DEBUG    | __main__:<module>:218 - spacy.util.to_ternary_int has 1 params, run 100 times
2025-10-23 05:57:06.658 | INFO     | __main__:<module>:220 - Fuzz spacy.util.to_ternary_int 1 done
2025-10-23 05:57:06.659 | INFO     | __main__:<module>:221 - Current coverage after fuzzing spacy.util.to_ternary_int: 108594 bits
2025-10-23 05:57:06.660 | INFO     | __main__:<module>:226 - Dyfuzz done spacy
2025-10-23 05:57:06.660 | INFO     | __main__:<module>:200 - DyFuzz test torch
2025-10-23 05:57:06.660 | INFO     | __main__:<module>:203 - torch has 25 apis
2025-10-23 05:57:06.660 | INFO     | __main__:<module>:211 - DyFuzz torch conv_tbc 4
2025-10-23 05:57:06.660 | DEBUG    | __main__:<module>:218 - torch.conv_tbc has 4 params, run 100 times
2025-10-23 05:57:17.335 | INFO     | __main__:<module>:220 - Fuzz torch.conv_tbc 4 done
2025-10-23 05:57:17.336 | INFO     | __main__:<module>:221 - Current coverage after fuzzing torch.conv_tbc: 108594 bits
2025-10-23 05:57:17.336 | INFO     | __main__:<module>:211 - DyFuzz torch exp2_ 1
2025-10-23 05:57:17.336 | DEBUG    | __main__:<module>:218 - torch.exp2_ has 1 params, run 100 times
2025-10-23 05:57:27.657 | INFO     | __main__:<module>:220 - Fuzz torch.exp2_ 1 done
2025-10-23 05:57:27.658 | INFO     | __main__:<module>:221 - Current coverage after fuzzing torch.exp2_: 108594 bits
2025-10-23 05:57:27.658 | INFO     | __main__:<module>:211 - DyFuzz torch set_warn_always 1
2025-10-23 05:57:27.658 | DEBUG    | __main__:<module>:218 - torch.set_warn_always has 1 params, run 100 times
2025-10-23 05:57:38.124 | INFO     | __main__:<module>:220 - Fuzz torch.set_warn_always 1 done
2025-10-23 05:57:38.126 | INFO     | __main__:<module>:221 - Current coverage after fuzzing torch.set_warn_always: 108594 bits
2025-10-23 05:57:38.126 | INFO     | __main__:<module>:211 - DyFuzz torch gcd 3
2025-10-23 05:57:38.126 | DEBUG    | __main__:<module>:218 - torch.gcd has 3 params, run 100 times
2025-10-23 05:57:48.635 | INFO     | __main__:<module>:220 - Fuzz torch.gcd 3 done
2025-10-23 05:57:48.636 | INFO     | __main__:<module>:221 - Current coverage after fuzzing torch.gcd: 108594 bits
2025-10-23 05:57:48.637 | INFO     | __main__:<module>:211 - DyFuzz torch sqrt 2
2025-10-23 05:57:48.637 | DEBUG    | __main__:<module>:218 - torch.sqrt has 2 params, run 100 times
2025-10-23 05:57:59.233 | INFO     | __main__:<module>:220 - Fuzz torch.sqrt 2 done
2025-10-23 05:57:59.233 | INFO     | __main__:<module>:221 - Current coverage after fuzzing torch.sqrt: 108594 bits
2025-10-23 05:57:59.234 | INFO     | __main__:<module>:211 - DyFuzz torch multinomial 5
2025-10-23 05:57:59.234 | DEBUG    | __main__:<module>:218 - torch.multinomial has 5 params, run 100 times
2025-10-23 05:58:09.573 | INFO     | __main__:<module>:220 - Fuzz torch.multinomial 5 done
2025-10-23 05:58:09.574 | INFO     | __main__:<module>:221 - Current coverage after fuzzing torch.multinomial: 108594 bits
2025-10-23 05:58:09.574 | INFO     | __main__:<module>:211 - DyFuzz torch log2_ 1
2025-10-23 05:58:09.574 | DEBUG    | __main__:<module>:218 - torch.log2_ has 1 params, run 100 times
2025-10-23 05:58:19.997 | INFO     | __main__:<module>:220 - Fuzz torch.log2_ 1 done
2025-10-23 05:58:19.998 | INFO     | __main__:<module>:221 - Current coverage after fuzzing torch.log2_: 108594 bits
2025-10-23 05:58:19.998 | INFO     | __main__:<module>:211 - DyFuzz torch swapdims 3
2025-10-23 05:58:19.998 | DEBUG    | __main__:<module>:218 - torch.swapdims has 3 params, run 100 times
2025-10-23 05:58:30.810 | INFO     | __main__:<module>:220 - Fuzz torch.swapdims 3 done
2025-10-23 05:58:30.811 | INFO     | __main__:<module>:221 - Current coverage after fuzzing torch.swapdims: 108594 bits
2025-10-23 05:58:30.811 | INFO     | __main__:<module>:211 - DyFuzz torch tensordot 4
2025-10-23 05:58:30.812 | DEBUG    | __main__:<module>:218 - torch.tensordot has 4 params, run 100 times
2025-10-23 05:58:41.349 | INFO     | __main__:<module>:220 - Fuzz torch.tensordot 4 done
2025-10-23 05:58:41.350 | INFO     | __main__:<module>:221 - Current coverage after fuzzing torch.tensordot: 108594 bits
2025-10-23 05:58:41.350 | INFO     | __main__:<module>:211 - DyFuzz torch less 3
2025-10-23 05:58:41.350 | DEBUG    | __main__:<module>:218 - torch.less has 3 params, run 100 times
2025-10-23 05:58:51.854 | INFO     | __main__:<module>:220 - Fuzz torch.less 3 done
2025-10-23 05:58:51.855 | INFO     | __main__:<module>:221 - Current coverage after fuzzing torch.less: 108594 bits
2025-10-23 05:58:51.855 | INFO     | __main__:<module>:211 - DyFuzz torch chain_matmul 2
2025-10-23 05:58:51.855 | DEBUG    | __main__:<module>:218 - torch.chain_matmul has 2 params, run 100 times
2025-10-23 05:59:02.657 | INFO     | __main__:<module>:220 - Fuzz torch.chain_matmul 2 done
2025-10-23 05:59:02.658 | INFO     | __main__:<module>:221 - Current coverage after fuzzing torch.chain_matmul: 108594 bits
2025-10-23 05:59:02.658 | INFO     | __main__:<module>:211 - DyFuzz torch reciprocal_ 1
2025-10-23 05:59:02.659 | DEBUG    | __main__:<module>:218 - torch.reciprocal_ has 1 params, run 100 times
2025-10-23 05:59:13.574 | INFO     | __main__:<module>:220 - Fuzz torch.reciprocal_ 1 done
2025-10-23 05:59:13.574 | INFO     | __main__:<module>:221 - Current coverage after fuzzing torch.reciprocal_: 108594 bits
2025-10-23 05:59:13.575 | INFO     | __main__:<module>:211 - DyFuzz torch sspaddmm 4
2025-10-23 05:59:13.575 | DEBUG    | __main__:<module>:218 - torch.sspaddmm has 4 params, run 100 times
2025-10-23 05:59:24.107 | INFO     | __main__:<module>:220 - Fuzz torch.sspaddmm 4 done
2025-10-23 05:59:24.108 | INFO     | __main__:<module>:221 - Current coverage after fuzzing torch.sspaddmm: 108594 bits
2025-10-23 05:59:24.108 | INFO     | __main__:<module>:211 - DyFuzz torch arccos_ 1
2025-10-23 05:59:24.109 | DEBUG    | __main__:<module>:218 - torch.arccos_ has 1 params, run 100 times
2025-10-23 05:59:34.719 | INFO     | __main__:<module>:220 - Fuzz torch.arccos_ 1 done
2025-10-23 05:59:34.720 | INFO     | __main__:<module>:221 - Current coverage after fuzzing torch.arccos_: 108594 bits
2025-10-23 05:59:34.720 | INFO     | __main__:<module>:211 - DyFuzz torch nansum 5
2025-10-23 05:59:34.720 | DEBUG    | __main__:<module>:218 - torch.nansum has 5 params, run 100 times
2025-10-23 05:59:44.998 | INFO     | __main__:<module>:220 - Fuzz torch.nansum 5 done
2025-10-23 05:59:44.999 | INFO     | __main__:<module>:221 - Current coverage after fuzzing torch.nansum: 108594 bits
2025-10-23 05:59:44.999 | INFO     | __main__:<module>:211 - DyFuzz torch export.save 5
2025-10-23 05:59:45.000 | DEBUG    | __main__:<module>:218 - torch.export.save has 5 params, run 100 times
2025-10-23 05:59:55.178 | INFO     | __main__:<module>:220 - Fuzz torch.export.save 5 done
2025-10-23 05:59:55.179 | INFO     | __main__:<module>:221 - Current coverage after fuzzing torch.export.save: 108594 bits
2025-10-23 05:59:55.179 | INFO     | __main__:<module>:211 - DyFuzz torch isreal 1
2025-10-23 05:59:55.179 | DEBUG    | __main__:<module>:218 - torch.isreal has 1 params, run 100 times
2025-10-23 06:00:05.630 | INFO     | __main__:<module>:220 - Fuzz torch.isreal 1 done
2025-10-23 06:00:05.631 | INFO     | __main__:<module>:221 - Current coverage after fuzzing torch.isreal: 108594 bits
2025-10-23 06:00:05.631 | INFO     | __main__:<module>:211 - DyFuzz torch zero_ 1
2025-10-23 06:00:05.631 | DEBUG    | __main__:<module>:218 - torch.zero_ has 1 params, run 100 times
2025-10-23 06:00:16.065 | INFO     | __main__:<module>:220 - Fuzz torch.zero_ 1 done
2025-10-23 06:00:16.065 | INFO     | __main__:<module>:221 - Current coverage after fuzzing torch.zero_: 108594 bits
2025-10-23 06:00:16.065 | INFO     | __main__:<module>:211 - DyFuzz torch hspmm 3
2025-10-23 06:00:16.065 | DEBUG    | __main__:<module>:218 - torch.hspmm has 3 params, run 100 times
2025-10-23 06:00:26.553 | INFO     | __main__:<module>:220 - Fuzz torch.hspmm 3 done
2025-10-23 06:00:26.554 | INFO     | __main__:<module>:221 - Current coverage after fuzzing torch.hspmm: 108594 bits
2025-10-23 06:00:26.554 | INFO     | __main__:<module>:211 - DyFuzz torch get_rng_state 0
2025-10-23 06:00:26.554 | DEBUG    | __main__:<module>:213 - torch.get_rng_state has 0 params, run once
2025-10-23 06:00:26.664 | INFO     | __main__:<module>:220 - Fuzz torch.get_rng_state 0 done
2025-10-23 06:00:26.664 | INFO     | __main__:<module>:221 - Current coverage after fuzzing torch.get_rng_state: 108594 bits
2025-10-23 06:00:26.664 | INFO     | __main__:<module>:211 - DyFuzz torch addmv 5
2025-10-23 06:00:26.664 | DEBUG    | __main__:<module>:218 - torch.addmv has 5 params, run 100 times
2025-10-23 06:00:36.962 | INFO     | __main__:<module>:220 - Fuzz torch.addmv 5 done
2025-10-23 06:00:36.962 | INFO     | __main__:<module>:221 - Current coverage after fuzzing torch.addmv: 108594 bits
2025-10-23 06:00:36.963 | INFO     | __main__:<module>:211 - DyFuzz torch block_diag 1
2025-10-23 06:00:36.963 | DEBUG    | __main__:<module>:218 - torch.block_diag has 1 params, run 100 times
2025-10-23 06:00:47.458 | INFO     | __main__:<module>:220 - Fuzz torch.block_diag 1 done
2025-10-23 06:00:47.459 | INFO     | __main__:<module>:221 - Current coverage after fuzzing torch.block_diag: 108594 bits
2025-10-23 06:00:47.459 | INFO     | __main__:<module>:211 - DyFuzz torch frexp 2
2025-10-23 06:00:47.460 | DEBUG    | __main__:<module>:218 - torch.frexp has 2 params, run 100 times
2025-10-23 06:00:57.984 | INFO     | __main__:<module>:220 - Fuzz torch.frexp 2 done
2025-10-23 06:00:57.984 | INFO     | __main__:<module>:221 - Current coverage after fuzzing torch.frexp: 108594 bits
2025-10-23 06:00:57.984 | INFO     | __main__:<module>:211 - DyFuzz torch get_num_threads 0
2025-10-23 06:00:57.984 | DEBUG    | __main__:<module>:213 - torch.get_num_threads has 0 params, run once
2025-10-23 06:00:58.096 | INFO     | __main__:<module>:220 - Fuzz torch.get_num_threads 0 done
2025-10-23 06:00:58.097 | INFO     | __main__:<module>:221 - Current coverage after fuzzing torch.get_num_threads: 108594 bits
2025-10-23 06:00:58.097 | INFO     | __main__:<module>:211 - DyFuzz torch ldexp_ 2
2025-10-23 06:00:58.097 | DEBUG    | __main__:<module>:218 - torch.ldexp_ has 2 params, run 100 times
2025-10-23 06:01:08.363 | INFO     | __main__:<module>:220 - Fuzz torch.ldexp_ 2 done
2025-10-23 06:01:08.364 | INFO     | __main__:<module>:221 - Current coverage after fuzzing torch.ldexp_: 108594 bits
2025-10-23 06:01:08.364 | INFO     | __main__:<module>:226 - Dyfuzz done torch
2025-10-23 06:01:08.364 | INFO     | __main__:<module>:200 - DyFuzz test paddle
2025-10-23 06:01:08.364 | INFO     | __main__:<module>:203 - paddle has 17 apis
2025-10-23 06:01:08.364 | INFO     | __main__:<module>:211 - DyFuzz paddle gammaln 2
2025-10-23 06:01:08.365 | DEBUG    | __main__:<module>:218 - paddle.gammaln has 2 params, run 100 times
2025-10-23 06:01:18.683 | INFO     | __main__:<module>:220 - Fuzz paddle.gammaln 2 done
2025-10-23 06:01:18.684 | INFO     | __main__:<module>:221 - Current coverage after fuzzing paddle.gammaln: 108594 bits
2025-10-23 06:01:18.684 | INFO     | __main__:<module>:211 - DyFuzz paddle square 2
2025-10-23 06:01:18.684 | DEBUG    | __main__:<module>:218 - paddle.square has 2 params, run 100 times
2025-10-23 06:01:29.075 | INFO     | __main__:<module>:220 - Fuzz paddle.square 2 done
2025-10-23 06:01:29.076 | INFO     | __main__:<module>:221 - Current coverage after fuzzing paddle.square: 108594 bits
2025-10-23 06:01:29.076 | INFO     | __main__:<module>:211 - DyFuzz paddle get_default_dtype 0
2025-10-23 06:01:29.076 | DEBUG    | __main__:<module>:213 - paddle.get_default_dtype has 0 params, run once
2025-10-23 06:01:29.187 | INFO     | __main__:<module>:220 - Fuzz paddle.get_default_dtype 0 done
2025-10-23 06:01:29.188 | INFO     | __main__:<module>:221 - Current coverage after fuzzing paddle.get_default_dtype: 108594 bits
2025-10-23 06:01:29.188 | INFO     | __main__:<module>:211 - DyFuzz paddle _logical_xor 4
2025-10-23 06:01:29.188 | DEBUG    | __main__:<module>:218 - paddle._logical_xor has 4 params, run 100 times
2025-10-23 06:01:39.360 | INFO     | __main__:<module>:220 - Fuzz paddle._logical_xor 4 done
2025-10-23 06:01:39.361 | INFO     | __main__:<module>:221 - Current coverage after fuzzing paddle._logical_xor: 108594 bits
2025-10-23 06:01:39.361 | INFO     | __main__:<module>:211 - DyFuzz paddle hypot 3
2025-10-23 06:01:39.361 | DEBUG    | __main__:<module>:218 - paddle.hypot has 3 params, run 100 times
2025-10-23 06:01:49.952 | INFO     | __main__:<module>:220 - Fuzz paddle.hypot 3 done
2025-10-23 06:01:49.953 | INFO     | __main__:<module>:221 - Current coverage after fuzzing paddle.hypot: 108594 bits
2025-10-23 06:01:49.953 | INFO     | __main__:<module>:211 - DyFuzz paddle linspace 5
2025-10-23 06:01:49.953 | DEBUG    | __main__:<module>:218 - paddle.linspace has 5 params, run 100 times
2025-10-23 06:02:00.078 | INFO     | __main__:<module>:220 - Fuzz paddle.linspace 5 done
2025-10-23 06:02:00.079 | INFO     | __main__:<module>:221 - Current coverage after fuzzing paddle.linspace: 108594 bits
2025-10-23 06:02:00.079 | INFO     | __main__:<module>:211 - DyFuzz paddle as_complex 2
2025-10-23 06:02:00.079 | DEBUG    | __main__:<module>:218 - paddle.as_complex has 2 params, run 100 times
2025-10-23 06:02:10.502 | INFO     | __main__:<module>:220 - Fuzz paddle.as_complex 2 done
2025-10-23 06:02:10.502 | INFO     | __main__:<module>:221 - Current coverage after fuzzing paddle.as_complex: 108594 bits
2025-10-23 06:02:10.503 | INFO     | __main__:<module>:211 - DyFuzz paddle masked_fill_ 4
2025-10-23 06:02:10.503 | DEBUG    | __main__:<module>:218 - paddle.masked_fill_ has 4 params, run 100 times
2025-10-23 06:02:20.852 | INFO     | __main__:<module>:220 - Fuzz paddle.masked_fill_ 4 done
2025-10-23 06:02:20.853 | INFO     | __main__:<module>:221 - Current coverage after fuzzing paddle.masked_fill_: 108594 bits
2025-10-23 06:02:20.853 | INFO     | __main__:<module>:211 - DyFuzz paddle divide_ 4
2025-10-23 06:02:20.853 | DEBUG    | __main__:<module>:218 - paddle.divide_ has 4 params, run 100 times
2025-10-23 06:02:31.231 | INFO     | __main__:<module>:220 - Fuzz paddle.divide_ 4 done
2025-10-23 06:02:31.232 | INFO     | __main__:<module>:221 - Current coverage after fuzzing paddle.divide_: 108594 bits
2025-10-23 06:02:31.233 | INFO     | __main__:<module>:211 - DyFuzz paddle bitwise_or 4
2025-10-23 06:02:31.233 | DEBUG    | __main__:<module>:218 - paddle.bitwise_or has 4 params, run 100 times
2025-10-23 06:02:41.617 | INFO     | __main__:<module>:220 - Fuzz paddle.bitwise_or 4 done
2025-10-23 06:02:41.618 | INFO     | __main__:<module>:221 - Current coverage after fuzzing paddle.bitwise_or: 108594 bits
2025-10-23 06:02:41.619 | INFO     | __main__:<module>:211 - DyFuzz paddle rad2deg 2
2025-10-23 06:02:41.619 | DEBUG    | __main__:<module>:218 - paddle.rad2deg has 2 params, run 100 times
2025-10-23 06:02:51.997 | INFO     | __main__:<module>:220 - Fuzz paddle.rad2deg 2 done
2025-10-23 06:02:51.998 | INFO     | __main__:<module>:221 - Current coverage after fuzzing paddle.rad2deg: 108594 bits
2025-10-23 06:02:51.998 | INFO     | __main__:<module>:211 - DyFuzz paddle tril_ 3
2025-10-23 06:02:51.998 | DEBUG    | __main__:<module>:218 - paddle.tril_ has 3 params, run 100 times
2025-10-23 06:03:02.593 | INFO     | __main__:<module>:220 - Fuzz paddle.tril_ 3 done
2025-10-23 06:03:02.594 | INFO     | __main__:<module>:221 - Current coverage after fuzzing paddle.tril_: 108594 bits
2025-10-23 06:03:02.594 | INFO     | __main__:<module>:211 - DyFuzz paddle not_equal 3
2025-10-23 06:03:02.594 | DEBUG    | __main__:<module>:218 - paddle.not_equal has 3 params, run 100 times
2025-10-23 06:03:13.424 | INFO     | __main__:<module>:220 - Fuzz paddle.not_equal 3 done
2025-10-23 06:03:13.425 | INFO     | __main__:<module>:221 - Current coverage after fuzzing paddle.not_equal: 108594 bits
2025-10-23 06:03:13.425 | INFO     | __main__:<module>:211 - DyFuzz paddle poisson 2
2025-10-23 06:03:13.425 | DEBUG    | __main__:<module>:218 - paddle.poisson has 2 params, run 100 times
2025-10-23 06:03:24.148 | INFO     | __main__:<module>:220 - Fuzz paddle.poisson 2 done
2025-10-23 06:03:24.149 | INFO     | __main__:<module>:221 - Current coverage after fuzzing paddle.poisson: 108594 bits
2025-10-23 06:03:24.149 | INFO     | __main__:<module>:211 - DyFuzz paddle softmax 4
2025-10-23 06:03:24.149 | DEBUG    | __main__:<module>:218 - paddle.softmax has 4 params, run 100 times
2025-10-23 06:03:34.723 | INFO     | __main__:<module>:220 - Fuzz paddle.softmax 4 done
2025-10-23 06:03:34.724 | INFO     | __main__:<module>:221 - Current coverage after fuzzing paddle.softmax: 108594 bits
2025-10-23 06:03:34.724 | INFO     | __main__:<module>:211 - DyFuzz paddle binomial 3
2025-10-23 06:03:34.724 | DEBUG    | __main__:<module>:218 - paddle.binomial has 3 params, run 100 times
2025-10-23 06:03:45.134 | INFO     | __main__:<module>:220 - Fuzz paddle.binomial 3 done
2025-10-23 06:03:45.135 | INFO     | __main__:<module>:221 - Current coverage after fuzzing paddle.binomial: 108594 bits
2025-10-23 06:03:45.135 | INFO     | __main__:<module>:211 - DyFuzz paddle log10_ 2
2025-10-23 06:03:45.135 | DEBUG    | __main__:<module>:218 - paddle.log10_ has 2 params, run 100 times
2025-10-23 06:03:55.821 | INFO     | __main__:<module>:220 - Fuzz paddle.log10_ 2 done
2025-10-23 06:03:55.823 | INFO     | __main__:<module>:221 - Current coverage after fuzzing paddle.log10_: 108594 bits
2025-10-23 06:03:55.823 | INFO     | __main__:<module>:226 - Dyfuzz done paddle
